
Debug/keypad:     file format elf32-littlearm


Disassembly of section .text:

20000000 <startup>:
 
__attribute__((naked)) 
__attribute__((section (".start_section")) )

void startup ( void ) {
__asm__ volatile(" LDR R0,=0x2001C000\n");		/* set stack */
20000000:	4802      	ldr	r0, [pc, #8]	; (2000000c <startup+0xc>)
__asm__ volatile(" MOV SP,R0\n");
20000002:	4685      	mov	sp, r0
__asm__ volatile(" BL main\n");					/* call main */
20000004:	f000 f8e4 	bl	200001d0 <main>
__asm__ volatile(".L1: B .L1\n");				/* never return */
20000008:	e7fe      	b.n	20000008 <startup+0x8>
}
2000000a:	46c0      	nop			; (mov r8, r8)
2000000c:	2001c000 	andcs	ip, r1, r0

20000010 <kbdActivate>:

void kbdActivate(unsigned int row){
20000010:	b580      	push	{r7, lr}
20000012:	b082      	sub	sp, #8
20000014:	af00      	add	r7, sp, #0
20000016:	6078      	str	r0, [r7, #4]
20000018:	687b      	ldr	r3, [r7, #4]
2000001a:	2b04      	cmp	r3, #4
2000001c:	d819      	bhi.n	20000052 <kbdActivate+0x42>
2000001e:	687b      	ldr	r3, [r7, #4]
20000020:	009a      	lsls	r2, r3, #2
20000022:	4b0e      	ldr	r3, [pc, #56]	; (2000005c <kbdActivate+0x4c>)
20000024:	18d3      	adds	r3, r2, r3
20000026:	681b      	ldr	r3, [r3, #0]
20000028:	469f      	mov	pc, r3
/*aktivera angiven rad hos tangentbordet, eller deaktivera samtliga*/
switch( row ){
	case 1: *GPIO_ODR_HIGH = 0x10; break;
2000002a:	4b0d      	ldr	r3, [pc, #52]	; (20000060 <kbdActivate+0x50>)
2000002c:	2210      	movs	r2, #16
2000002e:	701a      	strb	r2, [r3, #0]
20000030:	e00f      	b.n	20000052 <kbdActivate+0x42>
	case 2: *GPIO_ODR_HIGH = 0x20; break;
20000032:	4b0b      	ldr	r3, [pc, #44]	; (20000060 <kbdActivate+0x50>)
20000034:	2220      	movs	r2, #32
20000036:	701a      	strb	r2, [r3, #0]
20000038:	e00b      	b.n	20000052 <kbdActivate+0x42>
	case 3: *GPIO_ODR_HIGH = 0x40; break;
2000003a:	4b09      	ldr	r3, [pc, #36]	; (20000060 <kbdActivate+0x50>)
2000003c:	2240      	movs	r2, #64	; 0x40
2000003e:	701a      	strb	r2, [r3, #0]
20000040:	e007      	b.n	20000052 <kbdActivate+0x42>
	case 4: *GPIO_ODR_HIGH = 0x80; break;
20000042:	4b07      	ldr	r3, [pc, #28]	; (20000060 <kbdActivate+0x50>)
20000044:	2280      	movs	r2, #128	; 0x80
20000046:	701a      	strb	r2, [r3, #0]
20000048:	e003      	b.n	20000052 <kbdActivate+0x42>
	case 0: *GPIO_ODR_HIGH = 0x00; break;
2000004a:	4b05      	ldr	r3, [pc, #20]	; (20000060 <kbdActivate+0x50>)
2000004c:	2200      	movs	r2, #0
2000004e:	701a      	strb	r2, [r3, #0]
20000050:	46c0      	nop			; (mov r8, r8)
}
}
20000052:	46c0      	nop			; (mov r8, r8)
20000054:	46bd      	mov	sp, r7
20000056:	b002      	add	sp, #8
20000058:	bd80      	pop	{r7, pc}
2000005a:	46c0      	nop			; (mov r8, r8)
2000005c:	200001e8 	andcs	r0, r0, r8, ror #3
20000060:	40020c15 	andmi	r0, r2, r5, lsl ip

20000064 <kbdGetCol>:

int kbdGetCol (void) {
20000064:	b580      	push	{r7, lr}
20000066:	b082      	sub	sp, #8
20000068:	af00      	add	r7, sp, #0
	unsigned char c;
	c = *GPIO_IDR_HIGH;
2000006a:	4a12      	ldr	r2, [pc, #72]	; (200000b4 <kbdGetCol+0x50>)
2000006c:	1dfb      	adds	r3, r7, #7
2000006e:	7812      	ldrb	r2, [r2, #0]
20000070:	701a      	strb	r2, [r3, #0]
	if (c & 0x8) return 4;
20000072:	1dfb      	adds	r3, r7, #7
20000074:	781b      	ldrb	r3, [r3, #0]
20000076:	2208      	movs	r2, #8
20000078:	4013      	ands	r3, r2
2000007a:	d001      	beq.n	20000080 <kbdGetCol+0x1c>
2000007c:	2304      	movs	r3, #4
2000007e:	e015      	b.n	200000ac <kbdGetCol+0x48>
	if (c & 0x4) return 3;
20000080:	1dfb      	adds	r3, r7, #7
20000082:	781b      	ldrb	r3, [r3, #0]
20000084:	2204      	movs	r2, #4
20000086:	4013      	ands	r3, r2
20000088:	d001      	beq.n	2000008e <kbdGetCol+0x2a>
2000008a:	2303      	movs	r3, #3
2000008c:	e00e      	b.n	200000ac <kbdGetCol+0x48>
	if (c & 0x2) return 2;
2000008e:	1dfb      	adds	r3, r7, #7
20000090:	781b      	ldrb	r3, [r3, #0]
20000092:	2202      	movs	r2, #2
20000094:	4013      	ands	r3, r2
20000096:	d001      	beq.n	2000009c <kbdGetCol+0x38>
20000098:	2302      	movs	r3, #2
2000009a:	e007      	b.n	200000ac <kbdGetCol+0x48>
	if (c & 0x1) return 1;
2000009c:	1dfb      	adds	r3, r7, #7
2000009e:	781b      	ldrb	r3, [r3, #0]
200000a0:	2201      	movs	r2, #1
200000a2:	4013      	ands	r3, r2
200000a4:	d001      	beq.n	200000aa <kbdGetCol+0x46>
200000a6:	2301      	movs	r3, #1
200000a8:	e000      	b.n	200000ac <kbdGetCol+0x48>
	return 0;
200000aa:	2300      	movs	r3, #0
}
200000ac:	0018      	movs	r0, r3
200000ae:	46bd      	mov	sp, r7
200000b0:	b002      	add	sp, #8
200000b2:	bd80      	pop	{r7, pc}
200000b4:	40020c11 	andmi	r0, r2, r1, lsl ip

200000b8 <app_init>:

void app_init(void){
200000b8:	b580      	push	{r7, lr}
200000ba:	af00      	add	r7, sp, #0

	*GPIO_MODER = 0x55005555;
200000bc:	4b02      	ldr	r3, [pc, #8]	; (200000c8 <app_init+0x10>)
200000be:	4a03      	ldr	r2, [pc, #12]	; (200000cc <app_init+0x14>)
200000c0:	601a      	str	r2, [r3, #0]

}
200000c2:	46c0      	nop			; (mov r8, r8)
200000c4:	46bd      	mov	sp, r7
200000c6:	bd80      	pop	{r7, pc}
200000c8:	40020c00 	andmi	r0, r2, r0, lsl #24
200000cc:	55005555 	strpl	r5, [r0, #-1365]	; 0xfffffaab

200000d0 <keyb>:

unsigned char keyb (void) {
200000d0:	b590      	push	{r4, r7, lr}
200000d2:	b087      	sub	sp, #28
200000d4:	af00      	add	r7, sp, #0
	unsigned char key[] = {1,2,3,0xA,4,5,6,0xB,7,8,9,0xC,0xE,0,0xF,0xD};
200000d6:	003b      	movs	r3, r7
200000d8:	4a16      	ldr	r2, [pc, #88]	; (20000134 <keyb+0x64>)
200000da:	ca13      	ldmia	r2!, {r0, r1, r4}
200000dc:	c313      	stmia	r3!, {r0, r1, r4}
200000de:	6812      	ldr	r2, [r2, #0]
200000e0:	601a      	str	r2, [r3, #0]
	int row, col;
	for (row=1; row <= 4; row++) {
200000e2:	2301      	movs	r3, #1
200000e4:	617b      	str	r3, [r7, #20]
200000e6:	e019      	b.n	2000011c <keyb+0x4c>
		kbdActivate( row );
200000e8:	697b      	ldr	r3, [r7, #20]
200000ea:	0018      	movs	r0, r3
200000ec:	f7ff ff90 	bl	20000010 <kbdActivate>
		if ((col = kbdGetCol ())) {
200000f0:	f7ff ffb8 	bl	20000064 <kbdGetCol>
200000f4:	0003      	movs	r3, r0
200000f6:	613b      	str	r3, [r7, #16]
200000f8:	693b      	ldr	r3, [r7, #16]
200000fa:	2b00      	cmp	r3, #0
200000fc:	d00b      	beq.n	20000116 <keyb+0x46>
			kbdActivate (0);
200000fe:	2000      	movs	r0, #0
20000100:	f7ff ff86 	bl	20000010 <kbdActivate>
			return key [4*(row-1)+(col-1)];
20000104:	697b      	ldr	r3, [r7, #20]
20000106:	3b01      	subs	r3, #1
20000108:	009a      	lsls	r2, r3, #2
2000010a:	693b      	ldr	r3, [r7, #16]
2000010c:	3b01      	subs	r3, #1
2000010e:	18d3      	adds	r3, r2, r3
20000110:	003a      	movs	r2, r7
20000112:	5cd3      	ldrb	r3, [r2, r3]
20000114:	e009      	b.n	2000012a <keyb+0x5a>
	for (row=1; row <= 4; row++) {
20000116:	697b      	ldr	r3, [r7, #20]
20000118:	3301      	adds	r3, #1
2000011a:	617b      	str	r3, [r7, #20]
2000011c:	697b      	ldr	r3, [r7, #20]
2000011e:	2b04      	cmp	r3, #4
20000120:	dde2      	ble.n	200000e8 <keyb+0x18>
		}
	}
	kbdActivate(0);
20000122:	2000      	movs	r0, #0
20000124:	f7ff ff74 	bl	20000010 <kbdActivate>
	return 0xFF;
20000128:	23ff      	movs	r3, #255	; 0xff
}
2000012a:	0018      	movs	r0, r3
2000012c:	46bd      	mov	sp, r7
2000012e:	b007      	add	sp, #28
20000130:	bd90      	pop	{r4, r7, pc}
20000132:	46c0      	nop			; (mov r8, r8)
20000134:	200001fc 	strdcs	r0, [r0], -ip

20000138 <out7seg>:

void out7seg (unsigned char c) {
20000138:	b580      	push	{r7, lr}
2000013a:	b084      	sub	sp, #16
2000013c:	af00      	add	r7, sp, #0
2000013e:	0002      	movs	r2, r0
20000140:	1dfb      	adds	r3, r7, #7
20000142:	701a      	strb	r2, [r3, #0]
	int output;
	switch (c) {
20000144:	1dfb      	adds	r3, r7, #7
20000146:	781b      	ldrb	r3, [r3, #0]
20000148:	2b0f      	cmp	r3, #15
2000014a:	d834      	bhi.n	200001b6 <out7seg+0x7e>
2000014c:	009a      	lsls	r2, r3, #2
2000014e:	4b1e      	ldr	r3, [pc, #120]	; (200001c8 <out7seg+0x90>)
20000150:	18d3      	adds	r3, r2, r3
20000152:	681b      	ldr	r3, [r3, #0]
20000154:	469f      	mov	pc, r3
		case 0: output = 0x3F;
20000156:	233f      	movs	r3, #63	; 0x3f
20000158:	60fb      	str	r3, [r7, #12]
		break;
2000015a:	e02c      	b.n	200001b6 <out7seg+0x7e>
		case 1: output = 0x30;
2000015c:	2330      	movs	r3, #48	; 0x30
2000015e:	60fb      	str	r3, [r7, #12]
		break;
20000160:	e029      	b.n	200001b6 <out7seg+0x7e>
		case 2: output = 0x5B;
20000162:	235b      	movs	r3, #91	; 0x5b
20000164:	60fb      	str	r3, [r7, #12]
		break;
20000166:	e026      	b.n	200001b6 <out7seg+0x7e>
		case 3: output = 0x4F;
20000168:	234f      	movs	r3, #79	; 0x4f
2000016a:	60fb      	str	r3, [r7, #12]
		break;
2000016c:	e023      	b.n	200001b6 <out7seg+0x7e>
		case 4: output = 0x66;
2000016e:	2366      	movs	r3, #102	; 0x66
20000170:	60fb      	str	r3, [r7, #12]
		break;
20000172:	e020      	b.n	200001b6 <out7seg+0x7e>
		case 5: output = 0x6D;
20000174:	236d      	movs	r3, #109	; 0x6d
20000176:	60fb      	str	r3, [r7, #12]
		break;
20000178:	e01d      	b.n	200001b6 <out7seg+0x7e>
		case 6: output = 0x7D;
2000017a:	237d      	movs	r3, #125	; 0x7d
2000017c:	60fb      	str	r3, [r7, #12]
		break;
2000017e:	e01a      	b.n	200001b6 <out7seg+0x7e>
		case 7: output = 0x03;
20000180:	2303      	movs	r3, #3
20000182:	60fb      	str	r3, [r7, #12]
		break;
20000184:	e017      	b.n	200001b6 <out7seg+0x7e>
		case 8: output = 0x7F;
20000186:	237f      	movs	r3, #127	; 0x7f
20000188:	60fb      	str	r3, [r7, #12]
		break;
2000018a:	e014      	b.n	200001b6 <out7seg+0x7e>
		case 9: output = 0x6F;
2000018c:	236f      	movs	r3, #111	; 0x6f
2000018e:	60fb      	str	r3, [r7, #12]
		break;
20000190:	e011      	b.n	200001b6 <out7seg+0x7e>
		case 0xA: output = 0x77;
20000192:	2377      	movs	r3, #119	; 0x77
20000194:	60fb      	str	r3, [r7, #12]
		break;
20000196:	e00e      	b.n	200001b6 <out7seg+0x7e>
		case 0xB: output = 0x7C;
20000198:	237c      	movs	r3, #124	; 0x7c
2000019a:	60fb      	str	r3, [r7, #12]
		break;
2000019c:	e00b      	b.n	200001b6 <out7seg+0x7e>
		case 0xC: output = 0x38;
2000019e:	2338      	movs	r3, #56	; 0x38
200001a0:	60fb      	str	r3, [r7, #12]
		break;
200001a2:	e008      	b.n	200001b6 <out7seg+0x7e>
		case 0xE: output = 0x79;
200001a4:	2379      	movs	r3, #121	; 0x79
200001a6:	60fb      	str	r3, [r7, #12]
		break;
200001a8:	e005      	b.n	200001b6 <out7seg+0x7e>
		case 0xF: output = 0x71;
200001aa:	2371      	movs	r3, #113	; 0x71
200001ac:	60fb      	str	r3, [r7, #12]
		break;
200001ae:	e002      	b.n	200001b6 <out7seg+0x7e>
		case 0xD: output = 0x5E;
200001b0:	235e      	movs	r3, #94	; 0x5e
200001b2:	60fb      	str	r3, [r7, #12]
		break;
200001b4:	46c0      	nop			; (mov r8, r8)
	}
	*GPIO_ODR_LOW = output;	
200001b6:	4b05      	ldr	r3, [pc, #20]	; (200001cc <out7seg+0x94>)
200001b8:	68fa      	ldr	r2, [r7, #12]
200001ba:	b2d2      	uxtb	r2, r2
200001bc:	701a      	strb	r2, [r3, #0]
}
200001be:	46c0      	nop			; (mov r8, r8)
200001c0:	46bd      	mov	sp, r7
200001c2:	b004      	add	sp, #16
200001c4:	bd80      	pop	{r7, pc}
200001c6:	46c0      	nop			; (mov r8, r8)
200001c8:	2000020c 	andcs	r0, r0, ip, lsl #4
200001cc:	40020c14 	andmi	r0, r2, r4, lsl ip

200001d0 <main>:

void main (void) {
200001d0:	b580      	push	{r7, lr}
200001d2:	af00      	add	r7, sp, #0
	unsigned char c;
	
	app_init();
200001d4:	f7ff ff70 	bl	200000b8 <app_init>
	
	while(1) {
		out7seg(keyb());
200001d8:	f7ff ff7a 	bl	200000d0 <keyb>
200001dc:	0003      	movs	r3, r0
200001de:	0018      	movs	r0, r3
200001e0:	f7ff ffaa 	bl	20000138 <out7seg>
200001e4:	e7f8      	b.n	200001d8 <main+0x8>
200001e6:	46c0      	nop			; (mov r8, r8)
200001e8:	2000004a 	andcs	r0, r0, sl, asr #32
200001ec:	2000002a 	andcs	r0, r0, sl, lsr #32
200001f0:	20000032 	andcs	r0, r0, r2, lsr r0
200001f4:	2000003a 	andcs	r0, r0, sl, lsr r0
200001f8:	20000042 	andcs	r0, r0, r2, asr #32
200001fc:	0a030201 	beq	200c0a08 <main+0xc0838>
20000200:	0b060504 	bleq	20181618 <main+0x181448>
20000204:	0c090807 	stceq	8, cr0, [r9], {7}
20000208:	0d0f000e 	stceq	0, cr0, [pc, #-56]	; 200001d8 <main+0x8>
2000020c:	20000156 	andcs	r0, r0, r6, asr r1
20000210:	2000015c 	andcs	r0, r0, ip, asr r1
20000214:	20000162 	andcs	r0, r0, r2, ror #2
20000218:	20000168 	andcs	r0, r0, r8, ror #2
2000021c:	2000016e 	andcs	r0, r0, lr, ror #2
20000220:	20000174 	andcs	r0, r0, r4, ror r1
20000224:	2000017a 	andcs	r0, r0, sl, ror r1
20000228:	20000180 	andcs	r0, r0, r0, lsl #3
2000022c:	20000186 	andcs	r0, r0, r6, lsl #3
20000230:	2000018c 	andcs	r0, r0, ip, lsl #3
20000234:	20000192 	mulcs	r0, r2, r1
20000238:	20000198 	mulcs	r0, r8, r1
2000023c:	2000019e 	mulcs	r0, lr, r1
20000240:	200001b0 			; <UNDEFINED> instruction: 0x200001b0
20000244:	200001a4 	andcs	r0, r0, r4, lsr #3
20000248:	200001aa 	andcs	r0, r0, sl, lsr #3

Disassembly of section .debug_info:

00000000 <.debug_info>:
   0:	00000a28 	andeq	r0, r0, r8, lsr #20
   4:	00000004 	andeq	r0, r0, r4
   8:	01040000 	mrseq	r0, (UNDEF: 4)
   c:	00000451 	andeq	r0, r0, r1, asr r4
  10:	0003e00c 	andeq	lr, r3, ip
  14:	0002c400 	andeq	ip, r2, r0, lsl #8
	...
  24:	06010200 	streq	r0, [r1], -r0, lsl #4
  28:	00000289 	andeq	r0, r0, r9, lsl #5
  2c:	87080102 	strhi	r0, [r8, -r2, lsl #2]
  30:	02000002 	andeq	r0, r0, #2
  34:	02a30502 	adceq	r0, r3, #8388608	; 0x800000
  38:	02020000 	andeq	r0, r2, #0
  3c:	0001b007 	andeq	fp, r1, r7
  40:	05040200 	streq	r0, [r4, #-512]	; 0xfffffe00
  44:	00000093 	muleq	r0, r3, r0
  48:	50070402 	andpl	r0, r7, r2, lsl #8
  4c:	02000000 	andeq	r0, r0, #0
  50:	008e0508 	addeq	r0, lr, r8, lsl #10
  54:	08020000 	stmdaeq	r2, {}	; <UNPREDICTABLE>
  58:	00004b07 	andeq	r4, r0, r7, lsl #22
  5c:	05040300 	streq	r0, [r4, #-768]	; 0xfffffd00
  60:	00746e69 	rsbseq	r6, r4, r9, ror #28
  64:	55070402 	strpl	r0, [r7, #-1026]	; 0xfffffbfe
  68:	04000000 	streq	r0, [r0], #-0
  6c:	01f30504 	mvnseq	r0, r4, lsl #10
  70:	22020000 	andcs	r0, r2, #0
  74:	00007919 	andeq	r7, r0, r9, lsl r9
  78:	7f040600 	svcvc	0x00040600
  7c:	07000000 	streq	r0, [r0, -r0]
  80:	0000037c 	andeq	r0, r0, ip, ror r3
  84:	00026805 	andeq	r6, r2, r5, lsl #16
  88:	0e2c0300 	cdpeq	3, 2, cr0, cr12, cr0, {0}
  8c:	00000041 	andeq	r0, r0, r1, asr #32
  90:	00039105 	andeq	r9, r3, r5, lsl #2
  94:	0e720300 	cdpeq	3, 7, cr0, cr2, cr0, {0}
  98:	00000041 	andeq	r0, r0, r1, asr #32
  9c:	0001fb08 	andeq	pc, r1, r8, lsl #22
  a0:	015e0400 	cmpeq	lr, r0, lsl #8
  a4:	00006417 	andeq	r6, r0, r7, lsl r4
  a8:	03040900 	movweq	r0, #18688	; 0x4900
  ac:	00cb03a6 	sbceq	r0, fp, r6, lsr #7
  b0:	ed0a0000 	stc	0, cr0, [sl, #-0]
  b4:	03000001 	movweq	r0, #1
  b8:	009c0ca8 	addseq	r0, ip, r8, lsr #25
  bc:	840a0000 	strhi	r0, [sl], #-0
  c0:	03000001 	movweq	r0, #1
  c4:	00cb13a9 	sbceq	r1, fp, r9, lsr #7
  c8:	0b000000 	bleq	d0 <startup-0x1fffff30>
  cc:	0000002c 	andeq	r0, r0, ip, lsr #32
  d0:	000000db 	ldrdeq	r0, [r0], -fp
  d4:	0000640c 	andeq	r6, r0, ip, lsl #8
  d8:	0d000300 	stceq	3, cr0, [r0, #-0]
  dc:	09a30308 	stmibeq	r3!, {r3, r8, r9}
  e0:	000000ff 	strdeq	r0, [r0], -pc	; <UNPREDICTABLE>
  e4:	0003740e 	andeq	r7, r3, lr, lsl #8
  e8:	07a50300 	streq	r0, [r5, r0, lsl #6]!
  ec:	0000005d 	andeq	r0, r0, sp, asr r0
  f0:	03830e00 	orreq	r0, r3, #0, 28
  f4:	aa030000 	bge	c00fc <startup-0x1ff3ff04>
  f8:	0000a905 	andeq	sl, r0, r5, lsl #18
  fc:	05000400 	streq	r0, [r0, #-1024]	; 0xfffffc00
 100:	000002f6 	strdeq	r0, [r0], -r6
 104:	db03ab03 	blle	ead18 <startup-0x1ff152e8>
 108:	05000000 	streq	r0, [r0, #-0]
 10c:	00000147 	andeq	r0, r0, r7, asr #2
 110:	6d1baf03 	ldcvs	15, cr10, [fp, #-12]
 114:	05000000 	streq	r0, [r0, #-0]
 118:	000003cb 	andeq	r0, r0, fp, asr #7
 11c:	48191605 	ldmdami	r9, {r0, r2, r9, sl, ip}
 120:	0f000000 	svceq	0x00000000
 124:	00000158 	andeq	r0, r0, r8, asr r1
 128:	082f0518 	stmdaeq	pc!, {r3, r4, r8, sl}	; <UNPREDICTABLE>
 12c:	0000017d 	andeq	r0, r0, sp, ror r1
 130:	0003170e 	andeq	r1, r3, lr, lsl #14
 134:	13310500 	teqne	r1, #0, 10
 138:	0000017d 	andeq	r0, r0, sp, ror r1
 13c:	6b5f1000 	blvs	17c4144 <startup-0x1e83bebc>
 140:	07320500 	ldreq	r0, [r2, -r0, lsl #10]!
 144:	0000005d 	andeq	r0, r0, sp, asr r0
 148:	035f0e04 	cmpeq	pc, #4, 28	; 0x40
 14c:	32050000 	andcc	r0, r5, #0
 150:	00005d0b 	andeq	r5, r0, fp, lsl #26
 154:	410e0800 	tstmi	lr, r0, lsl #16
 158:	05000001 	streq	r0, [r0, #-1]
 15c:	005d1432 	subseq	r1, sp, r2, lsr r4
 160:	0e0c0000 	cdpeq	0, 0, cr0, cr12, cr0, {0}
 164:	0000043c 	andeq	r0, r0, ip, lsr r4
 168:	5d1b3205 	lfmpl	f3, 4, [fp, #-20]	; 0xffffffec
 16c:	10000000 	andne	r0, r0, r0
 170:	00785f10 	rsbseq	r5, r8, r0, lsl pc
 174:	830b3305 	movwhi	r3, #45829	; 0xb305
 178:	14000001 	strne	r0, [r0], #-1
 17c:	23040600 	movwcs	r0, #17920	; 0x4600
 180:	0b000001 	bleq	18c <startup-0x1ffffe74>
 184:	00000117 	andeq	r0, r0, r7, lsl r1
 188:	00000193 	muleq	r0, r3, r1
 18c:	0000640c 	andeq	r6, r0, ip, lsl #8
 190:	0f000000 	svceq	0x00000000
 194:	0000017f 	andeq	r0, r0, pc, ror r1
 198:	08370524 	ldmdaeq	r7!, {r2, r5, r8, sl}
 19c:	00000216 	andeq	r0, r0, r6, lsl r2
 1a0:	0000850e 	andeq	r8, r0, lr, lsl #10
 1a4:	09390500 	ldmdbeq	r9!, {r8, sl}
 1a8:	0000005d 	andeq	r0, r0, sp, asr r0
 1ac:	03990e00 	orrseq	r0, r9, #0, 28
 1b0:	3a050000 	bcc	1401b8 <startup-0x1febfe48>
 1b4:	00005d09 	andeq	r5, r0, r9, lsl #26
 1b8:	b20e0400 	andlt	r0, lr, #0, 8
 1bc:	05000000 	streq	r0, [r0, #-0]
 1c0:	005d093b 	subseq	r0, sp, fp, lsr r9
 1c4:	0e080000 	cdpeq	0, 0, cr0, cr8, cr0, {0}
 1c8:	0000052d 	andeq	r0, r0, sp, lsr #10
 1cc:	5d093c05 	stcpl	12, cr3, [r9, #-20]	; 0xffffffec
 1d0:	0c000000 	stceq	0, cr0, [r0], {-0}
 1d4:	0002400e 	andeq	r4, r2, lr
 1d8:	093d0500 	ldmdbeq	sp!, {r8, sl}
 1dc:	0000005d 	andeq	r0, r0, sp, asr r0
 1e0:	021a0e10 	andseq	r0, sl, #16, 28	; 0x100
 1e4:	3e050000 	cdpcc	0, 0, cr0, cr5, cr0, {0}
 1e8:	00005d09 	andeq	r5, r0, r9, lsl #26
 1ec:	410e1400 	tstmi	lr, r0, lsl #8
 1f0:	05000004 	streq	r0, [r0, #-4]
 1f4:	005d093f 	subseq	r0, sp, pc, lsr r9
 1f8:	0e180000 	cdpeq	0, 1, cr0, cr8, cr0, {0}
 1fc:	000002ad 	andeq	r0, r0, sp, lsr #5
 200:	5d094005 	stcpl	0, cr4, [r9, #-20]	; 0xffffffec
 204:	1c000000 	stcne	0, cr0, [r0], {-0}
 208:	0004ef0e 	andeq	lr, r4, lr, lsl #30
 20c:	09410500 	stmdbeq	r1, {r8, sl}^
 210:	0000005d 	andeq	r0, r0, sp, asr r0
 214:	c1110020 	tstgt	r1, r0, lsr #32
 218:	08000000 	stmdaeq	r0, {}	; <UNPREDICTABLE>
 21c:	084a0501 	stmdaeq	sl, {r0, r8, sl}^
 220:	0000025b 	andeq	r0, r0, fp, asr r2
 224:	0001340e 	andeq	r3, r1, lr, lsl #8
 228:	0a4b0500 	beq	12c1630 <startup-0x1ed3e9d0>
 22c:	0000025b 	andeq	r0, r0, fp, asr r2
 230:	00000e00 	andeq	r0, r0, r0, lsl #28
 234:	4c050000 	stcmi	0, cr0, [r5], {-0}
 238:	00025b09 	andeq	r5, r2, r9, lsl #22
 23c:	bd128000 	ldclt	0, cr8, [r2, #-0]
 240:	05000003 	streq	r0, [r0, #-3]
 244:	01170a4e 	tsteq	r7, lr, asr #20
 248:	01000000 	mrseq	r0, (UNDEF: 0)
 24c:	0000e612 	andeq	lr, r0, r2, lsl r6
 250:	0a510500 	beq	1441658 <startup-0x1ebbe9a8>
 254:	00000117 	andeq	r0, r0, r7, lsl r1
 258:	0b000104 	bleq	670 <startup-0x1ffff990>
 25c:	0000006b 	andeq	r0, r0, fp, rrx
 260:	0000026b 	andeq	r0, r0, fp, ror #4
 264:	0000640c 	andeq	r6, r0, ip, lsl #8
 268:	11001f00 	tstne	r0, r0, lsl #30
 26c:	00000255 	andeq	r0, r0, r5, asr r2
 270:	5d050190 	stfpls	f0, [r5, #-576]	; 0xfffffdc0
 274:	0002ae08 	andeq	sl, r2, r8, lsl #28
 278:	03170e00 	tsteq	r7, #0, 28
 27c:	5e050000 	cdppl	0, 0, cr0, cr5, cr0, {0}
 280:	0002ae12 	andeq	sl, r2, r2, lsl lr
 284:	2f0e0000 	svccs	0x000e0000
 288:	05000003 	streq	r0, [r0, #-3]
 28c:	005d065f 	subseq	r0, sp, pc, asr r6
 290:	0e040000 	cdpeq	0, 0, cr0, cr4, cr0, {0}
 294:	0000013c 	andeq	r0, r0, ip, lsr r1
 298:	b4096105 	strlt	r6, [r9], #-261	; 0xfffffefb
 29c:	08000002 	stmdaeq	r0, {r1}
 2a0:	0000c10e 	andeq	ip, r0, lr, lsl #2
 2a4:	1e620500 	cdpne	5, 6, cr0, cr2, cr0, {0}
 2a8:	00000216 	andeq	r0, r0, r6, lsl r2
 2ac:	04060088 	streq	r0, [r6], #-136	; 0xffffff78
 2b0:	0000026b 	andeq	r0, r0, fp, ror #4
 2b4:	0002c40b 	andeq	ip, r2, fp, lsl #8
 2b8:	0002c400 	andeq	ip, r2, r0, lsl #8
 2bc:	00640c00 	rsbeq	r0, r4, r0, lsl #24
 2c0:	001f0000 	andseq	r0, pc, r0
 2c4:	02ca0406 	sbceq	r0, sl, #100663296	; 0x6000000
 2c8:	0f130000 	svceq	0x00130000
 2cc:	000002b7 			; <UNDEFINED> instruction: 0x000002b7
 2d0:	08750508 	ldmdaeq	r5!, {r3, r8, sl}^
 2d4:	000002f3 	strdeq	r0, [r0], -r3
 2d8:	0000ac0e 	andeq	sl, r0, lr, lsl #24
 2dc:	11760500 	cmnne	r6, r0, lsl #10
 2e0:	000002f3 	strdeq	r0, [r0], -r3
 2e4:	000c0e00 	andeq	r0, ip, r0, lsl #28
 2e8:	77050000 	strvc	r0, [r5, -r0]
 2ec:	00005d06 	andeq	r5, r0, r6, lsl #26
 2f0:	06000400 	streq	r0, [r0], -r0, lsl #8
 2f4:	00002c04 	andeq	r2, r0, r4, lsl #24
 2f8:	03010f00 	movweq	r0, #7936	; 0x1f00
 2fc:	05680000 	strbeq	r0, [r8, #-0]!
 300:	043c08b5 	ldrteq	r0, [ip], #-2229	; 0xfffff74b
 304:	5f100000 	svcpl	0x00100000
 308:	b6050070 			; <UNDEFINED> instruction: 0xb6050070
 30c:	0002f312 	andeq	pc, r2, r2, lsl r3	; <UNPREDICTABLE>
 310:	5f100000 	svcpl	0x00100000
 314:	b7050072 	smlsdxlt	r5, r2, r0, r0
 318:	00005d07 	andeq	r5, r0, r7, lsl #26
 31c:	5f100400 	svcpl	0x00100400
 320:	b8050077 	stmdalt	r5, {r0, r1, r2, r4, r5, r6}
 324:	00005d07 	andeq	r5, r0, r7, lsl #26
 328:	df0e0800 	svcle	0x000e0800
 32c:	05000000 	streq	r0, [r0, #-0]
 330:	003309b9 	ldrhteq	r0, [r3], -r9
 334:	0e0c0000 	cdpeq	0, 0, cr0, cr12, cr0, {0}
 338:	0000019b 	muleq	r0, fp, r1
 33c:	3309ba05 	movwcc	fp, #39429	; 0x9a05
 340:	0e000000 	cdpeq	0, 0, cr0, cr0, cr0, {0}
 344:	66625f10 	uqadd16vs	r5, r2, r0
 348:	11bb0500 			; <UNDEFINED> instruction: 0x11bb0500
 34c:	000002cb 	andeq	r0, r0, fp, asr #5
 350:	00620e10 	rsbeq	r0, r2, r0, lsl lr
 354:	bc050000 	stclt	0, cr0, [r5], {-0}
 358:	00005d07 	andeq	r5, r0, r7, lsl #26
 35c:	cf0e1800 	svcgt	0x000e1800
 360:	05000000 	streq	r0, [r0, #-0]
 364:	006b0ac3 	rsbeq	r0, fp, r3, asr #21
 368:	0e1c0000 	cdpeq	0, 1, cr0, cr12, cr0, {0}
 36c:	0000016f 	andeq	r0, r0, pc, ror #2
 370:	c01dc505 	andsgt	ip, sp, r5, lsl #10
 374:	20000005 	andcs	r0, r0, r5
 378:	0002130e 	andeq	r1, r2, lr, lsl #6
 37c:	1dc70500 	cfstr64ne	mvdx0, [r7]
 380:	000005ea 	andeq	r0, r0, sl, ror #11
 384:	038b0e24 	orreq	r0, fp, #36, 28	; 0x240
 388:	ca050000 	bgt	140390 <startup-0x1febfc70>
 38c:	00060e0d 	andeq	r0, r6, sp, lsl #28
 390:	090e2800 	stmdbeq	lr, {fp, sp}
 394:	05000005 	streq	r0, [r0, #-5]
 398:	062809cb 	strteq	r0, [r8], -fp, asr #19
 39c:	102c0000 	eorne	r0, ip, r0
 3a0:	0062755f 	rsbeq	r7, r2, pc, asr r5
 3a4:	cb11ce05 	blgt	473bc0 <startup-0x1fb8c440>
 3a8:	30000002 	andcc	r0, r0, r2
 3ac:	70755f10 	rsbsvc	r5, r5, r0, lsl pc
 3b0:	12cf0500 	sbcne	r0, pc, #0, 10
 3b4:	000002f3 	strdeq	r0, [r0], -r3
 3b8:	755f1038 	ldrbvc	r1, [pc, #-56]	; 388 <startup-0x1ffffc78>
 3bc:	d0050072 	andle	r0, r5, r2, ror r0
 3c0:	00005d07 	andeq	r5, r0, r7, lsl #26
 3c4:	9c0e3c00 	stcls	12, cr3, [lr], {-0}
 3c8:	05000000 	streq	r0, [r0, #-0]
 3cc:	062e11d3 			; <UNDEFINED> instruction: 0x062e11d3
 3d0:	0e400000 	cdpeq	0, 4, cr0, cr0, cr0, {0}
 3d4:	000004e1 	andeq	r0, r0, r1, ror #9
 3d8:	3e11d405 	cfmulscc	mvf13, mvf1, mvf5
 3dc:	43000006 	movwmi	r0, #6
 3e0:	626c5f10 	rsbvs	r5, ip, #16, 30	; 0x40
 3e4:	11d70500 	bicsne	r0, r7, r0, lsl #10
 3e8:	000002cb 	andeq	r0, r0, fp, asr #5
 3ec:	00fc0e44 	rscseq	r0, ip, r4, asr #28
 3f0:	da050000 	ble	1403f8 <startup-0x1febfc08>
 3f4:	00005d07 	andeq	r5, r0, r7, lsl #26
 3f8:	0d0e4c00 	stceq	12, cr4, [lr, #-0]
 3fc:	05000001 	streq	r0, [r0, #-1]
 400:	00840adb 	ldrdeq	r0, [r4], fp
 404:	0e500000 	cdpeq	0, 5, cr0, cr0, cr0, {0}
 408:	00000025 	andeq	r0, r0, r5, lsr #32
 40c:	5a12de05 	bpl	4b7c28 <startup-0x1fb483d8>
 410:	54000004 	strpl	r0, [r0], #-4
 414:	00037d0e 	andeq	r7, r3, lr, lsl #26
 418:	0ce20500 	cfstr64eq	mvdx0, [r2]
 41c:	0000010b 	andeq	r0, r0, fp, lsl #2
 420:	03090e58 	movweq	r0, #40536	; 0x9e58
 424:	e4050000 	str	r0, [r5], #-0
 428:	0000ff0e 	andeq	pc, r0, lr, lsl #30
 42c:	0b0e5c00 	bleq	397434 <startup-0x1fc68bcc>
 430:	05000002 	streq	r0, [r0, #-2]
 434:	005d09e5 	subseq	r0, sp, r5, ror #19
 438:	00640000 	rsbeq	r0, r4, r0
 43c:	00005d14 	andeq	r5, r0, r4, lsl sp
 440:	00045a00 	andeq	r5, r4, r0, lsl #20
 444:	045a1500 	ldrbeq	r1, [sl], #-1280	; 0xfffffb00
 448:	6b150000 	blvs	540450 <startup-0x1fabfbb0>
 44c:	15000000 	strne	r0, [r0, #-0]
 450:	000005ae 	andeq	r0, r0, lr, lsr #11
 454:	00005d15 	andeq	r5, r0, r5, lsl sp
 458:	04060000 	streq	r0, [r6], #-0
 45c:	00000465 	andeq	r0, r0, r5, ror #8
 460:	00045a16 	andeq	r5, r4, r6, lsl sl
 464:	03671700 	cmneq	r7, #0, 14
 468:	04280000 	strteq	r0, [r8], #-0
 46c:	08026005 	stmdaeq	r2, {r0, r2, sp, lr}
 470:	000005ae 	andeq	r0, r0, lr, lsr #11
 474:	00029c18 	andeq	r9, r2, r8, lsl ip
 478:	02620500 	rsbeq	r0, r2, #0, 10
 47c:	00005d07 	andeq	r5, r0, r7, lsl #26
 480:	ee180000 	cdp	0, 1, cr0, cr8, cr0, {0}
 484:	05000000 	streq	r0, [r0, #-0]
 488:	9a0b0267 	bls	2c0e2c <startup-0x1fd3f1d4>
 48c:	04000006 	streq	r0, [r0], #-6
 490:	00018b18 	andeq	r8, r1, r8, lsl fp
 494:	02670500 	rsbeq	r0, r7, #0, 10
 498:	00069a14 	andeq	r9, r6, r4, lsl sl
 49c:	50180800 	andspl	r0, r8, r0, lsl #16
 4a0:	05000001 	streq	r0, [r0, #-1]
 4a4:	9a1e0267 	bls	780e48 <startup-0x1f87f1b8>
 4a8:	0c000006 	stceq	0, cr0, [r0], {6}
 4ac:	00032a18 	andeq	r2, r3, r8, lsl sl
 4b0:	02690500 	rsbeq	r0, r9, #0, 10
 4b4:	00005d08 	andeq	r5, r0, r8, lsl #26
 4b8:	1a181000 	bne	6044c0 <startup-0x1f9fbb40>
 4bc:	05000000 	streq	r0, [r0, #-0]
 4c0:	9a08026a 	bls	200e70 <startup-0x1fdff190>
 4c4:	14000008 	strne	r0, [r0], #-8
 4c8:	00034618 	andeq	r4, r3, r8, lsl r6
 4cc:	026d0500 	rsbeq	r0, sp, #0, 10
 4d0:	00005d07 	andeq	r5, r0, r7, lsl #26
 4d4:	34183000 	ldrcc	r3, [r8], #-0
 4d8:	05000003 	streq	r0, [r0, #-3]
 4dc:	af16026e 	svcge	0x0016026e
 4e0:	34000008 	strcc	r0, [r0], #-8
 4e4:	00025d18 	andeq	r5, r2, r8, lsl sp
 4e8:	02700500 	rsbseq	r0, r0, #0, 10
 4ec:	00005d07 	andeq	r5, r0, r7, lsl #26
 4f0:	3c183800 	ldccc	8, cr3, [r8], {-0}
 4f4:	05000003 	streq	r0, [r0, #-3]
 4f8:	c00a0272 	andgt	r0, sl, r2, ror r2
 4fc:	3c000008 	stccc	0, cr0, [r0], {8}
 500:	0001e518 	andeq	lr, r1, r8, lsl r5
 504:	02750500 	rsbseq	r0, r5, #0, 10
 508:	00017d13 	andeq	r7, r1, r3, lsl sp
 50c:	75184000 	ldrvc	r4, [r8, #-0]
 510:	05000001 	streq	r0, [r0, #-1]
 514:	5d070276 	sfmpl	f0, 4, [r7, #-472]	; 0xfffffe28
 518:	44000000 	strmi	r0, [r0], #-0
 51c:	00052318 	andeq	r2, r5, r8, lsl r3
 520:	02770500 	rsbseq	r0, r7, #0, 10
 524:	00017d13 	andeq	r7, r1, r3, lsl sp
 528:	6f184800 	svcvs	0x00184800
 52c:	05000002 	streq	r0, [r0, #-2]
 530:	c6140278 			; <UNDEFINED> instruction: 0xc6140278
 534:	4c000008 	stcmi	0, cr0, [r0], {8}
 538:	00019318 	andeq	r9, r1, r8, lsl r3
 53c:	027b0500 	rsbseq	r0, fp, #0, 10
 540:	00005d07 	andeq	r5, r0, r7, lsl #26
 544:	05185000 	ldreq	r5, [r8, #-0]
 548:	05000001 	streq	r0, [r0, #-1]
 54c:	ae09027c 	mcrge	2, 0, r0, cr9, cr12, {3}
 550:	54000005 	strpl	r0, [r0], #-5
 554:	00029518 	andeq	r9, r2, r8, lsl r5
 558:	029f0500 	addseq	r0, pc, #0, 10
 55c:	00087507 	andeq	r7, r8, r7, lsl #10
 560:	55195800 	ldrpl	r5, [r9, #-2048]	; 0xfffff800
 564:	05000002 	streq	r0, [r0, #-2]
 568:	ae1302a3 	cdpge	2, 1, cr0, cr3, cr3, {5}
 56c:	48000002 	stmdami	r0, {r1}
 570:	01c31901 	biceq	r1, r3, r1, lsl #18
 574:	a4050000 	strge	r0, [r5], #-0
 578:	026b1202 	rsbeq	r1, fp, #536870912	; 0x20000000
 57c:	014c0000 	mrseq	r0, (UNDEF: 76)
 580:	0004d719 	andeq	sp, r4, r9, lsl r7
 584:	02a80500 	adceq	r0, r8, #0, 10
 588:	0008d70c 	andeq	sp, r8, ip, lsl #14
 58c:	1902dc00 	stmdbne	r2, {sl, fp, ip, lr, pc}
 590:	000000d7 	ldrdeq	r0, [r0], -r7
 594:	1002ad05 	andne	sl, r2, r5, lsl #26
 598:	0000065b 	andeq	r0, r0, fp, asr r6
 59c:	bc1902e0 	lfmlt	f0, 4, [r9], {224}	; 0xe0
 5a0:	05000000 	streq	r0, [r0, #-0]
 5a4:	e30a02af 	movw	r0, #41647	; 0xa2af
 5a8:	ec000008 	stc	0, cr0, [r0], {8}
 5ac:	04060002 	streq	r0, [r6], #-2
 5b0:	000005b4 			; <UNDEFINED> instruction: 0x000005b4
 5b4:	90080102 	andls	r0, r8, r2, lsl #2
 5b8:	16000002 	strne	r0, [r0], -r2
 5bc:	000005b4 			; <UNDEFINED> instruction: 0x000005b4
 5c0:	043c0406 	ldrteq	r0, [ip], #-1030	; 0xfffffbfa
 5c4:	5d140000 	ldcpl	0, cr0, [r4, #-0]
 5c8:	e4000000 	str	r0, [r0], #-0
 5cc:	15000005 	strne	r0, [r0, #-5]
 5d0:	0000045a 	andeq	r0, r0, sl, asr r4
 5d4:	00006b15 	andeq	r6, r0, r5, lsl fp
 5d8:	05e41500 	strbeq	r1, [r4, #1280]!	; 0x500
 5dc:	5d150000 	ldcpl	0, cr0, [r5, #-0]
 5e0:	00000000 	andeq	r0, r0, r0
 5e4:	05bb0406 	ldreq	r0, [fp, #1030]!	; 0x406
 5e8:	04060000 	streq	r0, [r6], #-0
 5ec:	000005c6 	andeq	r0, r0, r6, asr #11
 5f0:	00009014 	andeq	r9, r0, r4, lsl r0
 5f4:	00060e00 	andeq	r0, r6, r0, lsl #28
 5f8:	045a1500 	ldrbeq	r1, [sl], #-1280	; 0xfffffb00
 5fc:	6b150000 	blvs	540604 <startup-0x1fabf9fc>
 600:	15000000 	strne	r0, [r0, #-0]
 604:	00000090 	muleq	r0, r0, r0
 608:	00005d15 	andeq	r5, r0, r5, lsl sp
 60c:	04060000 	streq	r0, [r6], #-0
 610:	000005f0 	strdeq	r0, [r0], -r0	; <UNPREDICTABLE>
 614:	00005d14 	andeq	r5, r0, r4, lsl sp
 618:	00062800 	andeq	r2, r6, r0, lsl #16
 61c:	045a1500 	ldrbeq	r1, [sl], #-1280	; 0xfffffb00
 620:	6b150000 	blvs	540628 <startup-0x1fabf9d8>
 624:	00000000 	andeq	r0, r0, r0
 628:	06140406 	ldreq	r0, [r4], -r6, lsl #8
 62c:	2c0b0000 	stccs	0, cr0, [fp], {-0}
 630:	3e000000 	cdpcc	0, 0, cr0, cr0, cr0, {0}
 634:	0c000006 	stceq	0, cr0, [r0], {6}
 638:	00000064 	andeq	r0, r0, r4, rrx
 63c:	2c0b0002 	stccs	0, cr0, [fp], {2}
 640:	4e000000 	cdpmi	0, 0, cr0, cr0, cr0, {0}
 644:	0c000006 	stceq	0, cr0, [r0], {6}
 648:	00000064 	andeq	r0, r0, r4, rrx
 64c:	f5080000 			; <UNDEFINED> instruction: 0xf5080000
 650:	05000000 	streq	r0, [r0, #-0]
 654:	f91a011f 			; <UNDEFINED> instruction: 0xf91a011f
 658:	1a000002 	bne	668 <startup-0x1ffff998>
 65c:	0000044b 	andeq	r0, r0, fp, asr #8
 660:	0123050c 			; <UNDEFINED> instruction: 0x0123050c
 664:	00069408 	andeq	r9, r6, r8, lsl #8
 668:	03171800 	tsteq	r7, #0, 16
 66c:	25050000 	strcs	r0, [r5, #-0]
 670:	06941101 	ldreq	r1, [r4], r1, lsl #2
 674:	18000000 	stmdane	r0, {}	; <UNPREDICTABLE>
 678:	000001a9 	andeq	r0, r0, r9, lsr #3
 67c:	07012605 	streq	r2, [r1, -r5, lsl #12]
 680:	0000005d 	andeq	r0, r0, sp, asr r0
 684:	02be1804 	adcseq	r1, lr, #4, 16	; 0x40000
 688:	27050000 	strcs	r0, [r5, -r0]
 68c:	069a0b01 	ldreq	r0, [sl], r1, lsl #22
 690:	00080000 	andeq	r0, r8, r0
 694:	065b0406 	ldrbeq	r0, [fp], -r6, lsl #8
 698:	04060000 	streq	r0, [r6], #-0
 69c:	0000064e 	andeq	r0, r0, lr, asr #12
 6a0:	0000121a 	andeq	r1, r0, sl, lsl r2
 6a4:	3f050e00 	svccc	0x00050e00
 6a8:	06d90801 	ldrbeq	r0, [r9], r1, lsl #16
 6ac:	6e180000 	cdpvs	0, 1, cr0, cr8, cr0, {0}
 6b0:	05000003 	streq	r0, [r0, #-3]
 6b4:	d9120140 	ldmdble	r2, {r6, r8}
 6b8:	00000006 	andeq	r0, r0, r6
 6bc:	0003aa18 	andeq	sl, r3, r8, lsl sl
 6c0:	01410500 	cmpeq	r1, r0, lsl #10
 6c4:	0006d912 	andeq	sp, r6, r2, lsl r9
 6c8:	c6180600 	ldrgt	r0, [r8], -r0, lsl #12
 6cc:	05000003 	streq	r0, [r0, #-3]
 6d0:	3a120142 	bcc	480be0 <startup-0x1fb7f420>
 6d4:	0c000000 	stceq	0, cr0, [r0], {-0}
 6d8:	003a0b00 	eorseq	r0, sl, r0, lsl #22
 6dc:	06e90000 	strbteq	r0, [r9], r0
 6e0:	640c0000 	strvs	r0, [ip], #-0
 6e4:	02000000 	andeq	r0, r0, #0
 6e8:	05d01b00 	ldrbeq	r1, [r0, #2816]	; 0xb00
 6ec:	fe070280 	cdp2	2, 0, cr0, cr7, cr0, {4}
 6f0:	18000007 	stmdane	r0, {r0, r1, r2}
 6f4:	0000042f 	andeq	r0, r0, pc, lsr #8
 6f8:	18028205 	stmdane	r2, {r0, r2, r9, pc}
 6fc:	00000064 	andeq	r0, r0, r4, rrx
 700:	03b01800 	movseq	r1, #0, 16
 704:	83050000 	movwhi	r0, #20480	; 0x5000
 708:	05ae1202 	streq	r1, [lr, #514]!	; 0x202
 70c:	18040000 	stmdane	r4, {}	; <UNPREDICTABLE>
 710:	000001d8 	ldrdeq	r0, [r0], -r8
 714:	10028405 	andne	r8, r2, r5, lsl #8
 718:	000007fe 	strdeq	r0, [r0], -lr
 71c:	04fa1808 	ldrbteq	r1, [sl], #2056	; 0x808
 720:	85050000 	strhi	r0, [r5, #-0]
 724:	01931702 	orrseq	r1, r3, r2, lsl #14
 728:	18240000 	stmdane	r4!, {}	; <UNPREDICTABLE>
 72c:	00000160 	andeq	r0, r0, r0, ror #2
 730:	0f028605 	svceq	0x00028605
 734:	0000005d 	andeq	r0, r0, sp, asr r0
 738:	03121848 	tsteq	r2, #72, 16	; 0x480000
 73c:	87050000 	strhi	r0, [r5, -r0]
 740:	00562c02 	subseq	r2, r6, r2, lsl #24
 744:	18500000 	ldmdane	r0, {}^	; <UNPREDICTABLE>
 748:	00000510 	andeq	r0, r0, r0, lsl r5
 74c:	1a028805 	bne	a2768 <startup-0x1ff5d898>
 750:	000006a0 	andeq	r0, r0, r0, lsr #13
 754:	031d1858 	tsteq	sp, #88, 16	; 0x580000
 758:	89050000 	stmdbhi	r5, {}	; <UNPREDICTABLE>
 75c:	00ff1602 	rscseq	r1, pc, r2, lsl #12
 760:	18680000 	stmdane	r8!, {}^	; <UNPREDICTABLE>
 764:	00000515 	andeq	r0, r0, r5, lsl r5
 768:	16028a05 	strne	r8, [r2], -r5, lsl #20
 76c:	000000ff 	strdeq	r0, [r0], -pc	; <UNPREDICTABLE>
 770:	02791870 	rsbseq	r1, r9, #112, 16	; 0x700000
 774:	8b050000 	blhi	14077c <startup-0x1febf884>
 778:	00ff1602 	rscseq	r1, pc, r2, lsl #12
 77c:	18780000 	ldmdane	r8!, {}^	; <UNPREDICTABLE>
 780:	000004cd 	andeq	r0, r0, sp, asr #9
 784:	10028c05 	andne	r8, r2, r5, lsl #24
 788:	0000080e 	andeq	r0, r0, lr, lsl #16
 78c:	01cc1880 	biceq	r1, ip, r0, lsl #17
 790:	8d050000 	stchi	0, cr0, [r5, #-0]
 794:	081e1002 	ldmdaeq	lr, {r1, ip}
 798:	18880000 	stmne	r8, {}	; <UNPREDICTABLE>
 79c:	000003d3 	ldrdeq	r0, [r0], -r3
 7a0:	0f028e05 	svceq	0x00028e05
 7a4:	0000005d 	andeq	r0, r0, sp, asr r0
 7a8:	012618a0 			; <UNDEFINED> instruction: 0x012618a0
 7ac:	8f050000 	svchi	0x00050000
 7b0:	00ff1602 	rscseq	r1, pc, r2, lsl #12
 7b4:	18a40000 	stmiane	r4!, {}	; <UNPREDICTABLE>
 7b8:	00000076 	andeq	r0, r0, r6, ror r0
 7bc:	16029005 	strne	r9, [r2], -r5
 7c0:	000000ff 	strdeq	r0, [r0], -pc	; <UNPREDICTABLE>
 7c4:	011518ac 	tsteq	r5, ip, lsr #17
 7c8:	91050000 	mrsls	r0, (UNDEF: 5)
 7cc:	00ff1602 	rscseq	r1, pc, r2, lsl #12
 7d0:	18b40000 	ldmne	r4!, {}	; <UNPREDICTABLE>
 7d4:	0000002b 	andeq	r0, r0, fp, lsr #32
 7d8:	16029205 	strne	r9, [r2], -r5, lsl #4
 7dc:	000000ff 	strdeq	r0, [r0], -pc	; <UNPREDICTABLE>
 7e0:	003a18bc 	ldrhteq	r1, [sl], -ip
 7e4:	93050000 	movwls	r0, #20480	; 0x5000
 7e8:	00ff1602 	rscseq	r1, pc, r2, lsl #12
 7ec:	18c40000 	stmiane	r4, {}^	; <UNPREDICTABLE>
 7f0:	0000029a 	muleq	r0, sl, r2
 7f4:	08029405 	stmdaeq	r2, {r0, r2, sl, ip, pc}
 7f8:	0000005d 	andeq	r0, r0, sp, asr r0
 7fc:	b40b00cc 	strlt	r0, [fp], #-204	; 0xffffff34
 800:	0e000005 	cdpeq	0, 0, cr0, cr0, cr5, {0}
 804:	0c000008 	stceq	0, cr0, [r0], {8}
 808:	00000064 	andeq	r0, r0, r4, rrx
 80c:	b40b0019 	strlt	r0, [fp], #-25	; 0xffffffe7
 810:	1e000005 	cdpne	0, 0, cr0, cr0, cr5, {0}
 814:	0c000008 	stceq	0, cr0, [r0], {8}
 818:	00000064 	andeq	r0, r0, r4, rrx
 81c:	b40b0007 	strlt	r0, [fp], #-7
 820:	2e000005 	cdpcs	0, 0, cr0, cr0, cr5, {0}
 824:	0c000008 	stceq	0, cr0, [r0], {8}
 828:	00000064 	andeq	r0, r0, r4, rrx
 82c:	f01b0017 			; <UNDEFINED> instruction: 0xf01b0017
 830:	07029905 	streq	r9, [r2, -r5, lsl #18]
 834:	00000855 	andeq	r0, r0, r5, asr r8
 838:	00023418 	andeq	r3, r2, r8, lsl r4
 83c:	029c0500 	addseq	r0, ip, #0, 10
 840:	0008551b 	andeq	r5, r8, fp, lsl r5
 844:	2b180000 	blcs	60084c <startup-0x1f9ff7b4>
 848:	05000002 	streq	r0, [r0, #-2]
 84c:	6518029d 	ldrvs	r0, [r8, #-669]	; 0xfffffd63
 850:	78000008 	stmdavc	r0, {r3}
 854:	02f30b00 	rscseq	r0, r3, #0, 22
 858:	08650000 	stmdaeq	r5!, {}^	; <UNPREDICTABLE>
 85c:	640c0000 	strvs	r0, [ip], #-0
 860:	1d000000 	stcne	0, cr0, [r0, #-0]
 864:	00640b00 	rsbeq	r0, r4, r0, lsl #22
 868:	08750000 	ldmdaeq	r5!, {}^	; <UNPREDICTABLE>
 86c:	640c0000 	strvs	r0, [ip], #-0
 870:	1d000000 	stcne	0, cr0, [r0, #-0]
 874:	05f01c00 	ldrbeq	r1, [r0, #3072]!	; 0xc00
 878:	9a03027e 	bls	c1278 <startup-0x1ff3ed88>
 87c:	1d000008 	stcne	0, cr0, [r0, #-32]	; 0xffffffe0
 880:	00000367 	andeq	r0, r0, r7, ror #6
 884:	0b029505 	bleq	a5ca0 <startup-0x1ff5a360>
 888:	000006e9 	andeq	r0, r0, r9, ror #13
 88c:	0004e71d 	andeq	lr, r4, sp, lsl r7
 890:	029e0500 	addseq	r0, lr, #0, 10
 894:	00082e0b 	andeq	r2, r8, fp, lsl #28
 898:	b40b0000 	strlt	r0, [fp], #-0
 89c:	aa000005 	bge	8b8 <startup-0x1ffff748>
 8a0:	0c000008 	stceq	0, cr0, [r0], {8}
 8a4:	00000064 	andeq	r0, r0, r4, rrx
 8a8:	6b070018 	blvs	1c0910 <startup-0x1fe3f6f0>
 8ac:	06000000 	streq	r0, [r0], -r0
 8b0:	0008aa04 	andeq	sl, r8, r4, lsl #20
 8b4:	08c01e00 	stmiaeq	r0, {r9, sl, fp, ip}^
 8b8:	5a150000 	bpl	5408c0 <startup-0x1fabf740>
 8bc:	00000004 	andeq	r0, r0, r4
 8c0:	08b50406 	ldmeq	r5!, {r1, r2, sl}
 8c4:	04060000 	streq	r0, [r6], #-0
 8c8:	0000017d 	andeq	r0, r0, sp, ror r1
 8cc:	0008d71e 	andeq	sp, r8, lr, lsl r7
 8d0:	005d1500 	subseq	r1, sp, r0, lsl #10
 8d4:	06000000 	streq	r0, [r0], -r0
 8d8:	0008dd04 	andeq	sp, r8, r4, lsl #26
 8dc:	cc040600 	stcgt	6, cr0, [r4], {-0}
 8e0:	0b000008 	bleq	908 <startup-0x1ffff6f8>
 8e4:	0000064e 	andeq	r0, r0, lr, asr #12
 8e8:	000008f3 	strdeq	r0, [r0], -r3
 8ec:	0000640c 	andeq	r6, r0, ip, lsl #8
 8f0:	1f000200 	svcne	0x00000200
 8f4:	00000423 	andeq	r0, r0, r3, lsr #8
 8f8:	17032e05 	strne	r2, [r3, -r5, lsl #28]
 8fc:	0000045a 	andeq	r0, r0, sl, asr r4
 900:	00041c1f 	andeq	r1, r4, pc, lsl ip
 904:	032f0500 			; <UNDEFINED> instruction: 0x032f0500
 908:	0004601d 	andeq	r6, r4, sp, lsl r0
 90c:	05282000 	streq	r2, [r8, #-0]!
 910:	6a010000 	bvs	40918 <startup-0x1ffbf6e8>
 914:	0001d006 	andeq	sp, r1, r6
 918:	00001620 	andeq	r1, r0, r0, lsr #12
 91c:	2e9c0100 	fmlcse	f0, f4, f0
 920:	21000009 	tstcs	r0, r9
 924:	6b010063 	blvs	40ab8 <startup-0x1ffbf548>
 928:	00002c10 	andeq	r2, r0, r0, lsl ip
 92c:	a1220000 			; <UNDEFINED> instruction: 0xa1220000
 930:	01000001 	tsteq	r0, r1
 934:	01380643 	teqeq	r8, r3, asr #12
 938:	00982000 	addseq	r2, r8, r0
 93c:	9c010000 	stcls	0, cr0, [r1], {-0}
 940:	00000961 	andeq	r0, r0, r1, ror #18
 944:	01006323 	tsteq	r0, r3, lsr #6
 948:	002c1d43 	eoreq	r1, ip, r3, asr #26
 94c:	91020000 	mrsls	r0, (UNDEF: 2)
 950:	0224246f 	eoreq	r2, r4, #1862270976	; 0x6f000000
 954:	44010000 	strmi	r0, [r1], #-0
 958:	00005d06 	andeq	r5, r0, r6, lsl #26
 95c:	74910200 	ldrvc	r0, [r1], #512	; 0x200
 960:	023b2500 	eorseq	r2, fp, #0, 10
 964:	35010000 	strcc	r0, [r1, #-0]
 968:	00002c0f 	andeq	r2, r0, pc, lsl #24
 96c:	0000d000 	andeq	sp, r0, r0
 970:	00006820 	andeq	r6, r0, r0, lsr #16
 974:	a99c0100 	ldmibge	ip, {r8}
 978:	26000009 	strcs	r0, [r0], -r9
 97c:	0079656b 	rsbseq	r6, r9, fp, ror #10
 980:	a9103601 	ldmdbge	r0, {r0, r9, sl, ip, sp}
 984:	02000009 	andeq	r0, r0, #9
 988:	72265891 	eorvc	r5, r6, #9502720	; 0x910000
 98c:	0100776f 	tsteq	r0, pc, ror #14
 990:	005d0637 	subseq	r0, sp, r7, lsr r6
 994:	91020000 	mrsls	r0, (UNDEF: 2)
 998:	6f63266c 	svcvs	0x0063266c
 99c:	3701006c 	strcc	r0, [r1, -ip, rrx]
 9a0:	00005d0b 	andeq	r5, r0, fp, lsl #26
 9a4:	68910200 	ldmvs	r1, {r9}
 9a8:	002c0b00 	eoreq	r0, ip, r0, lsl #22
 9ac:	09b90000 	ldmibeq	r9!, {}	; <UNPREDICTABLE>
 9b0:	640c0000 	strvs	r0, [ip], #-0
 9b4:	0f000000 	svceq	0x00000000
 9b8:	02022700 	andeq	r2, r2, #0, 14
 9bc:	2f010000 	svccs	0x00010000
 9c0:	0000b806 	andeq	fp, r0, r6, lsl #16
 9c4:	00001820 	andeq	r1, r0, r0, lsr #16
 9c8:	289c0100 	ldmcs	ip, {r8}
 9cc:	000000a2 	andeq	r0, r0, r2, lsr #1
 9d0:	5d052501 	cfstr32pl	mvfx2, [r5, #-4]
 9d4:	64000000 	strvs	r0, [r0], #-0
 9d8:	54200000 	strtpl	r0, [r0], #-0
 9dc:	01000000 	mrseq	r0, (UNDEF: 0)
 9e0:	0009f39c 	muleq	r9, ip, r3
 9e4:	00632600 	rsbeq	r2, r3, r0, lsl #12
 9e8:	2c102601 	ldccs	6, cr2, [r0], {1}
 9ec:	02000000 	andeq	r0, r0, #0
 9f0:	22007791 	andcs	r7, r0, #38010880	; 0x2440000
 9f4:	00000249 	andeq	r0, r0, r9, asr #4
 9f8:	10061a01 	andne	r1, r6, r1, lsl #20
 9fc:	54200000 	strtpl	r0, [r0], #-0
 a00:	01000000 	mrseq	r0, (UNDEF: 0)
 a04:	000a199c 	muleq	sl, ip, r9
 a08:	6f722300 	svcvs	0x00722300
 a0c:	1a010077 	bne	40bf0 <startup-0x1ffbf410>
 a10:	0000641f 	andeq	r6, r0, pc, lsl r4
 a14:	74910200 	ldrvc	r0, [r1], #512	; 0x200
 a18:	03a22700 			; <UNDEFINED> instruction: 0x03a22700
 a1c:	13010000 	movwne	r0, #4096	; 0x1000
 a20:	00000006 	andeq	r0, r0, r6
 a24:	00000c20 	andeq	r0, r0, r0, lsr #24
 a28:	009c0100 	addseq	r0, ip, r0, lsl #2

Disassembly of section .debug_abbrev:

00000000 <.debug_abbrev>:
   0:	25011101 	strcs	r1, [r1, #-257]	; 0xfffffeff
   4:	030b130e 	movweq	r1, #45838	; 0xb30e
   8:	550e1b0e 	strpl	r1, [lr, #-2830]	; 0xfffff4f2
   c:	10011117 	andne	r1, r1, r7, lsl r1
  10:	02000017 	andeq	r0, r0, #23
  14:	0b0b0024 	bleq	2c00ac <startup-0x1fd3ff54>
  18:	0e030b3e 	vmoveq.16	d3[0], r0
  1c:	24030000 	strcs	r0, [r3], #-0
  20:	3e0b0b00 	vmlacc.f64	d0, d11, d0
  24:	0008030b 	andeq	r0, r8, fp, lsl #6
  28:	000f0400 	andeq	r0, pc, r0, lsl #8
  2c:	00000b0b 	andeq	r0, r0, fp, lsl #22
  30:	03001605 	movweq	r1, #1541	; 0x605
  34:	3b0b3a0e 	blcc	2ce874 <startup-0x1fd3178c>
  38:	490b390b 	stmdbmi	fp, {r0, r1, r3, r8, fp, ip, sp}
  3c:	06000013 			; <UNDEFINED> instruction: 0x06000013
  40:	0b0b000f 	bleq	2c0084 <startup-0x1fd3ff7c>
  44:	00001349 	andeq	r1, r0, r9, asr #6
  48:	03001307 	movweq	r1, #775	; 0x307
  4c:	00193c0e 	andseq	r3, r9, lr, lsl #24
  50:	00160800 	andseq	r0, r6, r0, lsl #16
  54:	0b3a0e03 	bleq	e83868 <startup-0x1f17c798>
  58:	0b39053b 	bleq	e4154c <startup-0x1f1beab4>
  5c:	00001349 	andeq	r1, r0, r9, asr #6
  60:	0b011709 	bleq	45c8c <startup-0x1ffba374>
  64:	3b0b3a0b 	blcc	2ce898 <startup-0x1fd31768>
  68:	010b390b 	tsteq	fp, fp, lsl #18
  6c:	0a000013 	beq	c0 <startup-0x1fffff40>
  70:	0e03000d 	cdpeq	0, 0, cr0, cr3, cr13, {0}
  74:	0b3b0b3a 	bleq	ec2d64 <startup-0x1f13d29c>
  78:	13490b39 	movtne	r0, #39737	; 0x9b39
  7c:	010b0000 	mrseq	r0, (UNDEF: 11)
  80:	01134901 	tsteq	r3, r1, lsl #18
  84:	0c000013 	stceq	0, cr0, [r0], {19}
  88:	13490021 	movtne	r0, #36897	; 0x9021
  8c:	00000b2f 	andeq	r0, r0, pc, lsr #22
  90:	0b01130d 	bleq	44ccc <startup-0x1ffbb334>
  94:	3b0b3a0b 	blcc	2ce8c8 <startup-0x1fd31738>
  98:	010b390b 	tsteq	fp, fp, lsl #18
  9c:	0e000013 	mcreq	0, 0, r0, cr0, cr3, {0}
  a0:	0e03000d 	cdpeq	0, 0, cr0, cr3, cr13, {0}
  a4:	0b3b0b3a 	bleq	ec2d94 <startup-0x1f13d26c>
  a8:	13490b39 	movtne	r0, #39737	; 0x9b39
  ac:	00000b38 	andeq	r0, r0, r8, lsr fp
  b0:	0301130f 	movweq	r1, #4879	; 0x130f
  b4:	3a0b0b0e 	bcc	2c2cf4 <startup-0x1fd3d30c>
  b8:	390b3b0b 	stmdbcc	fp, {r0, r1, r3, r8, r9, fp, ip, sp}
  bc:	0013010b 	andseq	r0, r3, fp, lsl #2
  c0:	000d1000 	andeq	r1, sp, r0
  c4:	0b3a0803 	bleq	e820d8 <startup-0x1f17df28>
  c8:	0b390b3b 	bleq	e42dbc <startup-0x1f1bd244>
  cc:	0b381349 	bleq	e04df8 <startup-0x1f1fb208>
  d0:	13110000 	tstne	r1, #0
  d4:	0b0e0301 	bleq	380ce0 <startup-0x1fc7f320>
  d8:	3b0b3a05 	blcc	2ce8f4 <startup-0x1fd3170c>
  dc:	010b390b 	tsteq	fp, fp, lsl #18
  e0:	12000013 	andne	r0, r0, #19
  e4:	0e03000d 	cdpeq	0, 0, cr0, cr3, cr13, {0}
  e8:	0b3b0b3a 	bleq	ec2dd8 <startup-0x1f13d228>
  ec:	13490b39 	movtne	r0, #39737	; 0x9b39
  f0:	00000538 	andeq	r0, r0, r8, lsr r5
  f4:	27001513 	smladcs	r0, r3, r5, r1
  f8:	14000019 	strne	r0, [r0], #-25	; 0xffffffe7
  fc:	19270115 	stmdbne	r7!, {r0, r2, r4, r8}
 100:	13011349 	movwne	r1, #4937	; 0x1349
 104:	05150000 	ldreq	r0, [r5, #-0]
 108:	00134900 	andseq	r4, r3, r0, lsl #18
 10c:	00261600 	eoreq	r1, r6, r0, lsl #12
 110:	00001349 	andeq	r1, r0, r9, asr #6
 114:	03011317 	movweq	r1, #4887	; 0x1317
 118:	3a050b0e 	bcc	142d58 <startup-0x1febd2a8>
 11c:	39053b0b 	stmdbcc	r5, {r0, r1, r3, r8, r9, fp, ip, sp}
 120:	0013010b 	andseq	r0, r3, fp, lsl #2
 124:	000d1800 	andeq	r1, sp, r0, lsl #16
 128:	0b3a0e03 	bleq	e8393c <startup-0x1f17c6c4>
 12c:	0b39053b 	bleq	e41620 <startup-0x1f1be9e0>
 130:	0b381349 	bleq	e04e5c <startup-0x1f1fb1a4>
 134:	0d190000 	ldceq	0, cr0, [r9, #-0]
 138:	3a0e0300 	bcc	380d40 <startup-0x1fc7f2c0>
 13c:	39053b0b 	stmdbcc	r5, {r0, r1, r3, r8, r9, fp, ip, sp}
 140:	3813490b 	ldmdacc	r3, {r0, r1, r3, r8, fp, lr}
 144:	1a000005 	bne	160 <startup-0x1ffffea0>
 148:	0e030113 	mcreq	1, 0, r0, cr3, cr3, {0}
 14c:	0b3a0b0b 	bleq	e82d80 <startup-0x1f17d280>
 150:	0b39053b 	bleq	e41644 <startup-0x1f1be9bc>
 154:	00001301 	andeq	r1, r0, r1, lsl #6
 158:	0b01131b 	bleq	44dcc <startup-0x1ffbb234>
 15c:	3b0b3a0b 	blcc	2ce990 <startup-0x1fd31670>
 160:	010b3905 	tsteq	fp, r5, lsl #18
 164:	1c000013 	stcne	0, cr0, [r0], {19}
 168:	0b0b0117 	bleq	2c05cc <startup-0x1fd3fa34>
 16c:	053b0b3a 	ldreq	r0, [fp, #-2874]!	; 0xfffff4c6
 170:	13010b39 	movwne	r0, #6969	; 0x1b39
 174:	0d1d0000 	ldceq	0, cr0, [sp, #-0]
 178:	3a0e0300 	bcc	380d80 <startup-0x1fc7f280>
 17c:	39053b0b 	stmdbcc	r5, {r0, r1, r3, r8, r9, fp, ip, sp}
 180:	0013490b 	andseq	r4, r3, fp, lsl #18
 184:	01151e00 	tsteq	r5, r0, lsl #28
 188:	13011927 	movwne	r1, #6439	; 0x1927
 18c:	341f0000 	ldrcc	r0, [pc], #-0	; 194 <startup-0x1ffffe6c>
 190:	3a0e0300 	bcc	380d98 <startup-0x1fc7f268>
 194:	39053b0b 	stmdbcc	r5, {r0, r1, r3, r8, r9, fp, ip, sp}
 198:	3f13490b 	svccc	0x0013490b
 19c:	00193c19 	andseq	r3, r9, r9, lsl ip
 1a0:	012e2000 			; <UNDEFINED> instruction: 0x012e2000
 1a4:	0e03193f 			; <UNDEFINED> instruction: 0x0e03193f
 1a8:	0b3b0b3a 	bleq	ec2e98 <startup-0x1f13d168>
 1ac:	19270b39 	stmdbne	r7!, {r0, r3, r4, r5, r8, r9, fp}
 1b0:	06120111 			; <UNDEFINED> instruction: 0x06120111
 1b4:	42961840 	addsmi	r1, r6, #64, 16	; 0x400000
 1b8:	00130119 	andseq	r0, r3, r9, lsl r1
 1bc:	00342100 	eorseq	r2, r4, r0, lsl #2
 1c0:	0b3a0803 	bleq	e821d4 <startup-0x1f17de2c>
 1c4:	0b390b3b 	bleq	e42eb8 <startup-0x1f1bd148>
 1c8:	00001349 	andeq	r1, r0, r9, asr #6
 1cc:	3f012e22 	svccc	0x00012e22
 1d0:	3a0e0319 	bcc	380e3c <startup-0x1fc7f1c4>
 1d4:	390b3b0b 	stmdbcc	fp, {r0, r1, r3, r8, r9, fp, ip, sp}
 1d8:	1119270b 	tstne	r9, fp, lsl #14
 1dc:	40061201 	andmi	r1, r6, r1, lsl #4
 1e0:	19429718 	stmdbne	r2, {r3, r4, r8, r9, sl, ip, pc}^
 1e4:	00001301 	andeq	r1, r0, r1, lsl #6
 1e8:	03000523 	movweq	r0, #1315	; 0x523
 1ec:	3b0b3a08 	blcc	2cea14 <startup-0x1fd315ec>
 1f0:	490b390b 	stmdbmi	fp, {r0, r1, r3, r8, fp, ip, sp}
 1f4:	00180213 	andseq	r0, r8, r3, lsl r2
 1f8:	00342400 	eorseq	r2, r4, r0, lsl #8
 1fc:	0b3a0e03 	bleq	e83a10 <startup-0x1f17c5f0>
 200:	0b390b3b 	bleq	e42ef4 <startup-0x1f1bd10c>
 204:	18021349 	stmdane	r2, {r0, r3, r6, r8, r9, ip}
 208:	2e250000 	cdpcs	0, 2, cr0, cr5, cr0, {0}
 20c:	03193f01 	tsteq	r9, #1, 30
 210:	3b0b3a0e 	blcc	2cea50 <startup-0x1fd315b0>
 214:	270b390b 	strcs	r3, [fp, -fp, lsl #18]
 218:	11134919 	tstne	r3, r9, lsl r9
 21c:	40061201 	andmi	r1, r6, r1, lsl #4
 220:	19429618 	stmdbne	r2, {r3, r4, r9, sl, ip, pc}^
 224:	00001301 	andeq	r1, r0, r1, lsl #6
 228:	03003426 	movweq	r3, #1062	; 0x426
 22c:	3b0b3a08 	blcc	2cea54 <startup-0x1fd315ac>
 230:	490b390b 	stmdbmi	fp, {r0, r1, r3, r8, fp, ip, sp}
 234:	00180213 	andseq	r0, r8, r3, lsl r2
 238:	002e2700 	eoreq	r2, lr, r0, lsl #14
 23c:	0e03193f 			; <UNDEFINED> instruction: 0x0e03193f
 240:	0b3b0b3a 	bleq	ec2f30 <startup-0x1f13d0d0>
 244:	19270b39 	stmdbne	r7!, {r0, r3, r4, r5, r8, r9, fp}
 248:	06120111 			; <UNDEFINED> instruction: 0x06120111
 24c:	42971840 	addsmi	r1, r7, #64, 16	; 0x400000
 250:	28000019 	stmdacs	r0, {r0, r3, r4}
 254:	193f012e 	ldmdbne	pc!, {r1, r2, r3, r5, r8}	; <UNPREDICTABLE>
 258:	0b3a0e03 	bleq	e83a6c <startup-0x1f17c594>
 25c:	0b390b3b 	bleq	e42f50 <startup-0x1f1bd0b0>
 260:	13491927 	movtne	r1, #39207	; 0x9927
 264:	06120111 			; <UNDEFINED> instruction: 0x06120111
 268:	42971840 	addsmi	r1, r7, #64, 16	; 0x400000
 26c:	00130119 	andseq	r0, r3, r9, lsl r1
	...

Disassembly of section .debug_aranges:

00000000 <.debug_aranges>:
   0:	00000024 	andeq	r0, r0, r4, lsr #32
   4:	00000002 	andeq	r0, r0, r2
   8:	00040000 	andeq	r0, r4, r0
   c:	00000000 	andeq	r0, r0, r0
  10:	20000010 	andcs	r0, r0, r0, lsl r0
  14:	000001d6 	ldrdeq	r0, [r0], -r6
  18:	20000000 	andcs	r0, r0, r0
  1c:	0000000c 	andeq	r0, r0, ip
	...

Disassembly of section .debug_ranges:

00000000 <.debug_ranges>:
   0:	20000010 	andcs	r0, r0, r0, lsl r0
   4:	200001e6 	andcs	r0, r0, r6, ror #3
   8:	20000000 	andcs	r0, r0, r0
   c:	2000000c 	andcs	r0, r0, ip
	...

Disassembly of section .debug_line:

00000000 <.debug_line>:
   0:	00000269 	andeq	r0, r0, r9, ror #4
   4:	00ff0003 	rscseq	r0, pc, r3
   8:	01020000 	mrseq	r0, (UNDEF: 2)
   c:	000d0efb 	strdeq	r0, [sp], -fp
  10:	01010101 	tsteq	r1, r1, lsl #2
  14:	01000000 	mrseq	r0, (UNDEF: 0)
  18:	43010000 	movwmi	r0, #4096	; 0x1000
  1c:	73552f3a 	cmpvc	r5, #58, 30	; 0xe8
  20:	2f737265 	svccs	0x00737265
  24:	6f656874 	svcvs	0x00656874
  28:	6e4f2f64 	cdpvs	15, 4, cr2, cr15, cr4, {3}
  2c:	69724465 	ldmdbvs	r2!, {r0, r2, r5, r6, sl, lr}^
  30:	532f6576 			; <UNDEFINED> instruction: 0x532f6576
  34:	7669726b 	strbtvc	r7, [r9], -fp, ror #4
  38:	64726f62 	ldrbtvs	r6, [r2], #-3938	; 0xfffff09e
  3c:	504f4d2f 	subpl	r4, pc, pc, lsr #26
  40:	62616c2f 	rsbvs	r6, r1, #12032	; 0x2f00
  44:	656b2f31 	strbvs	r2, [fp, #-3889]!	; 0xfffff0cf
  48:	64617079 	strbtvs	r7, [r1], #-121	; 0xffffff87
  4c:	5c3a6300 	ldcpl	3, cr6, [sl], #-0
  50:	61657363 	cmnvs	r5, r3, ror #6
  54:	635c7070 	cmpvs	ip, #112	; 0x70
  58:	6c65646f 	cfstrdvs	mvd6, [r5], #-444	; 0xfffffe44
  5c:	5c657469 	cfstrdpl	mvd7, [r5], #-420	; 0xfffffe5c
  60:	6c6f6f74 	stclvs	15, cr6, [pc], #-464	; fffffe98 <main+0xdffffcc8>
  64:	63675c73 	cmnvs	r7, #29440	; 0x7300
  68:	72612d63 	rsbvc	r2, r1, #6336	; 0x18c0
  6c:	72615c6d 	rsbvc	r5, r1, #27904	; 0x6d00
  70:	6f6e2d6d 	svcvs	0x006e2d6d
  74:	652d656e 	strvs	r6, [sp, #-1390]!	; 0xfffffa92
  78:	5c696261 	sfmpl	f6, 2, [r9], #-388	; 0xfffffe7c
  7c:	6c636e69 	stclvs	14, cr6, [r3], #-420	; 0xfffffe5c
  80:	5c656475 	cfstrdpl	mvd6, [r5], #-468	; 0xfffffe2c
  84:	00737973 	rsbseq	r7, r3, r3, ror r9
  88:	635c3a63 	cmpvs	ip, #405504	; 0x63000
  8c:	70616573 	rsbvc	r6, r1, r3, ror r5
  90:	6f635c70 	svcvs	0x00635c70
  94:	696c6564 	stmdbvs	ip!, {r2, r5, r6, r8, sl, sp, lr}^
  98:	745c6574 	ldrbvc	r6, [ip], #-1396	; 0xfffffa8c
  9c:	736c6f6f 	cmnvc	ip, #444	; 0x1bc
  a0:	6363675c 	cmnvs	r3, #92, 14	; 0x1700000
  a4:	6d72612d 	ldfvse	f6, [r2, #-180]!	; 0xffffff4c
  a8:	62696c5c 	rsbvs	r6, r9, #92, 24	; 0x5c00
  ac:	6363675c 	cmnvs	r3, #92, 14	; 0x1700000
  b0:	6d72615c 	ldfvse	f6, [r2, #-368]!	; 0xfffffe90
  b4:	6e6f6e2d 	cdpvs	14, 6, cr6, cr15, cr13, {1}
  b8:	61652d65 	cmnvs	r5, r5, ror #26
  bc:	395c6962 	ldmdbcc	ip, {r1, r5, r6, r8, fp, sp, lr}^
  c0:	312e322e 			; <UNDEFINED> instruction: 0x312e322e
  c4:	636e695c 	cmnvs	lr, #92, 18	; 0x170000
  c8:	6564756c 	strbvs	r7, [r4, #-1388]!	; 0xfffffa94
  cc:	74730000 	ldrbtvc	r0, [r3], #-0
  d0:	75747261 	ldrbvc	r7, [r4, #-609]!	; 0xfffffd9f
  d4:	00632e70 	rsbeq	r2, r3, r0, ror lr
  d8:	6c000001 	stcvs	0, cr0, [r0], {1}
  dc:	2e6b636f 	cdpcs	3, 6, cr6, cr11, cr15, {3}
  e0:	00020068 	andeq	r0, r2, r8, rrx
  e4:	79745f00 	ldmdbvc	r4!, {r8, r9, sl, fp, ip, lr}^
  e8:	2e736570 	mrccs	5, 3, r6, cr3, cr0, {3}
  ec:	00020068 	andeq	r0, r2, r8, rrx
  f0:	64747300 	ldrbtvs	r7, [r4], #-768	; 0xfffffd00
  f4:	2e666564 	cdpcs	5, 6, cr6, cr6, cr4, {3}
  f8:	00030068 	andeq	r0, r3, r8, rrx
  fc:	65657200 	strbvs	r7, [r5, #-512]!	; 0xfffffe00
 100:	682e746e 	stmdavs	lr!, {r1, r2, r3, r5, r6, sl, ip, sp, lr}
 104:	00000200 	andeq	r0, r0, r0, lsl #4
 108:	00170500 	andseq	r0, r7, r0, lsl #10
 10c:	00000205 	andeq	r0, r0, r5, lsl #4
 110:	12032000 	andne	r2, r3, #0
 114:	13010501 	movwne	r0, #5377	; 0x1501
 118:	212f2121 			; <UNDEFINED> instruction: 0x212f2121
 11c:	01000302 	tsteq	r0, r2, lsl #6
 120:	00230501 	eoreq	r0, r3, r1, lsl #10
 124:	00100205 	andseq	r0, r0, r5, lsl #4
 128:	19032000 	stmdbne	r3, {sp}
 12c:	cb0a0501 	blgt	281538 <startup-0x1fd7eac8>
 130:	05201905 	streq	r1, [r0, #-2309]!	; 0xfffff6fb
 134:	0a052e02 	beq	14b944 <startup-0x1feb46bc>
 138:	20190521 	andscs	r0, r9, r1, lsr #10
 13c:	052e0205 	streq	r0, [lr, #-517]!	; 0xfffffdfb
 140:	1905210a 	stmdbne	r5, {r1, r3, r8, sp}
 144:	2e020520 	cfsh32cs	mvfx0, mvfx2, #16
 148:	05210a05 	streq	r0, [r1, #-2565]!	; 0xfffff5fb
 14c:	02052019 	andeq	r2, r5, #25
 150:	210a052e 	tstcs	sl, lr, lsr #10
 154:	05201905 	streq	r1, [r0, #-2309]!	; 0xfffff6fb
 158:	01052e02 	tsteq	r5, r2, lsl #28
 15c:	92160522 	andsls	r0, r6, #142606336	; 0x8800000
 160:	053e0605 	ldreq	r0, [lr, #-1541]!	; 0xfffff9fb
 164:	08052004 	stmdaeq	r5, {r2, sp}
 168:	4a05053d 	bmi	141664 <startup-0x1febe99c>
 16c:	02001605 	andeq	r1, r0, #5242880	; 0x500000
 170:	05200104 	streq	r0, [r0, #-260]!	; 0xfffffefc
 174:	05052f08 	streq	r2, [r5, #-3848]	; 0xfffff0f8
 178:	0016054a 	andseq	r0, r6, sl, asr #10
 17c:	20010402 	andcs	r0, r1, r2, lsl #8
 180:	052f0805 	streq	r0, [pc, #-2053]!	; fffff983 <main+0xdffff7b3>
 184:	16054a05 	strne	r4, [r5], -r5, lsl #20
 188:	01040200 	mrseq	r0, R12_usr
 18c:	2f080520 	svccs	0x00080520
 190:	054a0505 	strbeq	r0, [sl, #-1285]	; 0xfffffafb
 194:	04020016 	streq	r0, [r2], #-22	; 0xffffffea
 198:	09052001 	stmdbeq	r5, {r0, sp}
 19c:	2101052f 	tstcs	r1, pc, lsr #10
 1a0:	05681405 	strbeq	r1, [r8, #-1029]!	; 0xfffffbfb
 1a4:	0e053002 	cdpeq	0, 0, cr3, cr5, cr2, {0}
 1a8:	30010520 	andcc	r0, r1, r0, lsr #10
 1ac:	05761b05 	ldrbeq	r1, [r6, #-2821]!	; 0xfffff4fb
 1b0:	0a053d10 	beq	14f5f8 <startup-0x1feb0a08>
 1b4:	2e020568 	cfsh32cs	mvfx0, mvfx2, #56
 1b8:	05210305 	streq	r0, [r1, #-773]!	; 0xfffffcfb
 1bc:	06054b0e 	streq	r4, [r5], -lr, lsl #22
 1c0:	3d04054a 	cfstr32cc	mvfx0, [r4, #-296]	; 0xfffffed8
 1c4:	053d1605 	ldreq	r1, [sp, #-1541]!	; 0xfffff9fb
 1c8:	1e052e11 	mcrne	14, 0, r2, cr5, cr1, {0}
 1cc:	2e190520 	cfmul64cs	mvdx0, mvdx9, mvdx0
 1d0:	05200f05 	streq	r0, [r0, #-3845]!	; 0xfffff0fb
 1d4:	0402001b 	streq	r0, [r2], #-27	; 0xffffffe5
 1d8:	02053802 	andeq	r3, r5, #131072	; 0x20000
 1dc:	01040200 	mrseq	r0, R12_usr
 1e0:	0905433c 	stmdbeq	r5, {r2, r3, r4, r5, r8, r9, lr}
 1e4:	0001053d 	andeq	r0, r1, sp, lsr r5
 1e8:	21010402 	tstcs	r1, r2, lsl #8
 1ec:	05762005 	ldrbeq	r2, [r6, #-5]!
 1f0:	12056802 	andne	r6, r5, #131072	; 0x20000
 1f4:	2f030591 	svccs	0x00030591
 1f8:	05211205 	streq	r1, [r1, #-517]!	; 0xfffffdfb
 1fc:	12052f03 	andne	r2, r5, #3, 30
 200:	2f030521 	svccs	0x00030521
 204:	05211205 	streq	r1, [r1, #-517]!	; 0xfffffdfb
 208:	12052f03 	andne	r2, r5, #3, 30
 20c:	2f030521 	svccs	0x00030521
 210:	05211205 	streq	r1, [r1, #-517]!	; 0xfffffdfb
 214:	12052f03 	andne	r2, r5, #3, 30
 218:	2f030521 	svccs	0x00030521
 21c:	05211205 	streq	r1, [r1, #-517]!	; 0xfffffdfb
 220:	12052f03 	andne	r2, r5, #3, 30
 224:	2f030521 	svccs	0x00030521
 228:	05211205 	streq	r1, [r1, #-517]!	; 0xfffffdfb
 22c:	14052f03 	strne	r2, [r5], #-3843	; 0xfffff0fd
 230:	2f030521 	svccs	0x00030521
 234:	05211405 	streq	r1, [r1, #-1029]!	; 0xfffffbfb
 238:	14052f03 	strne	r2, [r5], #-3843	; 0xfffff0fd
 23c:	2f030521 	svccs	0x00030521
 240:	05211405 	streq	r1, [r1, #-1029]!	; 0xfffffbfb
 244:	14052f03 	strne	r2, [r5], #-3843	; 0xfffff0fd
 248:	2f030521 	svccs	0x00030521
 24c:	05211405 	streq	r1, [r1, #-1029]!	; 0xfffffbfb
 250:	02052f03 	andeq	r2, r5, #3, 30
 254:	20100522 	andscs	r0, r0, r2, lsr #10
 258:	053d0105 	ldreq	r0, [sp, #-261]!	; 0xfffffefb
 25c:	02059212 	andeq	r9, r5, #536870913	; 0x20000001
 260:	00030531 	andeq	r0, r3, r1, lsr r5
 264:	31010402 	tstcc	r1, r2, lsl #8
 268:	01000702 	tsteq	r0, r2, lsl #14
 26c:	Address 0x0000026c is out of bounds.


Disassembly of section .debug_str:

00000000 <.debug_str>:
   0:	6f73645f 	svcvs	0x0073645f
   4:	6e61685f 	mcrvs	8, 3, r6, cr1, cr15, {2}
   8:	00656c64 	rsbeq	r6, r5, r4, ror #24
   c:	7a69735f 	bvc	1a5cd90 <startup-0x1e5a3270>
  10:	725f0065 	subsvc	r0, pc, #101	; 0x65
  14:	34646e61 	strbtcc	r6, [r4], #-3681	; 0xfffff19f
  18:	655f0038 	ldrbvs	r0, [pc, #-56]	; ffffffe8 <main+0xdffffe18>
  1c:	6772656d 	ldrbvs	r6, [r2, -sp, ror #10]!
  20:	79636e65 	stmdbvc	r3!, {r0, r2, r5, r6, r9, sl, fp, sp, lr}^
  24:	61645f00 	cmnvs	r4, r0, lsl #30
  28:	5f006174 	svcpl	0x00006174
  2c:	74726377 	ldrbtvc	r6, [r2], #-887	; 0xfffffc89
  30:	5f626d6f 	svcpl	0x00626d6f
  34:	74617473 	strbtvc	r7, [r1], #-1139	; 0xfffffb8d
  38:	775f0065 	ldrbvc	r0, [pc, -r5, rrx]
  3c:	74727363 	ldrbtvc	r7, [r2], #-867	; 0xfffffc9d
  40:	73626d6f 	cmnvc	r2, #7104	; 0x1bc0
  44:	6174735f 	cmnvs	r4, pc, asr r3
  48:	6c006574 	cfstr32vs	mvfx6, [r0], {116}	; 0x74
  4c:	20676e6f 	rsbcs	r6, r7, pc, ror #28
  50:	676e6f6c 	strbvs	r6, [lr, -ip, ror #30]!
  54:	736e7520 	cmnvc	lr, #32, 10	; 0x8000000
  58:	656e6769 	strbvs	r6, [lr, #-1897]!	; 0xfffff897
  5c:	6e692064 	cdpvs	0, 6, cr2, cr9, cr4, {3}
  60:	6c5f0074 	mrrcvs	0, 7, r0, pc, cr4	; <UNPREDICTABLE>
  64:	69736662 	ldmdbvs	r3!, {r1, r5, r6, r9, sl, sp, lr}^
  68:	5f00657a 	svcpl	0x0000657a
  6c:	636f6c5f 	cmnvs	pc, #24320	; 0x5f00
  70:	5f656c61 	svcpl	0x00656c61
  74:	6d5f0074 	ldclvs	0, cr0, [pc, #-464]	; fffffeac <main+0xdffffcdc>
  78:	6f747262 	svcvs	0x00747262
  7c:	735f6377 	cmpvc	pc, #-603979775	; 0xdc000001
  80:	65746174 	ldrbvs	r6, [r4, #-372]!	; 0xfffffe8c
  84:	745f5f00 	ldrbvc	r5, [pc], #-3840	; 8c <startup-0x1fffff74>
  88:	65735f6d 	ldrbvs	r5, [r3, #-3949]!	; 0xfffff093
  8c:	6f6c0063 	svcvs	0x006c0063
  90:	6c20676e 	stcvs	7, cr6, [r0], #-440	; 0xfffffe48
  94:	20676e6f 	rsbcs	r6, r7, pc, ror #28
  98:	00746e69 	rsbseq	r6, r4, r9, ror #28
  9c:	7562755f 	strbvc	r7, [r2, #-1375]!	; 0xfffffaa1
  a0:	626b0066 	rsbvs	r0, fp, #102	; 0x66
  a4:	74654764 	strbtvc	r4, [r5], #-1892	; 0xfffff89c
  a8:	006c6f43 	rsbeq	r6, ip, r3, asr #30
  ac:	7361625f 	cmnvc	r1, #-268435451	; 0xf0000005
  b0:	5f5f0065 	svcpl	0x005f0065
  b4:	685f6d74 	ldmdavs	pc, {r2, r4, r5, r6, r8, sl, fp, sp, lr}^	; <UNPREDICTABLE>
  b8:	0072756f 	rsbseq	r7, r2, pc, ror #10
  bc:	66735f5f 	uhsaxvs	r5, r3, pc	; <UNPREDICTABLE>
  c0:	6e6f5f00 	cdpvs	15, 6, cr5, cr15, cr0, {0}
  c4:	6978655f 	ldmdbvs	r8!, {r0, r1, r2, r3, r4, r6, r8, sl, sp, lr}^
  c8:	72615f74 	rsbvc	r5, r1, #116, 30	; 0x1d0
  cc:	5f007367 	svcpl	0x00007367
  d0:	6b6f6f63 	blvs	1bdbe64 <startup-0x1e42419c>
  d4:	5f006569 	svcpl	0x00006569
  d8:	6c67735f 	stclvs	3, cr7, [r7], #-380	; 0xfffffe84
  dc:	5f006575 	svcpl	0x00006575
  e0:	67616c66 	strbvs	r6, [r1, -r6, ror #24]!
  e4:	695f0073 	ldmdbvs	pc, {r0, r1, r4, r5, r6}^	; <UNPREDICTABLE>
  e8:	78635f73 	stmdavc	r3!, {r0, r1, r4, r5, r6, r8, r9, sl, fp, ip, lr}^
  ec:	735f0061 	cmpvc	pc, #97	; 0x61
  f0:	6e696474 	mcrvs	4, 3, r6, cr9, cr4, {3}
  f4:	465f5f00 	ldrbmi	r5, [pc], -r0, lsl #30
  f8:	00454c49 	subeq	r4, r5, r9, asr #24
  fc:	6b6c625f 	blvs	1b18a80 <startup-0x1e4e7580>
 100:	657a6973 	ldrbvs	r6, [sl, #-2419]!	; 0xfffff68d
 104:	76635f00 	strbtvc	r5, [r3], -r0, lsl #30
 108:	66756274 			; <UNDEFINED> instruction: 0x66756274
 10c:	666f5f00 	strbtvs	r5, [pc], -r0, lsl #30
 110:	74657366 	strbtvc	r7, [r5], #-870	; 0xfffffc9a
 114:	626d5f00 	rsbvs	r5, sp, #0, 30
 118:	6f747273 	svcvs	0x00747273
 11c:	5f736377 	svcpl	0x00736377
 120:	74617473 	strbtvc	r7, [r1], #-1139	; 0xfffffb8d
 124:	6d5f0065 	ldclvs	0, cr0, [pc, #-404]	; ffffff98 <main+0xdffffdc8>
 128:	656c7262 	strbvs	r7, [ip, #-610]!	; 0xfffffd9e
 12c:	74735f6e 	ldrbtvc	r5, [r3], #-3950	; 0xfffff092
 130:	00657461 	rsbeq	r7, r5, r1, ror #8
 134:	616e665f 	cmnvs	lr, pc, asr r6
 138:	00736772 	rsbseq	r6, r3, r2, ror r7
 13c:	736e665f 	cmnvc	lr, #99614720	; 0x5f00000
 140:	69735f00 	ldmdbvs	r3!, {r8, r9, sl, fp, ip, lr}^
 144:	5f006e67 	svcpl	0x00006e67
 148:	636f6c66 	cmnvs	pc, #26112	; 0x6600
 14c:	00745f6b 	rsbseq	r5, r4, fp, ror #30
 150:	6474735f 	ldrbtvs	r7, [r4], #-863	; 0xfffffca1
 154:	00727265 	rsbseq	r7, r2, r5, ror #4
 158:	6769425f 			; <UNDEFINED> instruction: 0x6769425f
 15c:	00746e69 	rsbseq	r6, r4, r9, ror #28
 160:	6d61675f 	stclvs	7, cr6, [r1, #-380]!	; 0xfffffe84
 164:	735f616d 	cmpvc	pc, #1073741851	; 0x4000001b
 168:	676e6769 	strbvs	r6, [lr, -r9, ror #14]!
 16c:	5f006d61 	svcpl	0x00006d61
 170:	64616572 	strbtvs	r6, [r1], #-1394	; 0xfffffa8e
 174:	65725f00 	ldrbvs	r5, [r2, #-3840]!	; 0xfffff100
 178:	746c7573 	strbtvc	r7, [ip], #-1395	; 0xfffffa8d
 17c:	5f006b5f 	svcpl	0x00006b5f
 180:	006d745f 	rsbeq	r7, sp, pc, asr r4
 184:	63775f5f 	cmnvs	r7, #380	; 0x17c
 188:	5f006268 	svcpl	0x00006268
 18c:	6f647473 	svcvs	0x00647473
 190:	5f007475 	svcpl	0x00007475
 194:	6c747663 	ldclvs	6, cr7, [r4], #-396	; 0xfffffe74
 198:	5f006e65 	svcpl	0x00006e65
 19c:	656c6966 	strbvs	r6, [ip, #-2406]!	; 0xfffff69a
 1a0:	74756f00 	ldrbtvc	r6, [r5], #-3840	; 0xfffff100
 1a4:	67657337 			; <UNDEFINED> instruction: 0x67657337
 1a8:	696e5f00 	stmdbvs	lr!, {r8, r9, sl, fp, ip, lr}^
 1ac:	0073626f 	rsbseq	r6, r3, pc, ror #4
 1b0:	726f6873 	rsbvc	r6, pc, #7536640	; 0x730000
 1b4:	6e752074 	mrcvs	0, 3, r2, cr5, cr4, {3}
 1b8:	6e676973 			; <UNDEFINED> instruction: 0x6e676973
 1bc:	69206465 	stmdbvs	r0!, {r0, r2, r5, r6, sl, sp, lr}
 1c0:	5f00746e 	svcpl	0x0000746e
 1c4:	78657461 	stmdavc	r5!, {r0, r5, r6, sl, ip, sp, lr}^
 1c8:	00307469 	eorseq	r7, r0, r9, ror #8
 1cc:	6769735f 			; <UNDEFINED> instruction: 0x6769735f
 1d0:	5f6c616e 	svcpl	0x006c616e
 1d4:	00667562 	rsbeq	r7, r6, r2, ror #10
 1d8:	6373615f 	cmnvs	r3, #-1073741801	; 0xc0000017
 1dc:	656d6974 	strbvs	r6, [sp, #-2420]!	; 0xfffff68c
 1e0:	6675625f 			; <UNDEFINED> instruction: 0x6675625f
 1e4:	65725f00 	ldrbvs	r5, [r2, #-3840]!	; 0xfffff100
 1e8:	746c7573 	strbtvc	r7, [ip], #-1395	; 0xfffffa8d
 1ec:	775f5f00 	ldrbvc	r5, [pc, -r0, lsl #30]
 1f0:	5f006863 	svcpl	0x00006863
 1f4:	4b434f4c 	blmi	10d3f2c <startup-0x1ef2c0d4>
 1f8:	7700545f 	smlsdvc	r0, pc, r4, r5	; <UNPREDICTABLE>
 1fc:	5f746e69 	svcpl	0x00746e69
 200:	70610074 	rsbvc	r0, r1, r4, ror r0
 204:	6e695f70 	mcrvs	15, 3, r5, cr9, cr0, {3}
 208:	5f007469 	svcpl	0x00007469
 20c:	67616c66 	strbvs	r6, [r1, -r6, ror #24]!
 210:	5f003273 	svcpl	0x00003273
 214:	74697277 	strbtvc	r7, [r9], #-631	; 0xfffffd89
 218:	5f5f0065 	svcpl	0x005f0065
 21c:	795f6d74 	ldmdbvc	pc, {r2, r4, r5, r6, r8, sl, fp, sp, lr}^	; <UNPREDICTABLE>
 220:	00726165 	rsbseq	r6, r2, r5, ror #2
 224:	7074756f 	rsbsvc	r7, r4, pc, ror #10
 228:	5f007475 	svcpl	0x00007475
 22c:	6c616d6e 	stclvs	13, cr6, [r1], #-440	; 0xfffffe48
 230:	00636f6c 	rsbeq	r6, r3, ip, ror #30
 234:	78656e5f 	stmdavc	r5!, {r0, r1, r2, r3, r4, r6, r9, sl, fp, sp, lr}^
 238:	6b006674 	blvs	19c10 <startup-0x1ffe63f0>
 23c:	00627965 	rsbeq	r7, r2, r5, ror #18
 240:	6d745f5f 	ldclvs	15, cr5, [r4, #-380]!	; 0xfffffe84
 244:	6e6f6d5f 	mcrvs	13, 3, r6, cr15, cr15, {2}
 248:	64626b00 	strbtvs	r6, [r2], #-2816	; 0xfffff500
 24c:	69746341 	ldmdbvs	r4!, {r0, r6, r8, r9, sp, lr}^
 250:	65746176 	ldrbvs	r6, [r4, #-374]!	; 0xfffffe8a
 254:	74615f00 	strbtvc	r5, [r1], #-3840	; 0xfffff100
 258:	74697865 	strbtvc	r7, [r9], #-2149	; 0xfffff79b
 25c:	735f5f00 	cmpvc	pc, #0, 30
 260:	69646964 	stmdbvs	r4!, {r2, r5, r6, r8, fp, sp, lr}^
 264:	0074696e 	rsbseq	r6, r4, lr, ror #18
 268:	66666f5f 	uqsaxvs	r6, r6, pc	; <UNPREDICTABLE>
 26c:	5f00745f 	svcpl	0x0000745f
 270:	65657266 	strbvs	r7, [r5, #-614]!	; 0xfffffd9a
 274:	7473696c 	ldrbtvc	r6, [r3], #-2412	; 0xfffff694
 278:	63775f00 	cmnvs	r7, #0, 30
 27c:	626d6f74 	rsbvs	r6, sp, #116, 30	; 0x1d0
 280:	6174735f 	cmnvs	r4, pc, asr r3
 284:	75006574 	strvc	r6, [r0, #-1396]	; 0xfffffa8c
 288:	6769736e 	strbvs	r7, [r9, -lr, ror #6]!
 28c:	2064656e 	rsbcs	r6, r4, lr, ror #10
 290:	72616863 	rsbvc	r6, r1, #6488064	; 0x630000
 294:	656e5f00 	strbvs	r5, [lr, #-3840]!	; 0xfffff100
 298:	685f0077 	ldmdavs	pc, {r0, r1, r2, r4, r5, r6}^	; <UNPREDICTABLE>
 29c:	7272655f 	rsbsvc	r6, r2, #398458880	; 0x17c00000
 2a0:	73006f6e 	movwvc	r6, #3950	; 0xf6e
 2a4:	74726f68 	ldrbtvc	r6, [r2], #-3944	; 0xfffff098
 2a8:	746e6920 	strbtvc	r6, [lr], #-2336	; 0xfffff6e0
 2ac:	745f5f00 	ldrbvc	r5, [pc], #-3840	; 2b4 <startup-0x1ffffd4c>
 2b0:	64795f6d 	ldrbtvs	r5, [r9], #-3949	; 0xfffff093
 2b4:	5f007961 	svcpl	0x00007961
 2b8:	7562735f 	strbvc	r7, [r2, #-863]!	; 0xfffffca1
 2bc:	695f0066 	ldmdbvs	pc, {r1, r2, r5, r6}^	; <UNPREDICTABLE>
 2c0:	0073626f 	rsbseq	r6, r3, pc, ror #4
 2c4:	555c3a43 	ldrbpl	r3, [ip, #-2627]	; 0xfffff5bd
 2c8:	73726573 	cmnvc	r2, #482344960	; 0x1cc00000
 2cc:	6568745c 	strbvs	r7, [r8, #-1116]!	; 0xfffffba4
 2d0:	4f5c646f 	svcmi	0x005c646f
 2d4:	7244656e 	subvc	r6, r4, #461373440	; 0x1b800000
 2d8:	5c657669 	stclpl	6, cr7, [r5], #-420	; 0xfffffe5c
 2dc:	69726b53 	ldmdbvs	r2!, {r0, r1, r4, r6, r8, r9, fp, sp, lr}^
 2e0:	726f6276 	rsbvc	r6, pc, #1610612743	; 0x60000007
 2e4:	4f4d5c64 	svcmi	0x004d5c64
 2e8:	616c5c50 	cmnvs	ip, r0, asr ip
 2ec:	6b5c3162 	blvs	170c87c <startup-0x1e8f3784>
 2f0:	61707965 	cmnvs	r0, r5, ror #18
 2f4:	6d5f0064 	ldclvs	0, cr0, [pc, #-400]	; 16c <startup-0x1ffffe94>
 2f8:	61747362 	cmnvs	r4, r2, ror #6
 2fc:	745f6574 	ldrbvc	r6, [pc], #-1396	; 304 <startup-0x1ffffcfc>
 300:	735f5f00 	cmpvc	pc, #0, 30
 304:	454c4946 	strbmi	r4, [ip, #-2374]	; 0xfffff6ba
 308:	626d5f00 	rsbvs	r5, sp, #0, 30
 30c:	74617473 	strbtvc	r7, [r1], #-1139	; 0xfffffb8d
 310:	725f0065 	subsvc	r0, pc, #101	; 0x65
 314:	5f646e61 	svcpl	0x00646e61
 318:	7478656e 	ldrbtvc	r6, [r8], #-1390	; 0xfffffa92
 31c:	626d5f00 	rsbvs	r5, sp, #0, 30
 320:	5f6e656c 	svcpl	0x006e656c
 324:	74617473 	strbtvc	r7, [r1], #-1139	; 0xfffffb8d
 328:	695f0065 	ldmdbvs	pc, {r0, r2, r5, r6}^	; <UNPREDICTABLE>
 32c:	5f00636e 	svcpl	0x0000636e
 330:	00646e69 	rsbeq	r6, r4, r9, ror #28
 334:	636f6c5f 	cmnvs	pc, #24320	; 0x5f00
 338:	00656c61 	rsbeq	r6, r5, r1, ror #24
 33c:	6c635f5f 	stclvs	15, cr5, [r3], #-380	; 0xfffffe84
 340:	756e6165 	strbvc	r6, [lr, #-357]!	; 0xfffffe9b
 344:	755f0070 	ldrbvc	r0, [pc, #-112]	; 2dc <startup-0x1ffffd24>
 348:	6570736e 	ldrbvs	r7, [r0, #-878]!	; 0xfffffc92
 34c:	69666963 	stmdbvs	r6!, {r0, r1, r5, r6, r8, fp, sp, lr}^
 350:	6c5f6465 	cfldrdvs	mvd6, [pc], {101}	; 0x65
 354:	6c61636f 	stclvs	3, cr6, [r1], #-444	; 0xfffffe44
 358:	6e695f65 	cdpvs	15, 6, cr5, cr9, cr5, {3}
 35c:	5f006f66 	svcpl	0x00006f66
 360:	7778616d 	ldrbvc	r6, [r8, -sp, ror #2]!
 364:	5f007364 	svcpl	0x00007364
 368:	6e656572 	mcrvs	5, 3, r6, cr5, cr2, {3}
 36c:	735f0074 	cmpvc	pc, #116	; 0x74
 370:	00646565 	rsbeq	r6, r4, r5, ror #10
 374:	6f635f5f 	svcvs	0x00635f5f
 378:	00746e75 	rsbseq	r6, r4, r5, ror lr
 37c:	6f6c5f5f 	svcvs	0x006c5f5f
 380:	5f006b63 	svcpl	0x00006b63
 384:	6c61765f 	stclvs	6, cr7, [r1], #-380	; 0xfffffe84
 388:	5f006575 	svcpl	0x00006575
 38c:	6b656573 	blvs	1959960 <startup-0x1e6a66a0>
 390:	70665f00 	rsbvc	r5, r6, r0, lsl #30
 394:	745f736f 	ldrbvc	r7, [pc], #-879	; 39c <startup-0x1ffffc64>
 398:	745f5f00 	ldrbvc	r5, [pc], #-3840	; 3a0 <startup-0x1ffffc60>
 39c:	696d5f6d 	stmdbvs	sp!, {r0, r2, r3, r5, r6, r8, r9, sl, fp, ip, lr}^
 3a0:	7473006e 	ldrbtvc	r0, [r3], #-110	; 0xffffff92
 3a4:	75747261 	ldrbvc	r7, [r4, #-609]!	; 0xfffffd9f
 3a8:	6d5f0070 	ldclvs	0, cr0, [pc, #-448]	; 1f0 <startup-0x1ffffe10>
 3ac:	00746c75 	rsbseq	r6, r4, r5, ror ip
 3b0:	7274735f 	rsbsvc	r7, r4, #2080374785	; 0x7c000001
 3b4:	5f6b6f74 	svcpl	0x006b6f74
 3b8:	7473616c 	ldrbtvc	r6, [r3], #-364	; 0xfffffe94
 3bc:	6e665f00 	cdpvs	15, 6, cr5, cr6, cr0, {0}
 3c0:	65707974 	ldrbvs	r7, [r0, #-2420]!	; 0xfffff68c
 3c4:	615f0073 	cmpvs	pc, r3, ror r0	; <UNPREDICTABLE>
 3c8:	5f006464 	svcpl	0x00006464
 3cc:	6f4c555f 	svcvs	0x004c555f
 3d0:	5f00676e 	svcpl	0x0000676e
 3d4:	64746567 	ldrbtvs	r6, [r4], #-1383	; 0xfffffa99
 3d8:	5f657461 	svcpl	0x00657461
 3dc:	00727265 	rsbseq	r7, r2, r5, ror #4
 3e0:	552f3a43 	strpl	r3, [pc, #-2627]!	; fffff9a5 <main+0xdffff7d5>
 3e4:	73726573 	cmnvc	r2, #482344960	; 0x1cc00000
 3e8:	6568742f 	strbvs	r7, [r8, #-1071]!	; 0xfffffbd1
 3ec:	4f2f646f 	svcmi	0x002f646f
 3f0:	7244656e 	subvc	r6, r4, #461373440	; 0x1b800000
 3f4:	2f657669 	svccs	0x00657669
 3f8:	69726b53 	ldmdbvs	r2!, {r0, r1, r4, r6, r8, r9, fp, sp, lr}^
 3fc:	726f6276 	rsbvc	r6, pc, #1610612743	; 0x60000007
 400:	4f4d2f64 	svcmi	0x004d2f64
 404:	616c2f50 	cmnvs	ip, r0, asr pc
 408:	6b2f3162 	blvs	bcc998 <startup-0x1f433668>
 40c:	61707965 	cmnvs	r0, r5, ror #18
 410:	74732f64 	ldrbtvc	r2, [r3], #-3940	; 0xfffff09c
 414:	75747261 	ldrbvc	r7, [r4, #-609]!	; 0xfffffd9f
 418:	00632e70 	rsbeq	r2, r3, r0, ror lr
 41c:	6f6c675f 	svcvs	0x006c675f
 420:	5f6c6162 	svcpl	0x006c6162
 424:	75706d69 	ldrbvc	r6, [r0, #-3433]!	; 0xfffff297
 428:	705f6572 	subsvc	r6, pc, r2, ror r5	; <UNPREDICTABLE>
 42c:	5f007274 	svcpl	0x00007274
 430:	73756e75 	cmnvc	r5, #1872	; 0x750
 434:	725f6465 	subsvc	r6, pc, #1694498816	; 0x65000000
 438:	00646e61 	rsbeq	r6, r4, r1, ror #28
 43c:	7364775f 	cmnvc	r4, #24903680	; 0x17c0000
 440:	745f5f00 	ldrbvc	r5, [pc], #-3840	; 448 <startup-0x1ffffbb8>
 444:	64775f6d 	ldrbtvs	r5, [r7], #-3949	; 0xfffff093
 448:	5f007961 	svcpl	0x00007961
 44c:	65756c67 	ldrbvs	r6, [r5, #-3175]!	; 0xfffff399
 450:	554e4700 	strbpl	r4, [lr, #-1792]	; 0xfffff900
 454:	39394320 	ldmdbcc	r9!, {r5, r8, r9, lr}
 458:	322e3920 	eorcc	r3, lr, #32, 18	; 0x80000
 45c:	3220312e 	eorcc	r3, r0, #-2147483637	; 0x8000000b
 460:	31393130 	teqcc	r9, r0, lsr r1
 464:	20353230 	eorscs	r3, r5, r0, lsr r2
 468:	6c657228 	sfmvs	f7, 2, [r5], #-160	; 0xffffff60
 46c:	65736165 	ldrbvs	r6, [r3, #-357]!	; 0xfffffe9b
 470:	415b2029 	cmpmi	fp, r9, lsr #32
 474:	612f4d52 			; <UNDEFINED> instruction: 0x612f4d52
 478:	392d6d72 	pushcc	{r1, r4, r5, r6, r8, sl, fp, sp, lr}
 47c:	6172622d 	cmnvs	r2, sp, lsr #4
 480:	2068636e 	rsbcs	r6, r8, lr, ror #6
 484:	69766572 	ldmdbvs	r6!, {r1, r4, r5, r6, r8, sl, sp, lr}^
 488:	6e6f6973 			; <UNDEFINED> instruction: 0x6e6f6973
 48c:	37373220 	ldrcc	r3, [r7, -r0, lsr #4]!
 490:	5d393935 			; <UNDEFINED> instruction: 0x5d393935
 494:	746d2d20 	strbtvc	r2, [sp], #-3360	; 0xfffff2e0
 498:	626d7568 	rsbvs	r7, sp, #104, 10	; 0x1a000000
 49c:	666d2d20 	strbtvs	r2, [sp], -r0, lsr #26
 4a0:	74616f6c 	strbtvc	r6, [r1], #-3948	; 0xfffff094
 4a4:	6962612d 	stmdbvs	r2!, {r0, r2, r3, r5, r8, sp, lr}^
 4a8:	666f733d 			; <UNDEFINED> instruction: 0x666f733d
 4ac:	6d2d2074 	stcvs	0, cr2, [sp, #-464]!	; 0xfffffe30
 4b0:	68637261 	stmdavs	r3!, {r0, r5, r6, r9, ip, sp, lr}^
 4b4:	6d72613d 	ldfvse	f6, [r2, #-244]!	; 0xffffff0c
 4b8:	6d2d3676 	stcvs	6, cr3, [sp, #-472]!	; 0xfffffe28
 4bc:	20672d20 	rsbcs	r2, r7, r0, lsr #26
 4c0:	20304f2d 	eorscs	r4, r0, sp, lsr #30
 4c4:	6474732d 	ldrbtvs	r7, [r4], #-813	; 0xfffffcd3
 4c8:	3939633d 	ldmdbcc	r9!, {r0, r2, r3, r4, r5, r8, r9, sp, lr}
 4cc:	366c5f00 	strbtcc	r5, [ip], -r0, lsl #30
 4d0:	625f6134 	subsvs	r6, pc, #52, 2
 4d4:	5f006675 	svcpl	0x00006675
 4d8:	5f676973 	svcpl	0x00676973
 4dc:	636e7566 	cmnvs	lr, #427819008	; 0x19800000
 4e0:	626e5f00 	rsbvs	r5, lr, #0, 30
 4e4:	5f006675 	svcpl	0x00006675
 4e8:	73756e75 	cmnvc	r5, #1872	; 0x750
 4ec:	5f006465 	svcpl	0x00006465
 4f0:	5f6d745f 	svcpl	0x006d745f
 4f4:	73647369 	cmnvc	r4, #-1543503871	; 0xa4000001
 4f8:	6c5f0074 	mrrcvs	0, 7, r0, pc, cr4	; <UNPREDICTABLE>
 4fc:	6c61636f 	stclvs	3, cr6, [r1], #-444	; 0xfffffe44
 500:	656d6974 	strbvs	r6, [sp, #-2420]!	; 0xfffff68c
 504:	6675625f 			; <UNDEFINED> instruction: 0x6675625f
 508:	6c635f00 	stclvs	15, cr5, [r3], #-0
 50c:	0065736f 	rsbeq	r7, r5, pc, ror #6
 510:	3834725f 	ldmdacc	r4!, {r0, r1, r2, r3, r4, r6, r9, ip, sp, lr}
 514:	626d5f00 	rsbvs	r5, sp, #0, 30
 518:	63776f74 	cmnvs	r7, #116, 30	; 0x1d0
 51c:	6174735f 	cmnvs	r4, pc, asr r3
 520:	5f006574 	svcpl	0x00006574
 524:	00733570 	rsbseq	r3, r3, r0, ror r5
 528:	6e69616d 	powvsez	f6, f1, #5.0
 52c:	745f5f00 	ldrbvc	r5, [pc], #-3840	; 534 <startup-0x1ffffacc>
 530:	646d5f6d 	strbtvs	r5, [sp], #-3949	; 0xfffff093
 534:	Address 0x00000534 is out of bounds.


Disassembly of section .comment:

00000000 <.comment>:
   0:	3a434347 	bcc	10d0d24 <startup-0x1ef2f2dc>
   4:	4e472820 	cdpmi	8, 4, cr2, cr7, cr0, {1}
   8:	6f542055 	svcvs	0x00542055
   c:	20736c6f 	rsbscs	r6, r3, pc, ror #24
  10:	20726f66 	rsbscs	r6, r2, r6, ror #30
  14:	206d7241 	rsbcs	r7, sp, r1, asr #4
  18:	65626d45 	strbvs	r6, [r2, #-3397]!	; 0xfffff2bb
  1c:	64656464 	strbtvs	r6, [r5], #-1124	; 0xfffffb9c
  20:	6f725020 	svcvs	0x00725020
  24:	73736563 	cmnvc	r3, #415236096	; 0x18c00000
  28:	2073726f 	rsbscs	r7, r3, pc, ror #4
  2c:	30322d39 	eorscc	r2, r2, r9, lsr sp
  30:	712d3931 			; <UNDEFINED> instruction: 0x712d3931
  34:	616d2d34 	cmnvs	sp, r4, lsr sp
  38:	29726f6a 	ldmdbcs	r2!, {r1, r3, r5, r6, r8, r9, sl, fp, sp, lr}^
  3c:	322e3920 	eorcc	r3, lr, #32, 18	; 0x80000
  40:	3220312e 	eorcc	r3, r0, #-2147483637	; 0x8000000b
  44:	31393130 	teqcc	r9, r0, lsr r1
  48:	20353230 	eorscs	r3, r5, r0, lsr r2
  4c:	6c657228 	sfmvs	f7, 2, [r5], #-160	; 0xffffff60
  50:	65736165 	ldrbvs	r6, [r3, #-357]!	; 0xfffffe9b
  54:	415b2029 	cmpmi	fp, r9, lsr #32
  58:	612f4d52 			; <UNDEFINED> instruction: 0x612f4d52
  5c:	392d6d72 	pushcc	{r1, r4, r5, r6, r8, sl, fp, sp, lr}
  60:	6172622d 	cmnvs	r2, sp, lsr #4
  64:	2068636e 	rsbcs	r6, r8, lr, ror #6
  68:	69766572 	ldmdbvs	r6!, {r1, r4, r5, r6, r8, sl, sp, lr}^
  6c:	6e6f6973 			; <UNDEFINED> instruction: 0x6e6f6973
  70:	37373220 	ldrcc	r3, [r7, -r0, lsr #4]!
  74:	5d393935 			; <UNDEFINED> instruction: 0x5d393935
	...

Disassembly of section .ARM.attributes:

00000000 <.ARM.attributes>:
   0:	00002a41 	andeq	r2, r0, r1, asr #20
   4:	61656100 	cmnvs	r5, r0, lsl #2
   8:	01006962 	tsteq	r0, r2, ror #18
   c:	00000020 	andeq	r0, r0, r0, lsr #32
  10:	4d2d3605 	stcmi	6, cr3, [sp, #-20]!	; 0xffffffec
  14:	070b0600 	streq	r0, [fp, -r0, lsl #12]
  18:	1201094d 	andne	r0, r1, #1261568	; 0x134000
  1c:	15011404 	strne	r1, [r1, #-1028]	; 0xfffffbfc
  20:	18031701 	stmdane	r3, {r0, r8, r9, sl, ip}
  24:	1a011901 	bne	46430 <startup-0x1ffb9bd0>
  28:	Address 0x00000028 is out of bounds.


Disassembly of section .debug_frame:

00000000 <.debug_frame>:
   0:	0000000c 	andeq	r0, r0, ip
   4:	ffffffff 			; <UNDEFINED> instruction: 0xffffffff
   8:	7c020001 	stcvc	0, cr0, [r2], {1}
   c:	000d0c0e 	andeq	r0, sp, lr, lsl #24
  10:	0000000c 	andeq	r0, r0, ip
  14:	00000000 	andeq	r0, r0, r0
  18:	20000000 	andcs	r0, r0, r0
  1c:	0000000c 	andeq	r0, r0, ip
  20:	0000001c 	andeq	r0, r0, ip, lsl r0
  24:	00000000 	andeq	r0, r0, r0
  28:	20000010 	andcs	r0, r0, r0, lsl r0
  2c:	00000054 	andeq	r0, r0, r4, asr r0
  30:	87080e41 	strhi	r0, [r8, -r1, asr #28]
  34:	41018e02 	tstmi	r1, r2, lsl #28
  38:	0d41100e 	stcleq	0, cr1, [r1, #-56]	; 0xffffffc8
  3c:	00000007 	andeq	r0, r0, r7
  40:	0000001c 	andeq	r0, r0, ip, lsl r0
  44:	00000000 	andeq	r0, r0, r0
  48:	20000064 	andcs	r0, r0, r4, rrx
  4c:	00000054 	andeq	r0, r0, r4, asr r0
  50:	87080e41 	strhi	r0, [r8, -r1, asr #28]
  54:	41018e02 	tstmi	r1, r2, lsl #28
  58:	0d41100e 	stcleq	0, cr1, [r1, #-56]	; 0xffffffc8
  5c:	00000007 	andeq	r0, r0, r7
  60:	00000018 	andeq	r0, r0, r8, lsl r0
  64:	00000000 	andeq	r0, r0, r0
  68:	200000b8 	strhcs	r0, [r0], -r8
  6c:	00000018 	andeq	r0, r0, r8, lsl r0
  70:	87080e41 	strhi	r0, [r8, -r1, asr #28]
  74:	41018e02 	tstmi	r1, r2, lsl #28
  78:	0000070d 	andeq	r0, r0, sp, lsl #14
  7c:	0000001c 	andeq	r0, r0, ip, lsl r0
  80:	00000000 	andeq	r0, r0, r0
  84:	200000d0 	ldrdcs	r0, [r0], -r0	; <UNPREDICTABLE>
  88:	00000068 	andeq	r0, r0, r8, rrx
  8c:	840c0e41 	strhi	r0, [ip], #-3649	; 0xfffff1bf
  90:	8e028703 	cdphi	7, 0, cr8, cr2, cr3, {0}
  94:	280e4101 	stmdacs	lr, {r0, r8, lr}
  98:	00070d41 	andeq	r0, r7, r1, asr #26
  9c:	0000001c 	andeq	r0, r0, ip, lsl r0
  a0:	00000000 	andeq	r0, r0, r0
  a4:	20000138 	andcs	r0, r0, r8, lsr r1
  a8:	00000098 	muleq	r0, r8, r0
  ac:	87080e41 	strhi	r0, [r8, -r1, asr #28]
  b0:	41018e02 	tstmi	r1, r2, lsl #28
  b4:	0d41180e 	stcleq	8, cr1, [r1, #-56]	; 0xffffffc8
  b8:	00000007 	andeq	r0, r0, r7
  bc:	00000018 	andeq	r0, r0, r8, lsl r0
  c0:	00000000 	andeq	r0, r0, r0
  c4:	200001d0 	ldrdcs	r0, [r0], -r0	; <UNPREDICTABLE>
  c8:	00000016 	andeq	r0, r0, r6, lsl r0
  cc:	87080e41 	strhi	r0, [r8, -r1, asr #28]
  d0:	41018e02 	tstmi	r1, r2, lsl #28
  d4:	0000070d 	andeq	r0, r0, sp, lsl #14
