
Debug/Uppgift3:     file format elf32-littlearm


Disassembly of section .text:

20000000 <startup>:
 
__attribute__((naked)) 
__attribute__((section (".start_section")) )

void startup ( void ) {
__asm__ volatile(" LDR R0,=0x2001C000\n");		/* set stack */
20000000:	4802      	ldr	r0, [pc, #8]	; (2000000c <startup+0xc>)
__asm__ volatile(" MOV SP,R0\n");
20000002:	4685      	mov	sp, r0
__asm__ volatile(" BL main\n");					/* call main */
20000004:	f000 f913 	bl	2000022e <main>
__asm__ volatile(".L1: B .L1\n");				/* never return */
20000008:	e7fe      	b.n	20000008 <startup+0x8>
}
2000000a:	46c0      	nop			; (mov r8, r8)
2000000c:	2001c000 	andcs	ip, r1, r0

20000010 <kbdActivate>:

void kbdActivate(unsigned int row){
20000010:	b580      	push	{r7, lr}
20000012:	b082      	sub	sp, #8
20000014:	af00      	add	r7, sp, #0
20000016:	6078      	str	r0, [r7, #4]
20000018:	687b      	ldr	r3, [r7, #4]
2000001a:	2b04      	cmp	r3, #4
2000001c:	d819      	bhi.n	20000052 <kbdActivate+0x42>
2000001e:	687b      	ldr	r3, [r7, #4]
20000020:	009a      	lsls	r2, r3, #2
20000022:	4b0e      	ldr	r3, [pc, #56]	; (2000005c <kbdActivate+0x4c>)
20000024:	18d3      	adds	r3, r2, r3
20000026:	681b      	ldr	r3, [r3, #0]
20000028:	469f      	mov	pc, r3
/*aktivera angiven rad hos tangentbordet, eller deaktivera samtliga*/
switch( row ){
	case 1: *GPIO_ODR_HIGH = 0x10; break;
2000002a:	4b0d      	ldr	r3, [pc, #52]	; (20000060 <kbdActivate+0x50>)
2000002c:	2210      	movs	r2, #16
2000002e:	701a      	strb	r2, [r3, #0]
20000030:	e00f      	b.n	20000052 <kbdActivate+0x42>
	case 2: *GPIO_ODR_HIGH = 0x20; break;
20000032:	4b0b      	ldr	r3, [pc, #44]	; (20000060 <kbdActivate+0x50>)
20000034:	2220      	movs	r2, #32
20000036:	701a      	strb	r2, [r3, #0]
20000038:	e00b      	b.n	20000052 <kbdActivate+0x42>
	case 3: *GPIO_ODR_HIGH = 0x40; break;
2000003a:	4b09      	ldr	r3, [pc, #36]	; (20000060 <kbdActivate+0x50>)
2000003c:	2240      	movs	r2, #64	; 0x40
2000003e:	701a      	strb	r2, [r3, #0]
20000040:	e007      	b.n	20000052 <kbdActivate+0x42>
	case 4: *GPIO_ODR_HIGH = 0x80; break;
20000042:	4b07      	ldr	r3, [pc, #28]	; (20000060 <kbdActivate+0x50>)
20000044:	2280      	movs	r2, #128	; 0x80
20000046:	701a      	strb	r2, [r3, #0]
20000048:	e003      	b.n	20000052 <kbdActivate+0x42>
	case 0: *GPIO_ODR_HIGH = 0x00; break;
2000004a:	4b05      	ldr	r3, [pc, #20]	; (20000060 <kbdActivate+0x50>)
2000004c:	2200      	movs	r2, #0
2000004e:	701a      	strb	r2, [r3, #0]
20000050:	46c0      	nop			; (mov r8, r8)
}
}
20000052:	46c0      	nop			; (mov r8, r8)
20000054:	46bd      	mov	sp, r7
20000056:	b002      	add	sp, #8
20000058:	bd80      	pop	{r7, pc}
2000005a:	46c0      	nop			; (mov r8, r8)
2000005c:	20000258 	andcs	r0, r0, r8, asr r2
20000060:	40020c15 	andmi	r0, r2, r5, lsl ip

20000064 <kbdGetCol>:

int kbdGetCol (void) {
20000064:	b580      	push	{r7, lr}
20000066:	b082      	sub	sp, #8
20000068:	af00      	add	r7, sp, #0
	unsigned char c;
	c = *GPIO_IDR_HIGH;
2000006a:	4a12      	ldr	r2, [pc, #72]	; (200000b4 <kbdGetCol+0x50>)
2000006c:	1dfb      	adds	r3, r7, #7
2000006e:	7812      	ldrb	r2, [r2, #0]
20000070:	701a      	strb	r2, [r3, #0]
	if (c & 0x8) return 4;
20000072:	1dfb      	adds	r3, r7, #7
20000074:	781b      	ldrb	r3, [r3, #0]
20000076:	2208      	movs	r2, #8
20000078:	4013      	ands	r3, r2
2000007a:	d001      	beq.n	20000080 <kbdGetCol+0x1c>
2000007c:	2304      	movs	r3, #4
2000007e:	e015      	b.n	200000ac <kbdGetCol+0x48>
	if (c & 0x4) return 3;
20000080:	1dfb      	adds	r3, r7, #7
20000082:	781b      	ldrb	r3, [r3, #0]
20000084:	2204      	movs	r2, #4
20000086:	4013      	ands	r3, r2
20000088:	d001      	beq.n	2000008e <kbdGetCol+0x2a>
2000008a:	2303      	movs	r3, #3
2000008c:	e00e      	b.n	200000ac <kbdGetCol+0x48>
	if (c & 0x2) return 2;
2000008e:	1dfb      	adds	r3, r7, #7
20000090:	781b      	ldrb	r3, [r3, #0]
20000092:	2202      	movs	r2, #2
20000094:	4013      	ands	r3, r2
20000096:	d001      	beq.n	2000009c <kbdGetCol+0x38>
20000098:	2302      	movs	r3, #2
2000009a:	e007      	b.n	200000ac <kbdGetCol+0x48>
	if (c & 0x1) return 1;
2000009c:	1dfb      	adds	r3, r7, #7
2000009e:	781b      	ldrb	r3, [r3, #0]
200000a0:	2201      	movs	r2, #1
200000a2:	4013      	ands	r3, r2
200000a4:	d001      	beq.n	200000aa <kbdGetCol+0x46>
200000a6:	2301      	movs	r3, #1
200000a8:	e000      	b.n	200000ac <kbdGetCol+0x48>
	return 0;
200000aa:	2300      	movs	r3, #0
}
200000ac:	0018      	movs	r0, r3
200000ae:	46bd      	mov	sp, r7
200000b0:	b002      	add	sp, #8
200000b2:	bd80      	pop	{r7, pc}
200000b4:	40020c11 	andmi	r0, r2, r1, lsl ip

200000b8 <app_init>:

void app_init(void){
200000b8:	b580      	push	{r7, lr}
200000ba:	af00      	add	r7, sp, #0

	*GPIO_MODER = 0x55005555;
200000bc:	4b02      	ldr	r3, [pc, #8]	; (200000c8 <app_init+0x10>)
200000be:	4a03      	ldr	r2, [pc, #12]	; (200000cc <app_init+0x14>)
200000c0:	601a      	str	r2, [r3, #0]

}
200000c2:	46c0      	nop			; (mov r8, r8)
200000c4:	46bd      	mov	sp, r7
200000c6:	bd80      	pop	{r7, pc}
200000c8:	40020c00 	andmi	r0, r2, r0, lsl #24
200000cc:	55005555 	strpl	r5, [r0, #-1365]	; 0xfffffaab

200000d0 <keyb>:



unsigned char keyb (void) {
200000d0:	b590      	push	{r4, r7, lr}
200000d2:	b087      	sub	sp, #28
200000d4:	af00      	add	r7, sp, #0
	unsigned char key[] = {1,2,3,0xA,4,5,6,0xB,7,8,9,0xC,0xE,0,0xF,0xD};
200000d6:	003b      	movs	r3, r7
200000d8:	4a16      	ldr	r2, [pc, #88]	; (20000134 <keyb+0x64>)
200000da:	ca13      	ldmia	r2!, {r0, r1, r4}
200000dc:	c313      	stmia	r3!, {r0, r1, r4}
200000de:	6812      	ldr	r2, [r2, #0]
200000e0:	601a      	str	r2, [r3, #0]
	int row, col;
	for (row=1; row <= 4; row++) {
200000e2:	2301      	movs	r3, #1
200000e4:	617b      	str	r3, [r7, #20]
200000e6:	e019      	b.n	2000011c <keyb+0x4c>
		kbdActivate( row );
200000e8:	697b      	ldr	r3, [r7, #20]
200000ea:	0018      	movs	r0, r3
200000ec:	f7ff ff90 	bl	20000010 <kbdActivate>
		if ((col = kbdGetCol ())) {
200000f0:	f7ff ffb8 	bl	20000064 <kbdGetCol>
200000f4:	0003      	movs	r3, r0
200000f6:	613b      	str	r3, [r7, #16]
200000f8:	693b      	ldr	r3, [r7, #16]
200000fa:	2b00      	cmp	r3, #0
200000fc:	d00b      	beq.n	20000116 <keyb+0x46>
			kbdActivate (0);
200000fe:	2000      	movs	r0, #0
20000100:	f7ff ff86 	bl	20000010 <kbdActivate>
			return key [4*(row-1)+(col-1)];
20000104:	697b      	ldr	r3, [r7, #20]
20000106:	3b01      	subs	r3, #1
20000108:	009a      	lsls	r2, r3, #2
2000010a:	693b      	ldr	r3, [r7, #16]
2000010c:	3b01      	subs	r3, #1
2000010e:	18d3      	adds	r3, r2, r3
20000110:	003a      	movs	r2, r7
20000112:	5cd3      	ldrb	r3, [r2, r3]
20000114:	e009      	b.n	2000012a <keyb+0x5a>
	for (row=1; row <= 4; row++) {
20000116:	697b      	ldr	r3, [r7, #20]
20000118:	3301      	adds	r3, #1
2000011a:	617b      	str	r3, [r7, #20]
2000011c:	697b      	ldr	r3, [r7, #20]
2000011e:	2b04      	cmp	r3, #4
20000120:	dde2      	ble.n	200000e8 <keyb+0x18>
		}
	}
	kbdActivate(0);
20000122:	2000      	movs	r0, #0
20000124:	f7ff ff74 	bl	20000010 <kbdActivate>
	return 0xFF;
20000128:	23ff      	movs	r3, #255	; 0xff
}
2000012a:	0018      	movs	r0, r3
2000012c:	46bd      	mov	sp, r7
2000012e:	b007      	add	sp, #28
20000130:	bd90      	pop	{r4, r7, pc}
20000132:	46c0      	nop			; (mov r8, r8)
20000134:	2000026c 	andcs	r0, r0, ip, ror #4

20000138 <out7seg>:

void out7seg (unsigned char c) {
20000138:	b580      	push	{r7, lr}
2000013a:	b084      	sub	sp, #16
2000013c:	af00      	add	r7, sp, #0
2000013e:	0002      	movs	r2, r0
20000140:	1dfb      	adds	r3, r7, #7
20000142:	701a      	strb	r2, [r3, #0]
	int output;
	switch (c) {
20000144:	1dfb      	adds	r3, r7, #7
20000146:	781b      	ldrb	r3, [r3, #0]
20000148:	2b0f      	cmp	r3, #15
2000014a:	d834      	bhi.n	200001b6 <out7seg+0x7e>
2000014c:	009a      	lsls	r2, r3, #2
2000014e:	4b1e      	ldr	r3, [pc, #120]	; (200001c8 <out7seg+0x90>)
20000150:	18d3      	adds	r3, r2, r3
20000152:	681b      	ldr	r3, [r3, #0]
20000154:	469f      	mov	pc, r3
		case 0: output = 0x3F;
20000156:	233f      	movs	r3, #63	; 0x3f
20000158:	60fb      	str	r3, [r7, #12]
		break;
2000015a:	e02c      	b.n	200001b6 <out7seg+0x7e>
		case 1: output = 0x30;
2000015c:	2330      	movs	r3, #48	; 0x30
2000015e:	60fb      	str	r3, [r7, #12]
		break;
20000160:	e029      	b.n	200001b6 <out7seg+0x7e>
		case 2: output = 0x5B;
20000162:	235b      	movs	r3, #91	; 0x5b
20000164:	60fb      	str	r3, [r7, #12]
		break;
20000166:	e026      	b.n	200001b6 <out7seg+0x7e>
		case 3: output = 0x4F;
20000168:	234f      	movs	r3, #79	; 0x4f
2000016a:	60fb      	str	r3, [r7, #12]
		break;
2000016c:	e023      	b.n	200001b6 <out7seg+0x7e>
		case 4: output = 0x66;
2000016e:	2366      	movs	r3, #102	; 0x66
20000170:	60fb      	str	r3, [r7, #12]
		break;
20000172:	e020      	b.n	200001b6 <out7seg+0x7e>
		case 5: output = 0x6D;
20000174:	236d      	movs	r3, #109	; 0x6d
20000176:	60fb      	str	r3, [r7, #12]
		break;
20000178:	e01d      	b.n	200001b6 <out7seg+0x7e>
		case 6: output = 0x7D;
2000017a:	237d      	movs	r3, #125	; 0x7d
2000017c:	60fb      	str	r3, [r7, #12]
		break;
2000017e:	e01a      	b.n	200001b6 <out7seg+0x7e>
		case 7: output = 0x03;
20000180:	2303      	movs	r3, #3
20000182:	60fb      	str	r3, [r7, #12]
		break;
20000184:	e017      	b.n	200001b6 <out7seg+0x7e>
		case 8: output = 0x7F;
20000186:	237f      	movs	r3, #127	; 0x7f
20000188:	60fb      	str	r3, [r7, #12]
		break;
2000018a:	e014      	b.n	200001b6 <out7seg+0x7e>
		case 9: output = 0x6F;
2000018c:	236f      	movs	r3, #111	; 0x6f
2000018e:	60fb      	str	r3, [r7, #12]
		break;
20000190:	e011      	b.n	200001b6 <out7seg+0x7e>
		case 0xA: output = 0x77;
20000192:	2377      	movs	r3, #119	; 0x77
20000194:	60fb      	str	r3, [r7, #12]
		break;
20000196:	e00e      	b.n	200001b6 <out7seg+0x7e>
		case 0xB: output = 0x7C;
20000198:	237c      	movs	r3, #124	; 0x7c
2000019a:	60fb      	str	r3, [r7, #12]
		break;
2000019c:	e00b      	b.n	200001b6 <out7seg+0x7e>
		case 0xC: output = 0x38;
2000019e:	2338      	movs	r3, #56	; 0x38
200001a0:	60fb      	str	r3, [r7, #12]
		break;
200001a2:	e008      	b.n	200001b6 <out7seg+0x7e>
		case 0xE: output = 0x79;
200001a4:	2379      	movs	r3, #121	; 0x79
200001a6:	60fb      	str	r3, [r7, #12]
		break;
200001a8:	e005      	b.n	200001b6 <out7seg+0x7e>
		case 0xF: output = 0x71;
200001aa:	2371      	movs	r3, #113	; 0x71
200001ac:	60fb      	str	r3, [r7, #12]
		break;
200001ae:	e002      	b.n	200001b6 <out7seg+0x7e>
		case 0xD: output = 0x5E;
200001b0:	235e      	movs	r3, #94	; 0x5e
200001b2:	60fb      	str	r3, [r7, #12]
		break;
200001b4:	46c0      	nop			; (mov r8, r8)
	}
	*GPIO_ODR_LOW = output;	
200001b6:	4b05      	ldr	r3, [pc, #20]	; (200001cc <out7seg+0x94>)
200001b8:	68fa      	ldr	r2, [r7, #12]
200001ba:	b2d2      	uxtb	r2, r2
200001bc:	701a      	strb	r2, [r3, #0]
}
200001be:	46c0      	nop			; (mov r8, r8)
200001c0:	46bd      	mov	sp, r7
200001c2:	b004      	add	sp, #16
200001c4:	bd80      	pop	{r7, pc}
200001c6:	46c0      	nop			; (mov r8, r8)
200001c8:	2000027c 	andcs	r0, r0, ip, ror r2
200001cc:	40020c14 	andmi	r0, r2, r4, lsl ip

200001d0 <keyb_enhanced>:

unsigned char keyb_enhanced(void) {
200001d0:	b580      	push	{r7, lr}
200001d2:	b082      	sub	sp, #8
200001d4:	af00      	add	r7, sp, #0
	bool keyb_state = true;				 // 1(true) = initialtillstånd, 0(false) = väntetillstånd
200001d6:	1dfb      	adds	r3, r7, #7
200001d8:	2201      	movs	r2, #1
200001da:	701a      	strb	r2, [r3, #0]

	if (keyb_state == false) {
200001dc:	1dfb      	adds	r3, r7, #7
200001de:	781b      	ldrb	r3, [r3, #0]
200001e0:	2201      	movs	r2, #1
200001e2:	4053      	eors	r3, r2
200001e4:	b2db      	uxtb	r3, r3
200001e6:	2b00      	cmp	r3, #0
200001e8:	d00d      	beq.n	20000206 <keyb_enhanced+0x36>
		//AKTIVERA SAMTLIGA RADER????
		if (keyb() != 0xFF) {
200001ea:	f7ff ff71 	bl	200000d0 <keyb>
200001ee:	0003      	movs	r3, r0
200001f0:	2bff      	cmp	r3, #255	; 0xff
200001f2:	d003      	beq.n	200001fc <keyb_enhanced+0x2c>
			keyb_state = false;
200001f4:	1dfb      	adds	r3, r7, #7
200001f6:	2200      	movs	r2, #0
200001f8:	701a      	strb	r2, [r3, #0]
200001fa:	e002      	b.n	20000202 <keyb_enhanced+0x32>
		}
		else {
			keyb_state = true;
200001fc:	1dfb      	adds	r3, r7, #7
200001fe:	2201      	movs	r2, #1
20000200:	701a      	strb	r2, [r3, #0]
		}
		return 0xFF;
20000202:	23ff      	movs	r3, #255	; 0xff
20000204:	e00f      	b.n	20000226 <keyb_enhanced+0x56>
	}
	if (keyb_state == true) {
20000206:	1dfb      	adds	r3, r7, #7
20000208:	781b      	ldrb	r3, [r3, #0]
2000020a:	2b00      	cmp	r3, #0
2000020c:	d00b      	beq.n	20000226 <keyb_enhanced+0x56>
		if (keyb() != 0xFF) {
2000020e:	f7ff ff5f 	bl	200000d0 <keyb>
20000212:	0003      	movs	r3, r0
20000214:	2bff      	cmp	r3, #255	; 0xff
20000216:	d006      	beq.n	20000226 <keyb_enhanced+0x56>
			keyb_state = false;
20000218:	1dfb      	adds	r3, r7, #7
2000021a:	2200      	movs	r2, #0
2000021c:	701a      	strb	r2, [r3, #0]
			return keyb();
2000021e:	f7ff ff57 	bl	200000d0 <keyb>
20000222:	0003      	movs	r3, r0
20000224:	e7ff      	b.n	20000226 <keyb_enhanced+0x56>
		}
	}
}
20000226:	0018      	movs	r0, r3
20000228:	46bd      	mov	sp, r7
2000022a:	b002      	add	sp, #8
2000022c:	bd80      	pop	{r7, pc}

2000022e <main>:

void main (void) {
2000022e:	b590      	push	{r4, r7, lr}
20000230:	b083      	sub	sp, #12
20000232:	af00      	add	r7, sp, #0
	unsigned char c;
	
	app_init();
20000234:	f7ff ff40 	bl	200000b8 <app_init>
	
	while(1) {
		c = keyb_enhanced ();
20000238:	1dfc      	adds	r4, r7, #7
2000023a:	f7ff ffc9 	bl	200001d0 <keyb_enhanced>
2000023e:	0003      	movs	r3, r0
20000240:	7023      	strb	r3, [r4, #0]
		if (c != 0xFF) {
20000242:	1dfb      	adds	r3, r7, #7
20000244:	781b      	ldrb	r3, [r3, #0]
20000246:	2bff      	cmp	r3, #255	; 0xff
20000248:	d0f6      	beq.n	20000238 <main+0xa>
		out7seg(c);
2000024a:	1dfb      	adds	r3, r7, #7
2000024c:	781b      	ldrb	r3, [r3, #0]
2000024e:	0018      	movs	r0, r3
20000250:	f7ff ff72 	bl	20000138 <out7seg>
		c = keyb_enhanced ();
20000254:	e7f0      	b.n	20000238 <main+0xa>
20000256:	46c0      	nop			; (mov r8, r8)
20000258:	2000004a 	andcs	r0, r0, sl, asr #32
2000025c:	2000002a 	andcs	r0, r0, sl, lsr #32
20000260:	20000032 	andcs	r0, r0, r2, lsr r0
20000264:	2000003a 	andcs	r0, r0, sl, lsr r0
20000268:	20000042 	andcs	r0, r0, r2, asr #32
2000026c:	0a030201 	beq	200c0a78 <main+0xc084a>
20000270:	0b060504 	bleq	20181688 <main+0x18145a>
20000274:	0c090807 	stceq	8, cr0, [r9], {7}
20000278:	0d0f000e 	stceq	0, cr0, [pc, #-56]	; 20000248 <main+0x1a>
2000027c:	20000156 	andcs	r0, r0, r6, asr r1
20000280:	2000015c 	andcs	r0, r0, ip, asr r1
20000284:	20000162 	andcs	r0, r0, r2, ror #2
20000288:	20000168 	andcs	r0, r0, r8, ror #2
2000028c:	2000016e 	andcs	r0, r0, lr, ror #2
20000290:	20000174 	andcs	r0, r0, r4, ror r1
20000294:	2000017a 	andcs	r0, r0, sl, ror r1
20000298:	20000180 	andcs	r0, r0, r0, lsl #3
2000029c:	20000186 	andcs	r0, r0, r6, lsl #3
200002a0:	2000018c 	andcs	r0, r0, ip, lsl #3
200002a4:	20000192 	mulcs	r0, r2, r1
200002a8:	20000198 	mulcs	r0, r8, r1
200002ac:	2000019e 	mulcs	r0, lr, r1
200002b0:	200001b0 			; <UNDEFINED> instruction: 0x200001b0
200002b4:	200001a4 	andcs	r0, r0, r4, lsr #3
200002b8:	200001aa 	andcs	r0, r0, sl, lsr #3

Disassembly of section .debug_info:

00000000 <.debug_info>:
   0:	00000a5c 	andeq	r0, r0, ip, asr sl
   4:	00000004 	andeq	r0, r0, r4
   8:	01040000 	mrseq	r0, (UNDEF: 4)
   c:	00000474 	andeq	r0, r0, r4, ror r4
  10:	0001ad0c 	andeq	sl, r1, ip, lsl #26
  14:	00035100 	andeq	r5, r3, r0, lsl #2
	...
  24:	06010200 	streq	r0, [r1], -r0, lsl #4
  28:	000002d1 	ldrdeq	r0, [r0], -r1
  2c:	cf080102 	svcgt	0x00080102
  30:	02000002 	andeq	r0, r0, #2
  34:	02eb0502 	rsceq	r0, fp, #8388608	; 0x800000
  38:	02020000 	andeq	r0, r2, #0
  3c:	0001f207 	andeq	pc, r1, r7, lsl #4
  40:	05040200 	streq	r0, [r4, #-512]	; 0xfffffe00
  44:	00000093 	muleq	r0, r3, r0
  48:	50070402 	andpl	r0, r7, r2, lsl #8
  4c:	02000000 	andeq	r0, r0, #0
  50:	008e0508 	addeq	r0, lr, r8, lsl #10
  54:	08020000 	stmdaeq	r2, {}	; <UNPREDICTABLE>
  58:	00004b07 	andeq	r4, r0, r7, lsl #22
  5c:	05040300 	streq	r0, [r4, #-768]	; 0xfffffd00
  60:	00746e69 	rsbseq	r6, r4, r9, ror #28
  64:	55070402 	strpl	r0, [r7, #-1026]	; 0xfffffbfe
  68:	04000000 	streq	r0, [r0], #-0
  6c:	02350504 	eorseq	r0, r5, #4, 10	; 0x1000000
  70:	22020000 	andcs	r0, r2, #0
  74:	00007919 	andeq	r7, r0, r9, lsl r9
  78:	7f040600 	svcvc	0x00040600
  7c:	07000000 	streq	r0, [r0, -r0]
  80:	000003cd 	andeq	r0, r0, sp, asr #7
  84:	0002aa05 	andeq	sl, r2, r5, lsl #20
  88:	0e2c0300 	cdpeq	3, 2, cr0, cr12, cr0, {0}
  8c:	00000041 	andeq	r0, r0, r1, asr #32
  90:	0003e205 	andeq	lr, r3, r5, lsl #4
  94:	0e720300 	cdpeq	3, 7, cr0, cr2, cr0, {0}
  98:	00000041 	andeq	r0, r0, r1, asr #32
  9c:	00023d08 	andeq	r3, r2, r8, lsl #26
  a0:	015e0400 	cmpeq	lr, r0, lsl #8
  a4:	00006417 	andeq	r6, r0, r7, lsl r4
  a8:	03040900 	movweq	r0, #18688	; 0x4900
  ac:	00cb03a6 	sbceq	r0, fp, r6, lsr #7
  b0:	2f0a0000 	svccs	0x000a0000
  b4:	03000002 	movweq	r0, #2
  b8:	009c0ca8 	addseq	r0, ip, r8, lsr #25
  bc:	880a0000 	stmdahi	sl, {}	; <UNPREDICTABLE>
  c0:	03000001 	movweq	r0, #1
  c4:	00cb13a9 	sbceq	r1, fp, r9, lsr #7
  c8:	0b000000 	bleq	d0 <startup-0x1fffff30>
  cc:	0000002c 	andeq	r0, r0, ip, lsr #32
  d0:	000000db 	ldrdeq	r0, [r0], -fp
  d4:	0000640c 	andeq	r6, r0, ip, lsl #8
  d8:	0d000300 	stceq	3, cr0, [r0, #-0]
  dc:	09a30308 	stmibeq	r3!, {r3, r8, r9}
  e0:	000000ff 	strdeq	r0, [r0], -pc	; <UNPREDICTABLE>
  e4:	0003c50e 	andeq	ip, r3, lr, lsl #10
  e8:	07a50300 	streq	r0, [r5, r0, lsl #6]!
  ec:	0000005d 	andeq	r0, r0, sp, asr r0
  f0:	03d40e00 	bicseq	r0, r4, #0, 28
  f4:	aa030000 	bge	c00fc <startup-0x1ff3ff04>
  f8:	0000a905 	andeq	sl, r0, r5, lsl #18
  fc:	05000400 	streq	r0, [r0, #-1024]	; 0xfffffc00
 100:	00000313 	andeq	r0, r0, r3, lsl r3
 104:	db03ab03 	blle	ead18 <startup-0x1ff152e8>
 108:	05000000 	streq	r0, [r0, #-0]
 10c:	0000014b 	andeq	r0, r0, fp, asr #2
 110:	6d1baf03 	ldcvs	15, cr10, [fp, #-12]
 114:	05000000 	streq	r0, [r0, #-0]
 118:	0000041c 	andeq	r0, r0, ip, lsl r4
 11c:	48191605 	ldmdami	r9, {r0, r2, r9, sl, ip}
 120:	0f000000 	svceq	0x00000000
 124:	0000015c 	andeq	r0, r0, ip, asr r1
 128:	082f0518 	stmdaeq	pc!, {r3, r4, r8, sl}	; <UNPREDICTABLE>
 12c:	0000017d 	andeq	r0, r0, sp, ror r1
 130:	0003340e 	andeq	r3, r3, lr, lsl #8
 134:	13310500 	teqne	r1, #0, 10
 138:	0000017d 	andeq	r0, r0, sp, ror r1
 13c:	6b5f1000 	blvs	17c4144 <startup-0x1e83bebc>
 140:	07320500 	ldreq	r0, [r2, -r0, lsl #10]!
 144:	0000005d 	andeq	r0, r0, sp, asr r0
 148:	03b00e04 	movseq	r0, #4, 28	; 0x40
 14c:	32050000 	andcc	r0, r5, #0
 150:	00005d0b 	andeq	r5, r0, fp, lsl #26
 154:	450e0800 	strmi	r0, [lr, #-2048]	; 0xfffff800
 158:	05000001 	streq	r0, [r0, #-1]
 15c:	005d1432 	subseq	r1, sp, r2, lsr r4
 160:	0e0c0000 	cdpeq	0, 0, cr0, cr12, cr0, {0}
 164:	0000045f 	andeq	r0, r0, pc, asr r4
 168:	5d1b3205 	lfmpl	f3, 4, [fp, #-20]	; 0xffffffec
 16c:	10000000 	andne	r0, r0, r0
 170:	00785f10 	rsbseq	r5, r8, r0, lsl pc
 174:	830b3305 	movwhi	r3, #45829	; 0xb305
 178:	14000001 	strne	r0, [r0], #-1
 17c:	23040600 	movwcs	r0, #17920	; 0x4600
 180:	0b000001 	bleq	18c <startup-0x1ffffe74>
 184:	00000117 	andeq	r0, r0, r7, lsl r1
 188:	00000193 	muleq	r0, r3, r1
 18c:	0000640c 	andeq	r6, r0, ip, lsl #8
 190:	0f000000 	svceq	0x00000000
 194:	00000183 	andeq	r0, r0, r3, lsl #3
 198:	08370524 	ldmdaeq	r7!, {r2, r5, r8, sl}
 19c:	00000216 	andeq	r0, r0, r6, lsl r2
 1a0:	0000850e 	andeq	r8, r0, lr, lsl #10
 1a4:	09390500 	ldmdbeq	r9!, {r8, sl}
 1a8:	0000005d 	andeq	r0, r0, sp, asr r0
 1ac:	03ea0e00 	mvneq	r0, #0, 28
 1b0:	3a050000 	bcc	1401b8 <startup-0x1febfe48>
 1b4:	00005d09 	andeq	r5, r0, r9, lsl #26
 1b8:	b20e0400 	andlt	r0, lr, #0, 8
 1bc:	05000000 	streq	r0, [r0, #-0]
 1c0:	005d093b 	subseq	r0, sp, fp, lsr r9
 1c4:	0e080000 	cdpeq	0, 0, cr0, cr8, cr0, {0}
 1c8:	00000550 	andeq	r0, r0, r0, asr r5
 1cc:	5d093c05 	stcpl	12, cr3, [r9, #-20]	; 0xffffffec
 1d0:	0c000000 	stceq	0, cr0, [r0], {-0}
 1d4:	0002820e 	andeq	r8, r2, lr, lsl #4
 1d8:	093d0500 	ldmdbeq	sp!, {r8, sl}
 1dc:	0000005d 	andeq	r0, r0, sp, asr r0
 1e0:	025c0e10 	subseq	r0, ip, #16, 28	; 0x100
 1e4:	3e050000 	cdpcc	0, 0, cr0, cr5, cr0, {0}
 1e8:	00005d09 	andeq	r5, r0, r9, lsl #26
 1ec:	640e1400 	strvs	r1, [lr], #-1024	; 0xfffffc00
 1f0:	05000004 	streq	r0, [r0, #-4]
 1f4:	005d093f 	subseq	r0, sp, pc, lsr r9
 1f8:	0e180000 	cdpeq	0, 1, cr0, cr8, cr0, {0}
 1fc:	000002f5 	strdeq	r0, [r0], -r5
 200:	5d094005 	stcpl	0, cr4, [r9, #-20]	; 0xffffffec
 204:	1c000000 	stcne	0, cr0, [r0], {-0}
 208:	0005120e 	andeq	r1, r5, lr, lsl #4
 20c:	09410500 	stmdbeq	r1, {r8, sl}^
 210:	0000005d 	andeq	r0, r0, sp, asr r0
 214:	c1110020 	tstgt	r1, r0, lsr #32
 218:	08000000 	stmdaeq	r0, {}	; <UNPREDICTABLE>
 21c:	084a0501 	stmdaeq	sl, {r0, r8, sl}^
 220:	0000025b 	andeq	r0, r0, fp, asr r2
 224:	0001380e 	andeq	r3, r1, lr, lsl #16
 228:	0a4b0500 	beq	12c1630 <startup-0x1ed3e9d0>
 22c:	0000025b 	andeq	r0, r0, fp, asr r2
 230:	00000e00 	andeq	r0, r0, r0, lsl #28
 234:	4c050000 	stcmi	0, cr0, [r5], {-0}
 238:	00025b09 	andeq	r5, r2, r9, lsl #22
 23c:	0e128000 	cdpeq	0, 1, cr8, cr2, cr0, {0}
 240:	05000004 	streq	r0, [r0, #-4]
 244:	01170a4e 	tsteq	r7, lr, asr #20
 248:	01000000 	mrseq	r0, (UNDEF: 0)
 24c:	0000e612 	andeq	lr, r0, r2, lsl r6
 250:	0a510500 	beq	1441658 <startup-0x1ebbe9a8>
 254:	00000117 	andeq	r0, r0, r7, lsl r1
 258:	0b000104 	bleq	670 <startup-0x1ffff990>
 25c:	0000006b 	andeq	r0, r0, fp, rrx
 260:	0000026b 	andeq	r0, r0, fp, ror #4
 264:	0000640c 	andeq	r6, r0, ip, lsl #8
 268:	11001f00 	tstne	r0, r0, lsl #30
 26c:	00000297 	muleq	r0, r7, r2
 270:	5d050190 	stfpls	f0, [r5, #-576]	; 0xfffffdc0
 274:	0002ae08 	andeq	sl, r2, r8, lsl #28
 278:	03340e00 	teqeq	r4, #0, 28
 27c:	5e050000 	cdppl	0, 0, cr0, cr5, cr0, {0}
 280:	0002ae12 	andeq	sl, r2, r2, lsl lr
 284:	4c0e0000 	stcmi	0, cr0, [lr], {-0}
 288:	05000003 	streq	r0, [r0, #-3]
 28c:	005d065f 	subseq	r0, sp, pc, asr r6
 290:	0e040000 	cdpeq	0, 0, cr0, cr4, cr0, {0}
 294:	00000140 	andeq	r0, r0, r0, asr #2
 298:	b4096105 	strlt	r6, [r9], #-261	; 0xfffffefb
 29c:	08000002 	stmdaeq	r0, {r1}
 2a0:	0000c10e 	andeq	ip, r0, lr, lsl #2
 2a4:	1e620500 	cdpne	5, 6, cr0, cr2, cr0, {0}
 2a8:	00000216 	andeq	r0, r0, r6, lsl r2
 2ac:	04060088 	streq	r0, [r6], #-136	; 0xffffff78
 2b0:	0000026b 	andeq	r0, r0, fp, ror #4
 2b4:	0002c40b 	andeq	ip, r2, fp, lsl #8
 2b8:	0002c400 	andeq	ip, r2, r0, lsl #8
 2bc:	00640c00 	rsbeq	r0, r4, r0, lsl #24
 2c0:	001f0000 	andseq	r0, pc, r0
 2c4:	02ca0406 	sbceq	r0, sl, #100663296	; 0x6000000
 2c8:	0f130000 	svceq	0x00130000
 2cc:	000002ff 	strdeq	r0, [r0], -pc	; <UNPREDICTABLE>
 2d0:	08750508 	ldmdaeq	r5!, {r3, r8, sl}^
 2d4:	000002f3 	strdeq	r0, [r0], -r3
 2d8:	0000ac0e 	andeq	sl, r0, lr, lsl #24
 2dc:	11760500 	cmnne	r6, r0, lsl #10
 2e0:	000002f3 	strdeq	r0, [r0], -r3
 2e4:	000c0e00 	andeq	r0, ip, r0, lsl #28
 2e8:	77050000 	strvc	r0, [r5, -r0]
 2ec:	00005d06 	andeq	r5, r0, r6, lsl #26
 2f0:	06000400 	streq	r0, [r0], -r0, lsl #8
 2f4:	00002c04 	andeq	r2, r0, r4, lsl #24
 2f8:	031e0f00 	tsteq	lr, #0, 30
 2fc:	05680000 	strbeq	r0, [r8, #-0]!
 300:	043c08b5 	ldrteq	r0, [ip], #-2229	; 0xfffff74b
 304:	5f100000 	svcpl	0x00100000
 308:	b6050070 			; <UNDEFINED> instruction: 0xb6050070
 30c:	0002f312 	andeq	pc, r2, r2, lsl r3	; <UNPREDICTABLE>
 310:	5f100000 	svcpl	0x00100000
 314:	b7050072 	smlsdxlt	r5, r2, r0, r0
 318:	00005d07 	andeq	r5, r0, r7, lsl #26
 31c:	5f100400 	svcpl	0x00100400
 320:	b8050077 	stmdalt	r5, {r0, r1, r2, r4, r5, r6}
 324:	00005d07 	andeq	r5, r0, r7, lsl #26
 328:	df0e0800 	svcle	0x000e0800
 32c:	05000000 	streq	r0, [r0, #-0]
 330:	003309b9 	ldrhteq	r0, [r3], -r9
 334:	0e0c0000 	cdpeq	0, 0, cr0, cr12, cr0, {0}
 338:	0000019f 	muleq	r0, pc, r1	; <UNPREDICTABLE>
 33c:	3309ba05 	movwcc	fp, #39429	; 0x9a05
 340:	0e000000 	cdpeq	0, 0, cr0, cr0, cr0, {0}
 344:	66625f10 	uqadd16vs	r5, r2, r0
 348:	11bb0500 			; <UNDEFINED> instruction: 0x11bb0500
 34c:	000002cb 	andeq	r0, r0, fp, asr #5
 350:	00620e10 	rsbeq	r0, r2, r0, lsl lr
 354:	bc050000 	stclt	0, cr0, [r5], {-0}
 358:	00005d07 	andeq	r5, r0, r7, lsl #26
 35c:	cf0e1800 	svcgt	0x000e1800
 360:	05000000 	streq	r0, [r0, #-0]
 364:	006b0ac3 	rsbeq	r0, fp, r3, asr #21
 368:	0e1c0000 	cdpeq	0, 1, cr0, cr12, cr0, {0}
 36c:	00000173 	andeq	r0, r0, r3, ror r1
 370:	c01dc505 	andsgt	ip, sp, r5, lsl #10
 374:	20000005 	andcs	r0, r0, r5
 378:	0002550e 	andeq	r5, r2, lr, lsl #10
 37c:	1dc70500 	cfstr64ne	mvdx0, [r7]
 380:	000005ea 	andeq	r0, r0, sl, ror #11
 384:	03dc0e24 	bicseq	r0, ip, #36, 28	; 0x240
 388:	ca050000 	bgt	140390 <startup-0x1febfc70>
 38c:	00060e0d 	andeq	r0, r6, sp, lsl #28
 390:	2c0e2800 	stccs	8, cr2, [lr], {-0}
 394:	05000005 	streq	r0, [r0, #-5]
 398:	062809cb 	strteq	r0, [r8], -fp, asr #19
 39c:	102c0000 	eorne	r0, ip, r0
 3a0:	0062755f 	rsbeq	r7, r2, pc, asr r5
 3a4:	cb11ce05 	blgt	473bc0 <startup-0x1fb8c440>
 3a8:	30000002 	andcc	r0, r0, r2
 3ac:	70755f10 	rsbsvc	r5, r5, r0, lsl pc
 3b0:	12cf0500 	sbcne	r0, pc, #0, 10
 3b4:	000002f3 	strdeq	r0, [r0], -r3
 3b8:	755f1038 	ldrbvc	r1, [pc, #-56]	; 388 <startup-0x1ffffc78>
 3bc:	d0050072 	andle	r0, r5, r2, ror r0
 3c0:	00005d07 	andeq	r5, r0, r7, lsl #26
 3c4:	9c0e3c00 	stcls	12, cr3, [lr], {-0}
 3c8:	05000000 	streq	r0, [r0, #-0]
 3cc:	062e11d3 			; <UNDEFINED> instruction: 0x062e11d3
 3d0:	0e400000 	cdpeq	0, 4, cr0, cr0, cr0, {0}
 3d4:	00000504 	andeq	r0, r0, r4, lsl #10
 3d8:	3e11d405 	cfmulscc	mvf13, mvf1, mvf5
 3dc:	43000006 	movwmi	r0, #6
 3e0:	626c5f10 	rsbvs	r5, ip, #16, 30	; 0x40
 3e4:	11d70500 	bicsne	r0, r7, r0, lsl #10
 3e8:	000002cb 	andeq	r0, r0, fp, asr #5
 3ec:	00f50e44 	rscseq	r0, r5, r4, asr #28
 3f0:	da050000 	ble	1403f8 <startup-0x1febfc08>
 3f4:	00005d07 	andeq	r5, r0, r7, lsl #26
 3f8:	110e4c00 	tstne	lr, r0, lsl #24
 3fc:	05000001 	streq	r0, [r0, #-1]
 400:	00840adb 	ldrdeq	r0, [r4], fp
 404:	0e500000 	cdpeq	0, 5, cr0, cr0, cr0, {0}
 408:	00000025 	andeq	r0, r0, r5, lsr #32
 40c:	5a12de05 	bpl	4b7c28 <startup-0x1fb483d8>
 410:	54000004 	strpl	r0, [r0], #-4
 414:	0003ce0e 	andeq	ip, r3, lr, lsl #28
 418:	0ce20500 	cfstr64eq	mvdx0, [r2]
 41c:	0000010b 	andeq	r0, r0, fp, lsl #2
 420:	03260e58 			; <UNDEFINED> instruction: 0x03260e58
 424:	e4050000 	str	r0, [r5], #-0
 428:	0000ff0e 	andeq	pc, r0, lr, lsl #30
 42c:	4d0e5c00 	stcmi	12, cr5, [lr, #-0]
 430:	05000002 	streq	r0, [r0, #-2]
 434:	005d09e5 	subseq	r0, sp, r5, ror #19
 438:	00640000 	rsbeq	r0, r4, r0
 43c:	00005d14 	andeq	r5, r0, r4, lsl sp
 440:	00045a00 	andeq	r5, r4, r0, lsl #20
 444:	045a1500 	ldrbeq	r1, [sl], #-1280	; 0xfffffb00
 448:	6b150000 	blvs	540450 <startup-0x1fabfbb0>
 44c:	15000000 	strne	r0, [r0, #-0]
 450:	000005ae 	andeq	r0, r0, lr, lsr #11
 454:	00005d15 	andeq	r5, r0, r5, lsl sp
 458:	04060000 	streq	r0, [r6], #-0
 45c:	00000465 	andeq	r0, r0, r5, ror #8
 460:	00045a16 	andeq	r5, r4, r6, lsl sl
 464:	03b81700 			; <UNDEFINED> instruction: 0x03b81700
 468:	04280000 	strteq	r0, [r8], #-0
 46c:	08026005 	stmdaeq	r2, {r0, r2, sp, lr}
 470:	000005ae 	andeq	r0, r0, lr, lsr #11
 474:	0002e418 	andeq	lr, r2, r8, lsl r4
 478:	02620500 	rsbeq	r0, r2, #0, 10
 47c:	00005d07 	andeq	r5, r0, r7, lsl #26
 480:	ee180000 	cdp	0, 1, cr0, cr8, cr0, {0}
 484:	05000000 	streq	r0, [r0, #-0]
 488:	9a0b0267 	bls	2c0e2c <startup-0x1fd3f1d4>
 48c:	04000006 	streq	r0, [r0], #-6
 490:	00018f18 	andeq	r8, r1, r8, lsl pc
 494:	02670500 	rsbeq	r0, r7, #0, 10
 498:	00069a14 	andeq	r9, r6, r4, lsl sl
 49c:	54180800 	ldrpl	r0, [r8], #-2048	; 0xfffff800
 4a0:	05000001 	streq	r0, [r0, #-1]
 4a4:	9a1e0267 	bls	780e48 <startup-0x1f87f1b8>
 4a8:	0c000006 	stceq	0, cr0, [r0], {6}
 4ac:	00034718 	andeq	r4, r3, r8, lsl r7
 4b0:	02690500 	rsbeq	r0, r9, #0, 10
 4b4:	00005d08 	andeq	r5, r0, r8, lsl #26
 4b8:	1a181000 	bne	6044c0 <startup-0x1f9fbb40>
 4bc:	05000000 	streq	r0, [r0, #-0]
 4c0:	9a08026a 	bls	200e70 <startup-0x1fdff190>
 4c4:	14000008 	strne	r0, [r0], #-8
 4c8:	00039718 	andeq	r9, r3, r8, lsl r7
 4cc:	026d0500 	rsbeq	r0, sp, #0, 10
 4d0:	00005d07 	andeq	r5, r0, r7, lsl #26
 4d4:	85183000 	ldrhi	r3, [r8, #-0]
 4d8:	05000003 	streq	r0, [r0, #-3]
 4dc:	af16026e 	svcge	0x0016026e
 4e0:	34000008 	strcc	r0, [r0], #-8
 4e4:	00029f18 	andeq	r9, r2, r8, lsl pc
 4e8:	02700500 	rsbseq	r0, r0, #0, 10
 4ec:	00005d07 	andeq	r5, r0, r7, lsl #26
 4f0:	8d183800 	ldchi	8, cr3, [r8, #-0]
 4f4:	05000003 	streq	r0, [r0, #-3]
 4f8:	c00a0272 	andgt	r0, sl, r2, ror r2
 4fc:	3c000008 	stccc	0, cr0, [r0], {8}
 500:	00022718 	andeq	r2, r2, r8, lsl r7
 504:	02750500 	rsbseq	r0, r5, #0, 10
 508:	00017d13 	andeq	r7, r1, r3, lsl sp
 50c:	79184000 	ldmdbvc	r8, {lr}
 510:	05000001 	streq	r0, [r0, #-1]
 514:	5d070276 	sfmpl	f0, 4, [r7, #-472]	; 0xfffffe28
 518:	44000000 	strmi	r0, [r0], #-0
 51c:	00054618 	andeq	r4, r5, r8, lsl r6
 520:	02770500 	rsbseq	r0, r7, #0, 10
 524:	00017d13 	andeq	r7, r1, r3, lsl sp
 528:	b1184800 	tstlt	r8, r0, lsl #16
 52c:	05000002 	streq	r0, [r0, #-2]
 530:	c6140278 			; <UNDEFINED> instruction: 0xc6140278
 534:	4c000008 	stcmi	0, cr0, [r0], {8}
 538:	00019718 	andeq	r9, r1, r8, lsl r7
 53c:	027b0500 	rsbseq	r0, fp, #0, 10
 540:	00005d07 	andeq	r5, r0, r7, lsl #26
 544:	09185000 	ldmdbeq	r8, {ip, lr}
 548:	05000001 	streq	r0, [r0, #-1]
 54c:	ae09027c 	mcrge	2, 0, r0, cr9, cr12, {3}
 550:	54000005 	strpl	r0, [r0], #-5
 554:	0002dd18 	andeq	sp, r2, r8, lsl sp
 558:	029f0500 	addseq	r0, pc, #0, 10
 55c:	00087507 	andeq	r7, r8, r7, lsl #10
 560:	97195800 	ldrls	r5, [r9, -r0, lsl #16]
 564:	05000002 	streq	r0, [r0, #-2]
 568:	ae1302a3 	cdpge	2, 1, cr0, cr3, cr3, {5}
 56c:	48000002 	stmdami	r0, {r1}
 570:	02051901 	andeq	r1, r5, #16384	; 0x4000
 574:	a4050000 	strge	r0, [r5], #-0
 578:	026b1202 	rsbeq	r1, fp, #536870912	; 0x20000000
 57c:	014c0000 	mrseq	r0, (UNDEF: 76)
 580:	0004fa19 	andeq	pc, r4, r9, lsl sl	; <UNPREDICTABLE>
 584:	02a80500 	adceq	r0, r8, #0, 10
 588:	0008d70c 	andeq	sp, r8, ip, lsl #14
 58c:	1902dc00 	stmdbne	r2, {sl, fp, ip, lr, pc}
 590:	000000d7 	ldrdeq	r0, [r0], -r7
 594:	1002ad05 	andne	sl, r2, r5, lsl #26
 598:	0000065b 	andeq	r0, r0, fp, asr r6
 59c:	bc1902e0 	lfmlt	f0, 4, [r9], {224}	; 0xe0
 5a0:	05000000 	streq	r0, [r0, #-0]
 5a4:	e30a02af 	movw	r0, #41647	; 0xa2af
 5a8:	ec000008 	stc	0, cr0, [r0], {8}
 5ac:	04060002 	streq	r0, [r6], #-2
 5b0:	000005b4 			; <UNDEFINED> instruction: 0x000005b4
 5b4:	d8080102 	stmdale	r8, {r1, r8}
 5b8:	16000002 	strne	r0, [r0], -r2
 5bc:	000005b4 			; <UNDEFINED> instruction: 0x000005b4
 5c0:	043c0406 	ldrteq	r0, [ip], #-1030	; 0xfffffbfa
 5c4:	5d140000 	ldcpl	0, cr0, [r4, #-0]
 5c8:	e4000000 	str	r0, [r0], #-0
 5cc:	15000005 	strne	r0, [r0, #-5]
 5d0:	0000045a 	andeq	r0, r0, sl, asr r4
 5d4:	00006b15 	andeq	r6, r0, r5, lsl fp
 5d8:	05e41500 	strbeq	r1, [r4, #1280]!	; 0x500
 5dc:	5d150000 	ldcpl	0, cr0, [r5, #-0]
 5e0:	00000000 	andeq	r0, r0, r0
 5e4:	05bb0406 	ldreq	r0, [fp, #1030]!	; 0x406
 5e8:	04060000 	streq	r0, [r6], #-0
 5ec:	000005c6 	andeq	r0, r0, r6, asr #11
 5f0:	00009014 	andeq	r9, r0, r4, lsl r0
 5f4:	00060e00 	andeq	r0, r6, r0, lsl #28
 5f8:	045a1500 	ldrbeq	r1, [sl], #-1280	; 0xfffffb00
 5fc:	6b150000 	blvs	540604 <startup-0x1fabf9fc>
 600:	15000000 	strne	r0, [r0, #-0]
 604:	00000090 	muleq	r0, r0, r0
 608:	00005d15 	andeq	r5, r0, r5, lsl sp
 60c:	04060000 	streq	r0, [r6], #-0
 610:	000005f0 	strdeq	r0, [r0], -r0	; <UNPREDICTABLE>
 614:	00005d14 	andeq	r5, r0, r4, lsl sp
 618:	00062800 	andeq	r2, r6, r0, lsl #16
 61c:	045a1500 	ldrbeq	r1, [sl], #-1280	; 0xfffffb00
 620:	6b150000 	blvs	540628 <startup-0x1fabf9d8>
 624:	00000000 	andeq	r0, r0, r0
 628:	06140406 	ldreq	r0, [r4], -r6, lsl #8
 62c:	2c0b0000 	stccs	0, cr0, [fp], {-0}
 630:	3e000000 	cdpcc	0, 0, cr0, cr0, cr0, {0}
 634:	0c000006 	stceq	0, cr0, [r0], {6}
 638:	00000064 	andeq	r0, r0, r4, rrx
 63c:	2c0b0002 	stccs	0, cr0, [fp], {2}
 640:	4e000000 	cdpmi	0, 0, cr0, cr0, cr0, {0}
 644:	0c000006 	stceq	0, cr0, [r0], {6}
 648:	00000064 	andeq	r0, r0, r4, rrx
 64c:	0c080000 	stceq	0, cr0, [r8], {-0}
 650:	05000003 	streq	r0, [r0, #-3]
 654:	f91a011f 			; <UNDEFINED> instruction: 0xf91a011f
 658:	1a000002 	bne	668 <startup-0x1ffff998>
 65c:	0000046e 	andeq	r0, r0, lr, ror #8
 660:	0123050c 			; <UNDEFINED> instruction: 0x0123050c
 664:	00069408 	andeq	r9, r6, r8, lsl #8
 668:	03341800 	teqeq	r4, #0, 16
 66c:	25050000 	strcs	r0, [r5, #-0]
 670:	06941101 	ldreq	r1, [r4], r1, lsl #2
 674:	18000000 	stmdane	r0, {}	; <UNPREDICTABLE>
 678:	000001eb 	andeq	r0, r0, fp, ror #3
 67c:	07012605 	streq	r2, [r1, -r5, lsl #12]
 680:	0000005d 	andeq	r0, r0, sp, asr r0
 684:	03061804 	movweq	r1, #26628	; 0x6804
 688:	27050000 	strcs	r0, [r5, -r0]
 68c:	069a0b01 	ldreq	r0, [sl], r1, lsl #22
 690:	00080000 	andeq	r0, r8, r0
 694:	065b0406 	ldrbeq	r0, [fp], -r6, lsl #8
 698:	04060000 	streq	r0, [r6], #-0
 69c:	0000064e 	andeq	r0, r0, lr, asr #12
 6a0:	0000121a 	andeq	r1, r0, sl, lsl r2
 6a4:	3f050e00 	svccc	0x00050e00
 6a8:	06d90801 	ldrbeq	r0, [r9], r1, lsl #16
 6ac:	bf180000 	svclt	0x00180000
 6b0:	05000003 	streq	r0, [r0, #-3]
 6b4:	d9120140 	ldmdble	r2, {r6, r8}
 6b8:	00000006 	andeq	r0, r0, r6
 6bc:	0003fb18 	andeq	pc, r3, r8, lsl fp	; <UNPREDICTABLE>
 6c0:	01410500 	cmpeq	r1, r0, lsl #10
 6c4:	0006d912 	andeq	sp, r6, r2, lsl r9
 6c8:	17180600 	ldrne	r0, [r8, -r0, lsl #12]
 6cc:	05000004 	streq	r0, [r0, #-4]
 6d0:	3a120142 	bcc	480be0 <startup-0x1fb7f420>
 6d4:	0c000000 	stceq	0, cr0, [r0], {-0}
 6d8:	003a0b00 	eorseq	r0, sl, r0, lsl #22
 6dc:	06e90000 	strbteq	r0, [r9], r0
 6e0:	640c0000 	strvs	r0, [ip], #-0
 6e4:	02000000 	andeq	r0, r0, #0
 6e8:	05d01b00 	ldrbeq	r1, [r0, #2816]	; 0xb00
 6ec:	fe070280 	cdp2	2, 0, cr0, cr7, cr0, {4}
 6f0:	18000007 	stmdane	r0, {r0, r1, r2}
 6f4:	00000452 	andeq	r0, r0, r2, asr r4
 6f8:	18028205 	stmdane	r2, {r0, r2, r9, pc}
 6fc:	00000064 	andeq	r0, r0, r4, rrx
 700:	04011800 	streq	r1, [r1], #-2048	; 0xfffff800
 704:	83050000 	movwhi	r0, #20480	; 0x5000
 708:	05ae1202 	streq	r1, [lr, #514]!	; 0x202
 70c:	18040000 	stmdane	r4, {}	; <UNPREDICTABLE>
 710:	0000021a 	andeq	r0, r0, sl, lsl r2
 714:	10028405 	andne	r8, r2, r5, lsl #8
 718:	000007fe 	strdeq	r0, [r0], -lr
 71c:	051d1808 	ldreq	r1, [sp, #-2056]	; 0xfffff7f8
 720:	85050000 	strhi	r0, [r5, #-0]
 724:	01931702 	orrseq	r1, r3, r2, lsl #14
 728:	18240000 	stmdane	r4!, {}	; <UNPREDICTABLE>
 72c:	00000164 	andeq	r0, r0, r4, ror #2
 730:	0f028605 	svceq	0x00028605
 734:	0000005d 	andeq	r0, r0, sp, asr r0
 738:	032f1848 			; <UNDEFINED> instruction: 0x032f1848
 73c:	87050000 	strhi	r0, [r5, -r0]
 740:	00562c02 	subseq	r2, r6, r2, lsl #24
 744:	18500000 	ldmdane	r0, {}^	; <UNPREDICTABLE>
 748:	00000533 	andeq	r0, r0, r3, lsr r5
 74c:	1a028805 	bne	a2768 <startup-0x1ff5d898>
 750:	000006a0 	andeq	r0, r0, r0, lsr #13
 754:	033a1858 	teqeq	sl, #88, 16	; 0x580000
 758:	89050000 	stmdbhi	r5, {}	; <UNPREDICTABLE>
 75c:	00ff1602 	rscseq	r1, pc, r2, lsl #12
 760:	18680000 	stmdane	r8!, {}^	; <UNPREDICTABLE>
 764:	00000538 	andeq	r0, r0, r8, lsr r5
 768:	16028a05 	strne	r8, [r2], -r5, lsl #20
 76c:	000000ff 	strdeq	r0, [r0], -pc	; <UNPREDICTABLE>
 770:	02bb1870 	adcseq	r1, fp, #112, 16	; 0x700000
 774:	8b050000 	blhi	14077c <startup-0x1febf884>
 778:	00ff1602 	rscseq	r1, pc, r2, lsl #12
 77c:	18780000 	ldmdane	r8!, {}^	; <UNPREDICTABLE>
 780:	000004f0 	strdeq	r0, [r0], -r0	; <UNPREDICTABLE>
 784:	10028c05 	andne	r8, r2, r5, lsl #24
 788:	0000080e 	andeq	r0, r0, lr, lsl #16
 78c:	020e1880 	andeq	r1, lr, #128, 16	; 0x800000
 790:	8d050000 	stchi	0, cr0, [r5, #-0]
 794:	081e1002 	ldmdaeq	lr, {r1, ip}
 798:	18880000 	stmne	r8, {}	; <UNPREDICTABLE>
 79c:	00000424 	andeq	r0, r0, r4, lsr #8
 7a0:	0f028e05 	svceq	0x00028e05
 7a4:	0000005d 	andeq	r0, r0, sp, asr r0
 7a8:	012a18a0 			; <UNDEFINED> instruction: 0x012a18a0
 7ac:	8f050000 	svchi	0x00050000
 7b0:	00ff1602 	rscseq	r1, pc, r2, lsl #12
 7b4:	18a40000 	stmiane	r4!, {}	; <UNPREDICTABLE>
 7b8:	00000076 	andeq	r0, r0, r6, ror r0
 7bc:	16029005 	strne	r9, [r2], -r5
 7c0:	000000ff 	strdeq	r0, [r0], -pc	; <UNPREDICTABLE>
 7c4:	011918ac 	tsteq	r9, ip, lsr #17
 7c8:	91050000 	mrsls	r0, (UNDEF: 5)
 7cc:	00ff1602 	rscseq	r1, pc, r2, lsl #12
 7d0:	18b40000 	ldmne	r4!, {}	; <UNPREDICTABLE>
 7d4:	0000002b 	andeq	r0, r0, fp, lsr #32
 7d8:	16029205 	strne	r9, [r2], -r5, lsl #4
 7dc:	000000ff 	strdeq	r0, [r0], -pc	; <UNPREDICTABLE>
 7e0:	003a18bc 	ldrhteq	r1, [sl], -ip
 7e4:	93050000 	movwls	r0, #20480	; 0x5000
 7e8:	00ff1602 	rscseq	r1, pc, r2, lsl #12
 7ec:	18c40000 	stmiane	r4, {}^	; <UNPREDICTABLE>
 7f0:	000002e2 	andeq	r0, r0, r2, ror #5
 7f4:	08029405 	stmdaeq	r2, {r0, r2, sl, ip, pc}
 7f8:	0000005d 	andeq	r0, r0, sp, asr r0
 7fc:	b40b00cc 	strlt	r0, [fp], #-204	; 0xffffff34
 800:	0e000005 	cdpeq	0, 0, cr0, cr0, cr5, {0}
 804:	0c000008 	stceq	0, cr0, [r0], {8}
 808:	00000064 	andeq	r0, r0, r4, rrx
 80c:	b40b0019 	strlt	r0, [fp], #-25	; 0xffffffe7
 810:	1e000005 	cdpne	0, 0, cr0, cr0, cr5, {0}
 814:	0c000008 	stceq	0, cr0, [r0], {8}
 818:	00000064 	andeq	r0, r0, r4, rrx
 81c:	b40b0007 	strlt	r0, [fp], #-7
 820:	2e000005 	cdpcs	0, 0, cr0, cr0, cr5, {0}
 824:	0c000008 	stceq	0, cr0, [r0], {8}
 828:	00000064 	andeq	r0, r0, r4, rrx
 82c:	f01b0017 			; <UNDEFINED> instruction: 0xf01b0017
 830:	07029905 	streq	r9, [r2, -r5, lsl #18]
 834:	00000855 	andeq	r0, r0, r5, asr r8
 838:	00027618 	andeq	r7, r2, r8, lsl r6
 83c:	029c0500 	addseq	r0, ip, #0, 10
 840:	0008551b 	andeq	r5, r8, fp, lsl r5
 844:	6d180000 	ldcvs	0, cr0, [r8, #-0]
 848:	05000002 	streq	r0, [r0, #-2]
 84c:	6518029d 	ldrvs	r0, [r8, #-669]	; 0xfffffd63
 850:	78000008 	stmdavc	r0, {r3}
 854:	02f30b00 	rscseq	r0, r3, #0, 22
 858:	08650000 	stmdaeq	r5!, {}^	; <UNPREDICTABLE>
 85c:	640c0000 	strvs	r0, [ip], #-0
 860:	1d000000 	stcne	0, cr0, [r0, #-0]
 864:	00640b00 	rsbeq	r0, r4, r0, lsl #22
 868:	08750000 	ldmdaeq	r5!, {}^	; <UNPREDICTABLE>
 86c:	640c0000 	strvs	r0, [ip], #-0
 870:	1d000000 	stcne	0, cr0, [r0, #-0]
 874:	05f01c00 	ldrbeq	r1, [r0, #3072]!	; 0xc00
 878:	9a03027e 	bls	c1278 <startup-0x1ff3ed88>
 87c:	1d000008 	stcne	0, cr0, [r0, #-32]	; 0xffffffe0
 880:	000003b8 			; <UNDEFINED> instruction: 0x000003b8
 884:	0b029505 	bleq	a5ca0 <startup-0x1ff5a360>
 888:	000006e9 	andeq	r0, r0, r9, ror #13
 88c:	00050a1d 	andeq	r0, r5, sp, lsl sl
 890:	029e0500 	addseq	r0, lr, #0, 10
 894:	00082e0b 	andeq	r2, r8, fp, lsl #28
 898:	b40b0000 	strlt	r0, [fp], #-0
 89c:	aa000005 	bge	8b8 <startup-0x1ffff748>
 8a0:	0c000008 	stceq	0, cr0, [r0], {8}
 8a4:	00000064 	andeq	r0, r0, r4, rrx
 8a8:	6b070018 	blvs	1c0910 <startup-0x1fe3f6f0>
 8ac:	06000000 	streq	r0, [r0], -r0
 8b0:	0008aa04 	andeq	sl, r8, r4, lsl #20
 8b4:	08c01e00 	stmiaeq	r0, {r9, sl, fp, ip}^
 8b8:	5a150000 	bpl	5408c0 <startup-0x1fabf740>
 8bc:	00000004 	andeq	r0, r0, r4
 8c0:	08b50406 	ldmeq	r5!, {r1, r2, sl}
 8c4:	04060000 	streq	r0, [r6], #-0
 8c8:	0000017d 	andeq	r0, r0, sp, ror r1
 8cc:	0008d71e 	andeq	sp, r8, lr, lsl r7
 8d0:	005d1500 	subseq	r1, sp, r0, lsl #10
 8d4:	06000000 	streq	r0, [r0], -r0
 8d8:	0008dd04 	andeq	sp, r8, r4, lsl #26
 8dc:	cc040600 	stcgt	6, cr0, [r4], {-0}
 8e0:	0b000008 	bleq	908 <startup-0x1ffff6f8>
 8e4:	0000064e 	andeq	r0, r0, lr, asr #12
 8e8:	000008f3 	strdeq	r0, [r0], -r3
 8ec:	0000640c 	andeq	r6, r0, ip, lsl #8
 8f0:	1f000200 	svcne	0x00000200
 8f4:	00000446 	andeq	r0, r0, r6, asr #8
 8f8:	17032e05 	strne	r2, [r3, -r5, lsl #28]
 8fc:	0000045a 	andeq	r0, r0, sl, asr r4
 900:	00043f1f 	andeq	r3, r4, pc, lsl pc
 904:	032f0500 			; <UNDEFINED> instruction: 0x032f0500
 908:	0004601d 	andeq	r6, r4, sp, lsl r0
 90c:	054b2000 	strbeq	r2, [fp, #-0]
 910:	82010000 	andhi	r0, r1, #0
 914:	00022e06 	andeq	r2, r2, r6, lsl #28
 918:	00002820 	andeq	r2, r0, r0, lsr #16
 91c:	319c0100 	orrscc	r0, ip, r0, lsl #2
 920:	21000009 	tstcs	r0, r9
 924:	83010063 	movwhi	r0, #4195	; 0x1063
 928:	00002c10 	andeq	r2, r0, r0, lsl ip
 92c:	6f910200 	svcvs	0x00910200
 930:	04312200 	ldrteq	r2, [r1], #-512	; 0xfffffe00
 934:	6d010000 	stcvs	0, cr0, [r1, #-0]
 938:	00002c0f 	andeq	r2, r0, pc, lsl #24
 93c:	0001d000 	andeq	sp, r1, r0
 940:	00005e20 	andeq	r5, r0, r0, lsr #28
 944:	5b9c0100 	blpl	fe700d4c <main+0xde700b1e>
 948:	23000009 	movwcs	r0, #9
 94c:	000000fe 	strdeq	r0, [r0], -lr
 950:	5b076e01 	blpl	1dc15c <startup-0x1fe23ea4>
 954:	02000009 	andeq	r0, r0, #9
 958:	02007791 	andeq	r7, r0, #38010880	; 0x2440000
 95c:	02c90201 	sbceq	r0, r9, #268435456	; 0x10000000
 960:	a5240000 	strge	r0, [r4, #-0]!
 964:	01000001 	tsteq	r0, r1
 968:	01380646 	teqeq	r8, r6, asr #12
 96c:	00982000 	addseq	r2, r8, r0
 970:	9c010000 	stcls	0, cr0, [r1], {-0}
 974:	00000995 	muleq	r0, r5, r9
 978:	01006325 	tsteq	r0, r5, lsr #6
 97c:	002c1d46 	eoreq	r1, ip, r6, asr #26
 980:	91020000 	mrsls	r0, (UNDEF: 2)
 984:	0266236f 	rsbeq	r2, r6, #-1140850687	; 0xbc000001
 988:	47010000 	strmi	r0, [r1, -r0]
 98c:	00005d06 	andeq	r5, r0, r6, lsl #26
 990:	74910200 	ldrvc	r0, [r1], #512	; 0x200
 994:	027d2200 	rsbseq	r2, sp, #0, 4
 998:	38010000 	stmdacc	r1, {}	; <UNPREDICTABLE>
 99c:	00002c0f 	andeq	r2, r0, pc, lsl #24
 9a0:	0000d000 	andeq	sp, r0, r0
 9a4:	00006820 	andeq	r6, r0, r0, lsr #16
 9a8:	dd9c0100 	ldfles	f0, [ip]
 9ac:	21000009 	tstcs	r0, r9
 9b0:	0079656b 	rsbseq	r6, r9, fp, ror #10
 9b4:	dd103901 	vldrle.16	s6, [r0, #-2]	; <UNPREDICTABLE>
 9b8:	02000009 	andeq	r0, r0, #9
 9bc:	72215891 	eorvc	r5, r1, #9502720	; 0x910000
 9c0:	0100776f 	tsteq	r0, pc, ror #14
 9c4:	005d063a 	subseq	r0, sp, sl, lsr r6
 9c8:	91020000 	mrsls	r0, (UNDEF: 2)
 9cc:	6f63216c 	svcvs	0x0063216c
 9d0:	3a01006c 	bcc	40b88 <startup-0x1ffbf478>
 9d4:	00005d0b 	andeq	r5, r0, fp, lsl #26
 9d8:	68910200 	ldmvs	r1, {r9}
 9dc:	002c0b00 	eoreq	r0, ip, r0, lsl #22
 9e0:	09ed0000 	stmibeq	sp!, {}^	; <UNPREDICTABLE>
 9e4:	640c0000 	strvs	r0, [ip], #-0
 9e8:	0f000000 	svceq	0x00000000
 9ec:	02442600 	subeq	r2, r4, #0, 12
 9f0:	30010000 	andcc	r0, r1, r0
 9f4:	0000b806 	andeq	fp, r0, r6, lsl #16
 9f8:	00001820 	andeq	r1, r0, r0, lsr #16
 9fc:	279c0100 	ldrcs	r0, [ip, r0, lsl #2]
 a00:	000000a2 	andeq	r0, r0, r2, lsr #1
 a04:	5d052601 	stcpl	6, cr2, [r5, #-4]
 a08:	64000000 	strvs	r0, [r0], #-0
 a0c:	54200000 	strtpl	r0, [r0], #-0
 a10:	01000000 	mrseq	r0, (UNDEF: 0)
 a14:	000a279c 	muleq	sl, ip, r7
 a18:	00632100 	rsbeq	r2, r3, r0, lsl #2
 a1c:	2c102701 	ldccs	7, cr2, [r0], {1}
 a20:	02000000 	andeq	r0, r0, #0
 a24:	24007791 	strcs	r7, [r0], #-1937	; 0xfffff86f
 a28:	0000028b 	andeq	r0, r0, fp, lsl #5
 a2c:	10061b01 	andne	r1, r6, r1, lsl #22
 a30:	54200000 	strtpl	r0, [r0], #-0
 a34:	01000000 	mrseq	r0, (UNDEF: 0)
 a38:	000a4d9c 	muleq	sl, ip, sp
 a3c:	6f722500 	svcvs	0x00722500
 a40:	1b010077 	blne	40c24 <startup-0x1ffbf3dc>
 a44:	0000641f 	andeq	r6, r0, pc, lsl r4
 a48:	74910200 	ldrvc	r0, [r1], #512	; 0x200
 a4c:	03f32600 	mvnseq	r2, #0, 12
 a50:	14010000 	strne	r0, [r1], #-0
 a54:	00000006 	andeq	r0, r0, r6
 a58:	00000c20 	andeq	r0, r0, r0, lsr #24
 a5c:	009c0100 	addseq	r0, ip, r0, lsl #2

Disassembly of section .debug_abbrev:

00000000 <.debug_abbrev>:
   0:	25011101 	strcs	r1, [r1, #-257]	; 0xfffffeff
   4:	030b130e 	movweq	r1, #45838	; 0xb30e
   8:	550e1b0e 	strpl	r1, [lr, #-2830]	; 0xfffff4f2
   c:	10011117 	andne	r1, r1, r7, lsl r1
  10:	02000017 	andeq	r0, r0, #23
  14:	0b0b0024 	bleq	2c00ac <startup-0x1fd3ff54>
  18:	0e030b3e 	vmoveq.16	d3[0], r0
  1c:	24030000 	strcs	r0, [r3], #-0
  20:	3e0b0b00 	vmlacc.f64	d0, d11, d0
  24:	0008030b 	andeq	r0, r8, fp, lsl #6
  28:	000f0400 	andeq	r0, pc, r0, lsl #8
  2c:	00000b0b 	andeq	r0, r0, fp, lsl #22
  30:	03001605 	movweq	r1, #1541	; 0x605
  34:	3b0b3a0e 	blcc	2ce874 <startup-0x1fd3178c>
  38:	490b390b 	stmdbmi	fp, {r0, r1, r3, r8, fp, ip, sp}
  3c:	06000013 			; <UNDEFINED> instruction: 0x06000013
  40:	0b0b000f 	bleq	2c0084 <startup-0x1fd3ff7c>
  44:	00001349 	andeq	r1, r0, r9, asr #6
  48:	03001307 	movweq	r1, #775	; 0x307
  4c:	00193c0e 	andseq	r3, r9, lr, lsl #24
  50:	00160800 	andseq	r0, r6, r0, lsl #16
  54:	0b3a0e03 	bleq	e83868 <startup-0x1f17c798>
  58:	0b39053b 	bleq	e4154c <startup-0x1f1beab4>
  5c:	00001349 	andeq	r1, r0, r9, asr #6
  60:	0b011709 	bleq	45c8c <startup-0x1ffba374>
  64:	3b0b3a0b 	blcc	2ce898 <startup-0x1fd31768>
  68:	010b390b 	tsteq	fp, fp, lsl #18
  6c:	0a000013 	beq	c0 <startup-0x1fffff40>
  70:	0e03000d 	cdpeq	0, 0, cr0, cr3, cr13, {0}
  74:	0b3b0b3a 	bleq	ec2d64 <startup-0x1f13d29c>
  78:	13490b39 	movtne	r0, #39737	; 0x9b39
  7c:	010b0000 	mrseq	r0, (UNDEF: 11)
  80:	01134901 	tsteq	r3, r1, lsl #18
  84:	0c000013 	stceq	0, cr0, [r0], {19}
  88:	13490021 	movtne	r0, #36897	; 0x9021
  8c:	00000b2f 	andeq	r0, r0, pc, lsr #22
  90:	0b01130d 	bleq	44ccc <startup-0x1ffbb334>
  94:	3b0b3a0b 	blcc	2ce8c8 <startup-0x1fd31738>
  98:	010b390b 	tsteq	fp, fp, lsl #18
  9c:	0e000013 	mcreq	0, 0, r0, cr0, cr3, {0}
  a0:	0e03000d 	cdpeq	0, 0, cr0, cr3, cr13, {0}
  a4:	0b3b0b3a 	bleq	ec2d94 <startup-0x1f13d26c>
  a8:	13490b39 	movtne	r0, #39737	; 0x9b39
  ac:	00000b38 	andeq	r0, r0, r8, lsr fp
  b0:	0301130f 	movweq	r1, #4879	; 0x130f
  b4:	3a0b0b0e 	bcc	2c2cf4 <startup-0x1fd3d30c>
  b8:	390b3b0b 	stmdbcc	fp, {r0, r1, r3, r8, r9, fp, ip, sp}
  bc:	0013010b 	andseq	r0, r3, fp, lsl #2
  c0:	000d1000 	andeq	r1, sp, r0
  c4:	0b3a0803 	bleq	e820d8 <startup-0x1f17df28>
  c8:	0b390b3b 	bleq	e42dbc <startup-0x1f1bd244>
  cc:	0b381349 	bleq	e04df8 <startup-0x1f1fb208>
  d0:	13110000 	tstne	r1, #0
  d4:	0b0e0301 	bleq	380ce0 <startup-0x1fc7f320>
  d8:	3b0b3a05 	blcc	2ce8f4 <startup-0x1fd3170c>
  dc:	010b390b 	tsteq	fp, fp, lsl #18
  e0:	12000013 	andne	r0, r0, #19
  e4:	0e03000d 	cdpeq	0, 0, cr0, cr3, cr13, {0}
  e8:	0b3b0b3a 	bleq	ec2dd8 <startup-0x1f13d228>
  ec:	13490b39 	movtne	r0, #39737	; 0x9b39
  f0:	00000538 	andeq	r0, r0, r8, lsr r5
  f4:	27001513 	smladcs	r0, r3, r5, r1
  f8:	14000019 	strne	r0, [r0], #-25	; 0xffffffe7
  fc:	19270115 	stmdbne	r7!, {r0, r2, r4, r8}
 100:	13011349 	movwne	r1, #4937	; 0x1349
 104:	05150000 	ldreq	r0, [r5, #-0]
 108:	00134900 	andseq	r4, r3, r0, lsl #18
 10c:	00261600 	eoreq	r1, r6, r0, lsl #12
 110:	00001349 	andeq	r1, r0, r9, asr #6
 114:	03011317 	movweq	r1, #4887	; 0x1317
 118:	3a050b0e 	bcc	142d58 <startup-0x1febd2a8>
 11c:	39053b0b 	stmdbcc	r5, {r0, r1, r3, r8, r9, fp, ip, sp}
 120:	0013010b 	andseq	r0, r3, fp, lsl #2
 124:	000d1800 	andeq	r1, sp, r0, lsl #16
 128:	0b3a0e03 	bleq	e8393c <startup-0x1f17c6c4>
 12c:	0b39053b 	bleq	e41620 <startup-0x1f1be9e0>
 130:	0b381349 	bleq	e04e5c <startup-0x1f1fb1a4>
 134:	0d190000 	ldceq	0, cr0, [r9, #-0]
 138:	3a0e0300 	bcc	380d40 <startup-0x1fc7f2c0>
 13c:	39053b0b 	stmdbcc	r5, {r0, r1, r3, r8, r9, fp, ip, sp}
 140:	3813490b 	ldmdacc	r3, {r0, r1, r3, r8, fp, lr}
 144:	1a000005 	bne	160 <startup-0x1ffffea0>
 148:	0e030113 	mcreq	1, 0, r0, cr3, cr3, {0}
 14c:	0b3a0b0b 	bleq	e82d80 <startup-0x1f17d280>
 150:	0b39053b 	bleq	e41644 <startup-0x1f1be9bc>
 154:	00001301 	andeq	r1, r0, r1, lsl #6
 158:	0b01131b 	bleq	44dcc <startup-0x1ffbb234>
 15c:	3b0b3a0b 	blcc	2ce990 <startup-0x1fd31670>
 160:	010b3905 	tsteq	fp, r5, lsl #18
 164:	1c000013 	stcne	0, cr0, [r0], {19}
 168:	0b0b0117 	bleq	2c05cc <startup-0x1fd3fa34>
 16c:	053b0b3a 	ldreq	r0, [fp, #-2874]!	; 0xfffff4c6
 170:	13010b39 	movwne	r0, #6969	; 0x1b39
 174:	0d1d0000 	ldceq	0, cr0, [sp, #-0]
 178:	3a0e0300 	bcc	380d80 <startup-0x1fc7f280>
 17c:	39053b0b 	stmdbcc	r5, {r0, r1, r3, r8, r9, fp, ip, sp}
 180:	0013490b 	andseq	r4, r3, fp, lsl #18
 184:	01151e00 	tsteq	r5, r0, lsl #28
 188:	13011927 	movwne	r1, #6439	; 0x1927
 18c:	341f0000 	ldrcc	r0, [pc], #-0	; 194 <startup-0x1ffffe6c>
 190:	3a0e0300 	bcc	380d98 <startup-0x1fc7f268>
 194:	39053b0b 	stmdbcc	r5, {r0, r1, r3, r8, r9, fp, ip, sp}
 198:	3f13490b 	svccc	0x0013490b
 19c:	00193c19 	andseq	r3, r9, r9, lsl ip
 1a0:	012e2000 			; <UNDEFINED> instruction: 0x012e2000
 1a4:	0e03193f 			; <UNDEFINED> instruction: 0x0e03193f
 1a8:	0b3b0b3a 	bleq	ec2e98 <startup-0x1f13d168>
 1ac:	19270b39 	stmdbne	r7!, {r0, r3, r4, r5, r8, r9, fp}
 1b0:	06120111 			; <UNDEFINED> instruction: 0x06120111
 1b4:	42961840 	addsmi	r1, r6, #64, 16	; 0x400000
 1b8:	00130119 	andseq	r0, r3, r9, lsl r1
 1bc:	00342100 	eorseq	r2, r4, r0, lsl #2
 1c0:	0b3a0803 	bleq	e821d4 <startup-0x1f17de2c>
 1c4:	0b390b3b 	bleq	e42eb8 <startup-0x1f1bd148>
 1c8:	18021349 	stmdane	r2, {r0, r3, r6, r8, r9, ip}
 1cc:	2e220000 	cdpcs	0, 2, cr0, cr2, cr0, {0}
 1d0:	03193f01 	tsteq	r9, #1, 30
 1d4:	3b0b3a0e 	blcc	2cea14 <startup-0x1fd315ec>
 1d8:	270b390b 	strcs	r3, [fp, -fp, lsl #18]
 1dc:	11134919 	tstne	r3, r9, lsl r9
 1e0:	40061201 	andmi	r1, r6, r1, lsl #4
 1e4:	19429618 	stmdbne	r2, {r3, r4, r9, sl, ip, pc}^
 1e8:	00001301 	andeq	r1, r0, r1, lsl #6
 1ec:	03003423 	movweq	r3, #1059	; 0x423
 1f0:	3b0b3a0e 	blcc	2cea30 <startup-0x1fd315d0>
 1f4:	490b390b 	stmdbmi	fp, {r0, r1, r3, r8, fp, ip, sp}
 1f8:	00180213 	andseq	r0, r8, r3, lsl r2
 1fc:	012e2400 			; <UNDEFINED> instruction: 0x012e2400
 200:	0e03193f 			; <UNDEFINED> instruction: 0x0e03193f
 204:	0b3b0b3a 	bleq	ec2ef4 <startup-0x1f13d10c>
 208:	19270b39 	stmdbne	r7!, {r0, r3, r4, r5, r8, r9, fp}
 20c:	06120111 			; <UNDEFINED> instruction: 0x06120111
 210:	42971840 	addsmi	r1, r7, #64, 16	; 0x400000
 214:	00130119 	andseq	r0, r3, r9, lsl r1
 218:	00052500 	andeq	r2, r5, r0, lsl #10
 21c:	0b3a0803 	bleq	e82230 <startup-0x1f17ddd0>
 220:	0b390b3b 	bleq	e42f14 <startup-0x1f1bd0ec>
 224:	18021349 	stmdane	r2, {r0, r3, r6, r8, r9, ip}
 228:	2e260000 	cdpcs	0, 2, cr0, cr6, cr0, {0}
 22c:	03193f00 	tsteq	r9, #0, 30
 230:	3b0b3a0e 	blcc	2cea70 <startup-0x1fd31590>
 234:	270b390b 	strcs	r3, [fp, -fp, lsl #18]
 238:	12011119 	andne	r1, r1, #1073741830	; 0x40000006
 23c:	97184006 	ldrls	r4, [r8, -r6]
 240:	00001942 	andeq	r1, r0, r2, asr #18
 244:	3f012e27 	svccc	0x00012e27
 248:	3a0e0319 	bcc	380eb4 <startup-0x1fc7f14c>
 24c:	390b3b0b 	stmdbcc	fp, {r0, r1, r3, r8, r9, fp, ip, sp}
 250:	4919270b 	ldmdbmi	r9, {r0, r1, r3, r8, r9, sl, sp}
 254:	12011113 	andne	r1, r1, #-1073741820	; 0xc0000004
 258:	97184006 	ldrls	r4, [r8, -r6]
 25c:	13011942 	movwne	r1, #6466	; 0x1942
 260:	Address 0x00000260 is out of bounds.


Disassembly of section .debug_aranges:

00000000 <.debug_aranges>:
   0:	00000024 	andeq	r0, r0, r4, lsr #32
   4:	00000002 	andeq	r0, r0, r2
   8:	00040000 	andeq	r0, r4, r0
   c:	00000000 	andeq	r0, r0, r0
  10:	20000010 	andcs	r0, r0, r0, lsl r0
  14:	00000246 	andeq	r0, r0, r6, asr #4
  18:	20000000 	andcs	r0, r0, r0
  1c:	0000000c 	andeq	r0, r0, ip
	...

Disassembly of section .debug_ranges:

00000000 <.debug_ranges>:
   0:	20000010 	andcs	r0, r0, r0, lsl r0
   4:	20000256 	andcs	r0, r0, r6, asr r2
   8:	20000000 	andcs	r0, r0, r0
   c:	2000000c 	andcs	r0, r0, ip
	...

Disassembly of section .debug_line:

00000000 <.debug_line>:
   0:	0000029b 	muleq	r0, fp, r2
   4:	01010003 	tsteq	r1, r3
   8:	01020000 	mrseq	r0, (UNDEF: 2)
   c:	000d0efb 	strdeq	r0, [sp], -fp
  10:	01010101 	tsteq	r1, r1, lsl #2
  14:	01000000 	mrseq	r0, (UNDEF: 0)
  18:	43010000 	movwmi	r0, #4096	; 0x1000
  1c:	73552f3a 	cmpvc	r5, #58, 30	; 0xe8
  20:	2f737265 	svccs	0x00737265
  24:	6f656874 	svcvs	0x00656874
  28:	6e4f2f64 	cdpvs	15, 4, cr2, cr15, cr4, {3}
  2c:	69724465 	ldmdbvs	r2!, {r0, r2, r5, r6, sl, lr}^
  30:	532f6576 			; <UNDEFINED> instruction: 0x532f6576
  34:	7669726b 	strbtvc	r7, [r9], -fp, ror #4
  38:	64726f62 	ldrbtvs	r6, [r2], #-3938	; 0xfffff09e
  3c:	504f4d2f 	subpl	r4, pc, pc, lsr #26
  40:	62616c2f 	rsbvs	r6, r1, #12032	; 0x2f00
  44:	70552f31 	subsvc	r2, r5, r1, lsr pc
  48:	66696770 			; <UNDEFINED> instruction: 0x66696770
  4c:	63003374 	movwvs	r3, #884	; 0x374
  50:	73635c3a 	cmnvc	r3, #14848	; 0x3a00
  54:	70706165 	rsbsvc	r6, r0, r5, ror #2
  58:	646f635c 	strbtvs	r6, [pc], #-860	; 60 <startup-0x1fffffa0>
  5c:	74696c65 	strbtvc	r6, [r9], #-3173	; 0xfffff39b
  60:	6f745c65 	svcvs	0x00745c65
  64:	5c736c6f 	ldclpl	12, cr6, [r3], #-444	; 0xfffffe44
  68:	2d636367 	stclcs	3, cr6, [r3, #-412]!	; 0xfffffe64
  6c:	5c6d7261 	sfmpl	f7, 2, [sp], #-388	; 0xfffffe7c
  70:	2d6d7261 	sfmcs	f7, 2, [sp, #-388]!	; 0xfffffe7c
  74:	656e6f6e 	strbvs	r6, [lr, #-3950]!	; 0xfffff092
  78:	6261652d 	rsbvs	r6, r1, #188743680	; 0xb400000
  7c:	6e695c69 	cdpvs	12, 6, cr5, cr9, cr9, {3}
  80:	64756c63 	ldrbtvs	r6, [r5], #-3171	; 0xfffff39d
  84:	79735c65 	ldmdbvc	r3!, {r0, r2, r5, r6, sl, fp, ip, lr}^
  88:	3a630073 	bcc	18c025c <startup-0x1e73fda4>
  8c:	6573635c 	ldrbvs	r6, [r3, #-860]!	; 0xfffffca4
  90:	5c707061 	ldclpl	0, cr7, [r0], #-388	; 0xfffffe7c
  94:	65646f63 	strbvs	r6, [r4, #-3939]!	; 0xfffff09d
  98:	6574696c 	ldrbvs	r6, [r4, #-2412]!	; 0xfffff694
  9c:	6f6f745c 	svcvs	0x006f745c
  a0:	675c736c 	ldrbvs	r7, [ip, -ip, ror #6]
  a4:	612d6363 			; <UNDEFINED> instruction: 0x612d6363
  a8:	6c5c6d72 	mrrcvs	13, 7, r6, ip, cr2
  ac:	675c6269 	ldrbvs	r6, [ip, -r9, ror #4]
  b0:	615c6363 	cmpvs	ip, r3, ror #6
  b4:	6e2d6d72 	mcrvs	13, 1, r6, cr13, cr2, {3}
  b8:	2d656e6f 	stclcs	14, cr6, [r5, #-444]!	; 0xfffffe44
  bc:	69626165 	stmdbvs	r2!, {r0, r2, r5, r6, r8, sp, lr}^
  c0:	322e395c 	eorcc	r3, lr, #92, 18	; 0x170000
  c4:	695c312e 	ldmdbvs	ip, {r1, r2, r3, r5, r8, ip, sp}^
  c8:	756c636e 	strbvc	r6, [ip, #-878]!	; 0xfffffc92
  cc:	00006564 	andeq	r6, r0, r4, ror #10
  d0:	72617473 	rsbvc	r7, r1, #1929379840	; 0x73000000
  d4:	2e707574 	mrccs	5, 3, r7, cr0, cr4, {3}
  d8:	00010063 	andeq	r0, r1, r3, rrx
  dc:	636f6c00 	cmnvs	pc, #0, 24
  e0:	00682e6b 	rsbeq	r2, r8, fp, ror #28
  e4:	5f000002 	svcpl	0x00000002
  e8:	65707974 	ldrbvs	r7, [r0, #-2420]!	; 0xfffff68c
  ec:	00682e73 	rsbeq	r2, r8, r3, ror lr
  f0:	73000002 	movwvc	r0, #2
  f4:	65646474 	strbvs	r6, [r4, #-1140]!	; 0xfffffb8c
  f8:	00682e66 	rsbeq	r2, r8, r6, ror #28
  fc:	72000003 	andvc	r0, r0, #3
 100:	746e6565 	strbtvc	r6, [lr], #-1381	; 0xfffffa9b
 104:	0200682e 	andeq	r6, r0, #3014656	; 0x2e0000
 108:	05000000 	streq	r0, [r0, #-0]
 10c:	02050017 	andeq	r0, r5, #23
 110:	20000000 	andcs	r0, r0, r0
 114:	05011303 	streq	r1, [r1, #-771]	; 0xfffffcfd
 118:	21211301 			; <UNDEFINED> instruction: 0x21211301
 11c:	0302212f 	movweq	r2, #8495	; 0x212f
 120:	05010100 	streq	r0, [r1, #-256]	; 0xffffff00
 124:	02050023 	andeq	r0, r5, #35	; 0x23
 128:	20000010 	andcs	r0, r0, r0, lsl r0
 12c:	05011a03 	streq	r1, [r1, #-2563]	; 0xfffff5fd
 130:	1905cb0a 	stmdbne	r5, {r1, r3, r8, r9, fp, lr, pc}
 134:	2e020520 	cfsh32cs	mvfx0, mvfx2, #16
 138:	05210a05 	streq	r0, [r1, #-2565]!	; 0xfffff5fb
 13c:	02052019 	andeq	r2, r5, #25
 140:	210a052e 	tstcs	sl, lr, lsr #10
 144:	05201905 	streq	r1, [r0, #-2309]!	; 0xfffff6fb
 148:	0a052e02 	beq	14b958 <startup-0x1feb46a8>
 14c:	20190521 	andscs	r0, r9, r1, lsr #10
 150:	052e0205 	streq	r0, [lr, #-517]!	; 0xfffffdfb
 154:	1905210a 	stmdbne	r5, {r1, r3, r8, sp}
 158:	2e020520 	cfsh32cs	mvfx0, mvfx2, #16
 15c:	05220105 	streq	r0, [r2, #-261]!	; 0xfffffefb
 160:	06059216 			; <UNDEFINED> instruction: 0x06059216
 164:	2004053e 	andcs	r0, r4, lr, lsr r5
 168:	053d0805 	ldreq	r0, [sp, #-2053]!	; 0xfffff7fb
 16c:	16054a05 	strne	r4, [r5], -r5, lsl #20
 170:	01040200 	mrseq	r0, R12_usr
 174:	2f080520 	svccs	0x00080520
 178:	054a0505 	strbeq	r0, [sl, #-1285]	; 0xfffffafb
 17c:	04020016 	streq	r0, [r2], #-22	; 0xffffffea
 180:	08052001 	stmdaeq	r5, {r0, sp}
 184:	4a05052f 	bmi	141648 <startup-0x1febe9b8>
 188:	02001605 	andeq	r1, r0, #5242880	; 0x500000
 18c:	05200104 	streq	r0, [r0, #-260]!	; 0xfffffefc
 190:	05052f08 	streq	r2, [r5, #-3848]	; 0xfffff0f8
 194:	0016054a 	andseq	r0, r6, sl, asr #10
 198:	20010402 	andcs	r0, r1, r2, lsl #8
 19c:	052f0905 	streq	r0, [pc, #-2309]!	; fffff89f <main+0xdffff671>
 1a0:	14052101 	strne	r2, [r5], #-257	; 0xfffffeff
 1a4:	30020568 	andcc	r0, r2, r8, ror #10
 1a8:	05200e05 	streq	r0, [r0, #-3589]!	; 0xfffff1fb
 1ac:	1b053001 	blne	14c1b8 <startup-0x1feb3e48>
 1b0:	3d100578 	cfldr32cc	mvfx0, [r0, #-480]	; 0xfffffe20
 1b4:	05680a05 	strbeq	r0, [r8, #-2565]!	; 0xfffff5fb
 1b8:	03052e02 	movweq	r2, #24066	; 0x5e02
 1bc:	4b0e0521 	blmi	381648 <startup-0x1fc7e9b8>
 1c0:	054a0605 	strbeq	r0, [sl, #-1541]	; 0xfffff9fb
 1c4:	16053d04 	strne	r3, [r5], -r4, lsl #26
 1c8:	2e11053d 	mrccs	5, 0, r0, cr1, cr13, {1}
 1cc:	05201e05 	streq	r1, [r0, #-3589]!	; 0xfffff1fb
 1d0:	0f052e19 	svceq	0x00052e19
 1d4:	001b0520 	andseq	r0, fp, r0, lsr #10
 1d8:	38020402 	stmdacc	r2, {r1, sl}
 1dc:	02000205 	andeq	r0, r0, #1342177280	; 0x50000000
 1e0:	433c0104 	teqmi	ip, #4, 2
 1e4:	053d0905 	ldreq	r0, [sp, #-2309]!	; 0xfffff6fb
 1e8:	04020001 	streq	r0, [r2], #-1
 1ec:	20052101 	andcs	r2, r5, r1, lsl #2
 1f0:	68020576 	stmdavs	r2, {r1, r2, r4, r5, r6, r8, sl}
 1f4:	05911205 	ldreq	r1, [r1, #517]	; 0x205
 1f8:	12052f03 	andne	r2, r5, #3, 30
 1fc:	2f030521 	svccs	0x00030521
 200:	05211205 	streq	r1, [r1, #-517]!	; 0xfffffdfb
 204:	12052f03 	andne	r2, r5, #3, 30
 208:	2f030521 	svccs	0x00030521
 20c:	05211205 	streq	r1, [r1, #-517]!	; 0xfffffdfb
 210:	12052f03 	andne	r2, r5, #3, 30
 214:	2f030521 	svccs	0x00030521
 218:	05211205 	streq	r1, [r1, #-517]!	; 0xfffffdfb
 21c:	12052f03 	andne	r2, r5, #3, 30
 220:	2f030521 	svccs	0x00030521
 224:	05211205 	streq	r1, [r1, #-517]!	; 0xfffffdfb
 228:	12052f03 	andne	r2, r5, #3, 30
 22c:	2f030521 	svccs	0x00030521
 230:	05211405 	streq	r1, [r1, #-1029]!	; 0xfffffbfb
 234:	14052f03 	strne	r2, [r5], #-3843	; 0xfffff0fd
 238:	2f030521 	svccs	0x00030521
 23c:	05211405 	streq	r1, [r1, #-1029]!	; 0xfffffbfb
 240:	14052f03 	strne	r2, [r5], #-3843	; 0xfffff0fd
 244:	2f030521 	svccs	0x00030521
 248:	05211405 	streq	r1, [r1, #-1029]!	; 0xfffffbfb
 24c:	14052f03 	strne	r2, [r5], #-3843	; 0xfffff0fd
 250:	2f030521 	svccs	0x00030521
 254:	05220205 	streq	r0, [r2, #-517]!	; 0xfffffdfb
 258:	01052010 	tsteq	r5, r0, lsl r0
 25c:	9223053d 	eorls	r0, r3, #255852544	; 0xf400000
 260:	053d0705 	ldreq	r0, [sp, #-1797]!	; 0xfffff8fb
 264:	05053e11 	streq	r3, [r5, #-3601]	; 0xfffff1ef
 268:	30070558 	andcc	r0, r7, r8, asr r5
 26c:	053c0605 	ldreq	r0, [ip, #-1541]!	; 0xfffff9fb
 270:	054d2f0f 	strbeq	r2, [sp, #-3855]	; 0xfffff0f1
 274:	05053e0a 	streq	r3, [r5, #-3594]	; 0xfffff1f6
 278:	4b070530 	blmi	1c1740 <startup-0x1fe3e8c0>
 27c:	053c0605 	ldreq	r0, [ip, #-1541]!	; 0xfffff9fb
 280:	0b052f0f 	bleq	14bec4 <startup-0x1feb413c>
 284:	4d01053d 	cfstr32mi	mvfx0, [r1, #-244]	; 0xffffff0c
 288:	054c1205 	strbeq	r1, [ip, #-517]	; 0xfffffdfb
 28c:	07053f02 	streq	r3, [r5, -r2, lsl #30]
 290:	59060531 	stmdbpl	r6, {r0, r4, r5, r8, sl}
 294:	054b0305 	strbeq	r0, [fp, #-773]	; 0xfffffcfb
 298:	01025605 	tsteq	r2, r5, lsl #12
 29c:	Address 0x0000029c is out of bounds.


Disassembly of section .debug_str:

00000000 <.debug_str>:
   0:	6f73645f 	svcvs	0x0073645f
   4:	6e61685f 	mcrvs	8, 3, r6, cr1, cr15, {2}
   8:	00656c64 	rsbeq	r6, r5, r4, ror #24
   c:	7a69735f 	bvc	1a5cd90 <startup-0x1e5a3270>
  10:	725f0065 	subsvc	r0, pc, #101	; 0x65
  14:	34646e61 	strbtcc	r6, [r4], #-3681	; 0xfffff19f
  18:	655f0038 	ldrbvs	r0, [pc, #-56]	; ffffffe8 <main+0xdffffdba>
  1c:	6772656d 	ldrbvs	r6, [r2, -sp, ror #10]!
  20:	79636e65 	stmdbvc	r3!, {r0, r2, r5, r6, r9, sl, fp, sp, lr}^
  24:	61645f00 	cmnvs	r4, r0, lsl #30
  28:	5f006174 	svcpl	0x00006174
  2c:	74726377 	ldrbtvc	r6, [r2], #-887	; 0xfffffc89
  30:	5f626d6f 	svcpl	0x00626d6f
  34:	74617473 	strbtvc	r7, [r1], #-1139	; 0xfffffb8d
  38:	775f0065 	ldrbvc	r0, [pc, -r5, rrx]
  3c:	74727363 	ldrbtvc	r7, [r2], #-867	; 0xfffffc9d
  40:	73626d6f 	cmnvc	r2, #7104	; 0x1bc0
  44:	6174735f 	cmnvs	r4, pc, asr r3
  48:	6c006574 	cfstr32vs	mvfx6, [r0], {116}	; 0x74
  4c:	20676e6f 	rsbcs	r6, r7, pc, ror #28
  50:	676e6f6c 	strbvs	r6, [lr, -ip, ror #30]!
  54:	736e7520 	cmnvc	lr, #32, 10	; 0x8000000
  58:	656e6769 	strbvs	r6, [lr, #-1897]!	; 0xfffff897
  5c:	6e692064 	cdpvs	0, 6, cr2, cr9, cr4, {3}
  60:	6c5f0074 	mrrcvs	0, 7, r0, pc, cr4	; <UNPREDICTABLE>
  64:	69736662 	ldmdbvs	r3!, {r1, r5, r6, r9, sl, sp, lr}^
  68:	5f00657a 	svcpl	0x0000657a
  6c:	636f6c5f 	cmnvs	pc, #24320	; 0x5f00
  70:	5f656c61 	svcpl	0x00656c61
  74:	6d5f0074 	ldclvs	0, cr0, [pc, #-464]	; fffffeac <main+0xdffffc7e>
  78:	6f747262 	svcvs	0x00747262
  7c:	735f6377 	cmpvc	pc, #-603979775	; 0xdc000001
  80:	65746174 	ldrbvs	r6, [r4, #-372]!	; 0xfffffe8c
  84:	745f5f00 	ldrbvc	r5, [pc], #-3840	; 8c <startup-0x1fffff74>
  88:	65735f6d 	ldrbvs	r5, [r3, #-3949]!	; 0xfffff093
  8c:	6f6c0063 	svcvs	0x006c0063
  90:	6c20676e 	stcvs	7, cr6, [r0], #-440	; 0xfffffe48
  94:	20676e6f 	rsbcs	r6, r7, pc, ror #28
  98:	00746e69 	rsbseq	r6, r4, r9, ror #28
  9c:	7562755f 	strbvc	r7, [r2, #-1375]!	; 0xfffffaa1
  a0:	626b0066 	rsbvs	r0, fp, #102	; 0x66
  a4:	74654764 	strbtvc	r4, [r5], #-1892	; 0xfffff89c
  a8:	006c6f43 	rsbeq	r6, ip, r3, asr #30
  ac:	7361625f 	cmnvc	r1, #-268435451	; 0xf0000005
  b0:	5f5f0065 	svcpl	0x005f0065
  b4:	685f6d74 	ldmdavs	pc, {r2, r4, r5, r6, r8, sl, fp, sp, lr}^	; <UNPREDICTABLE>
  b8:	0072756f 	rsbseq	r7, r2, pc, ror #10
  bc:	66735f5f 	uhsaxvs	r5, r3, pc	; <UNPREDICTABLE>
  c0:	6e6f5f00 	cdpvs	15, 6, cr5, cr15, cr0, {0}
  c4:	6978655f 	ldmdbvs	r8!, {r0, r1, r2, r3, r4, r6, r8, sl, sp, lr}^
  c8:	72615f74 	rsbvc	r5, r1, #116, 30	; 0x1d0
  cc:	5f007367 	svcpl	0x00007367
  d0:	6b6f6f63 	blvs	1bdbe64 <startup-0x1e42419c>
  d4:	5f006569 	svcpl	0x00006569
  d8:	6c67735f 	stclvs	3, cr7, [r7], #-380	; 0xfffffe84
  dc:	5f006575 	svcpl	0x00006575
  e0:	67616c66 	strbvs	r6, [r1, -r6, ror #24]!
  e4:	695f0073 	ldmdbvs	pc, {r0, r1, r4, r5, r6}^	; <UNPREDICTABLE>
  e8:	78635f73 	stmdavc	r3!, {r0, r1, r4, r5, r6, r8, r9, sl, fp, ip, lr}^
  ec:	735f0061 	cmpvc	pc, #97	; 0x61
  f0:	6e696474 	mcrvs	4, 3, r6, cr9, cr4, {3}
  f4:	6c625f00 	stclvs	15, cr5, [r2], #-0
  f8:	7a69736b 	bvc	1a5ceac <startup-0x1e5a3154>
  fc:	656b0065 	strbvs	r0, [fp, #-101]!	; 0xffffff9b
 100:	735f6279 	cmpvc	pc, #-1879048185	; 0x90000007
 104:	65746174 	ldrbvs	r6, [r4, #-372]!	; 0xfffffe8c
 108:	76635f00 	strbtvc	r5, [r3], -r0, lsl #30
 10c:	66756274 			; <UNDEFINED> instruction: 0x66756274
 110:	666f5f00 	strbtvs	r5, [pc], -r0, lsl #30
 114:	74657366 	strbtvc	r7, [r5], #-870	; 0xfffffc9a
 118:	626d5f00 	rsbvs	r5, sp, #0, 30
 11c:	6f747273 	svcvs	0x00747273
 120:	5f736377 	svcpl	0x00736377
 124:	74617473 	strbtvc	r7, [r1], #-1139	; 0xfffffb8d
 128:	6d5f0065 	ldclvs	0, cr0, [pc, #-404]	; ffffff9c <main+0xdffffd6e>
 12c:	656c7262 	strbvs	r7, [ip, #-610]!	; 0xfffffd9e
 130:	74735f6e 	ldrbtvc	r5, [r3], #-3950	; 0xfffff092
 134:	00657461 	rsbeq	r7, r5, r1, ror #8
 138:	616e665f 	cmnvs	lr, pc, asr r6
 13c:	00736772 	rsbseq	r6, r3, r2, ror r7
 140:	736e665f 	cmnvc	lr, #99614720	; 0x5f00000
 144:	69735f00 	ldmdbvs	r3!, {r8, r9, sl, fp, ip, lr}^
 148:	5f006e67 	svcpl	0x00006e67
 14c:	636f6c66 	cmnvs	pc, #26112	; 0x6600
 150:	00745f6b 	rsbseq	r5, r4, fp, ror #30
 154:	6474735f 	ldrbtvs	r7, [r4], #-863	; 0xfffffca1
 158:	00727265 	rsbseq	r7, r2, r5, ror #4
 15c:	6769425f 			; <UNDEFINED> instruction: 0x6769425f
 160:	00746e69 	rsbseq	r6, r4, r9, ror #28
 164:	6d61675f 	stclvs	7, cr6, [r1, #-380]!	; 0xfffffe84
 168:	735f616d 	cmpvc	pc, #1073741851	; 0x4000001b
 16c:	676e6769 	strbvs	r6, [lr, -r9, ror #14]!
 170:	5f006d61 	svcpl	0x00006d61
 174:	64616572 	strbtvs	r6, [r1], #-1394	; 0xfffffa8e
 178:	65725f00 	ldrbvs	r5, [r2, #-3840]!	; 0xfffff100
 17c:	746c7573 	strbtvc	r7, [ip], #-1395	; 0xfffffa8d
 180:	5f006b5f 	svcpl	0x00006b5f
 184:	006d745f 	rsbeq	r7, sp, pc, asr r4
 188:	63775f5f 	cmnvs	r7, #380	; 0x17c
 18c:	5f006268 	svcpl	0x00006268
 190:	6f647473 	svcvs	0x00647473
 194:	5f007475 	svcpl	0x00007475
 198:	6c747663 	ldclvs	6, cr7, [r4], #-396	; 0xfffffe74
 19c:	5f006e65 	svcpl	0x00006e65
 1a0:	656c6966 	strbvs	r6, [ip, #-2406]!	; 0xfffff69a
 1a4:	74756f00 	ldrbtvc	r6, [r5], #-3840	; 0xfffff100
 1a8:	67657337 			; <UNDEFINED> instruction: 0x67657337
 1ac:	2f3a4300 	svccs	0x003a4300
 1b0:	72657355 	rsbvc	r7, r5, #1409286145	; 0x54000001
 1b4:	68742f73 	ldmdavs	r4!, {r0, r1, r4, r5, r6, r8, r9, sl, fp, sp}^
 1b8:	2f646f65 	svccs	0x00646f65
 1bc:	44656e4f 	strbtmi	r6, [r5], #-3663	; 0xfffff1b1
 1c0:	65766972 	ldrbvs	r6, [r6, #-2418]!	; 0xfffff68e
 1c4:	726b532f 	rsbvc	r5, fp, #-1140850688	; 0xbc000000
 1c8:	6f627669 	svcvs	0x00627669
 1cc:	4d2f6472 	cfstrsmi	mvf6, [pc, #-456]!	; c <startup-0x1ffffff4>
 1d0:	6c2f504f 	stcvs	0, cr5, [pc], #-316	; 9c <startup-0x1fffff64>
 1d4:	2f316261 	svccs	0x00316261
 1d8:	67707055 			; <UNDEFINED> instruction: 0x67707055
 1dc:	33746669 	cmncc	r4, #110100480	; 0x6900000
 1e0:	6174732f 	cmnvs	r4, pc, lsr #6
 1e4:	70757472 	rsbsvc	r7, r5, r2, ror r4
 1e8:	5f00632e 	svcpl	0x0000632e
 1ec:	626f696e 	rsbvs	r6, pc, #1802240	; 0x1b8000
 1f0:	68730073 	ldmdavs	r3!, {r0, r1, r4, r5, r6}^
 1f4:	2074726f 	rsbscs	r7, r4, pc, ror #4
 1f8:	69736e75 	ldmdbvs	r3!, {r0, r2, r4, r5, r6, r9, sl, fp, sp, lr}^
 1fc:	64656e67 	strbtvs	r6, [r5], #-3687	; 0xfffff199
 200:	746e6920 	strbtvc	r6, [lr], #-2336	; 0xfffff6e0
 204:	74615f00 	strbtvc	r5, [r1], #-3840	; 0xfffff100
 208:	74697865 	strbtvc	r7, [r9], #-2149	; 0xfffff79b
 20c:	735f0030 	cmpvc	pc, #48	; 0x30
 210:	616e6769 	cmnvs	lr, r9, ror #14
 214:	75625f6c 	strbvc	r5, [r2, #-3948]!	; 0xfffff094
 218:	615f0066 	cmpvs	pc, r6, rrx
 21c:	69746373 	ldmdbvs	r4!, {r0, r1, r4, r5, r6, r8, r9, sp, lr}^
 220:	625f656d 	subsvs	r6, pc, #457179136	; 0x1b400000
 224:	5f006675 	svcpl	0x00006675
 228:	75736572 	ldrbvc	r6, [r3, #-1394]!	; 0xfffffa8e
 22c:	5f00746c 	svcpl	0x0000746c
 230:	6863775f 	stmdavs	r3!, {r0, r1, r2, r3, r4, r6, r8, r9, sl, ip, sp, lr}^
 234:	4f4c5f00 	svcmi	0x004c5f00
 238:	545f4b43 	ldrbpl	r4, [pc], #-2883	; 240 <startup-0x1ffffdc0>
 23c:	6e697700 	cdpvs	7, 6, cr7, cr9, cr0, {0}
 240:	00745f74 	rsbseq	r5, r4, r4, ror pc
 244:	5f707061 	svcpl	0x00707061
 248:	74696e69 	strbtvc	r6, [r9], #-3689	; 0xfffff197
 24c:	6c665f00 	stclvs	15, cr5, [r6], #-0
 250:	32736761 	rsbscc	r6, r3, #25427968	; 0x1840000
 254:	72775f00 	rsbsvc	r5, r7, #0, 30
 258:	00657469 	rsbeq	r7, r5, r9, ror #8
 25c:	6d745f5f 	ldclvs	15, cr5, [r4, #-380]!	; 0xfffffe84
 260:	6165795f 	cmnvs	r5, pc, asr r9
 264:	756f0072 	strbvc	r0, [pc, #-114]!	; 1fa <startup-0x1ffffe06>
 268:	74757074 	ldrbtvc	r7, [r5], #-116	; 0xffffff8c
 26c:	6d6e5f00 	stclvs	15, cr5, [lr, #-0]
 270:	6f6c6c61 	svcvs	0x006c6c61
 274:	6e5f0063 	cdpvs	0, 5, cr0, cr15, cr3, {3}
 278:	66747865 	ldrbtvs	r7, [r4], -r5, ror #16
 27c:	79656b00 	stmdbvc	r5!, {r8, r9, fp, sp, lr}^
 280:	5f5f0062 	svcpl	0x005f0062
 284:	6d5f6d74 	ldclvs	13, cr6, [pc, #-464]	; bc <startup-0x1fffff44>
 288:	6b006e6f 	blvs	1bc4c <startup-0x1ffe43b4>
 28c:	63416462 	movtvs	r6, #5218	; 0x1462
 290:	61766974 	cmnvs	r6, r4, ror r9
 294:	5f006574 	svcpl	0x00006574
 298:	78657461 	stmdavc	r5!, {r0, r5, r6, sl, ip, sp, lr}^
 29c:	5f007469 	svcpl	0x00007469
 2a0:	6964735f 	stmdbvs	r4!, {r0, r1, r2, r3, r4, r6, r8, r9, ip, sp, lr}^
 2a4:	696e6964 	stmdbvs	lr!, {r2, r5, r6, r8, fp, sp, lr}^
 2a8:	6f5f0074 	svcvs	0x005f0074
 2ac:	745f6666 	ldrbvc	r6, [pc], #-1638	; 2b4 <startup-0x1ffffd4c>
 2b0:	72665f00 	rsbvc	r5, r6, #0, 30
 2b4:	696c6565 	stmdbvs	ip!, {r0, r2, r5, r6, r8, sl, sp, lr}^
 2b8:	5f007473 	svcpl	0x00007473
 2bc:	6f746377 	svcvs	0x00746377
 2c0:	735f626d 	cmpvc	pc, #-805306362	; 0xd0000006
 2c4:	65746174 	ldrbvs	r6, [r4, #-372]!	; 0xfffffe8c
 2c8:	6f425f00 	svcvs	0x00425f00
 2cc:	75006c6f 	strvc	r6, [r0, #-3183]	; 0xfffff391
 2d0:	6769736e 	strbvs	r7, [r9, -lr, ror #6]!
 2d4:	2064656e 	rsbcs	r6, r4, lr, ror #10
 2d8:	72616863 	rsbvc	r6, r1, #6488064	; 0x630000
 2dc:	656e5f00 	strbvs	r5, [lr, #-3840]!	; 0xfffff100
 2e0:	685f0077 	ldmdavs	pc, {r0, r1, r2, r4, r5, r6}^	; <UNPREDICTABLE>
 2e4:	7272655f 	rsbsvc	r6, r2, #398458880	; 0x17c00000
 2e8:	73006f6e 	movwvc	r6, #3950	; 0xf6e
 2ec:	74726f68 	ldrbtvc	r6, [r2], #-3944	; 0xfffff098
 2f0:	746e6920 	strbtvc	r6, [lr], #-2336	; 0xfffff6e0
 2f4:	745f5f00 	ldrbvc	r5, [pc], #-3840	; 2fc <startup-0x1ffffd04>
 2f8:	64795f6d 	ldrbtvs	r5, [r9], #-3949	; 0xfffff093
 2fc:	5f007961 	svcpl	0x00007961
 300:	7562735f 	strbvc	r7, [r2, #-863]!	; 0xfffffca1
 304:	695f0066 	ldmdbvs	pc, {r1, r2, r5, r6}^	; <UNPREDICTABLE>
 308:	0073626f 	rsbseq	r6, r3, pc, ror #4
 30c:	49465f5f 	stmdbmi	r6, {r0, r1, r2, r3, r4, r6, r8, r9, sl, fp, ip, lr}^
 310:	5f00454c 	svcpl	0x0000454c
 314:	7473626d 	ldrbtvc	r6, [r3], #-621	; 0xfffffd93
 318:	5f657461 	svcpl	0x00657461
 31c:	5f5f0074 	svcpl	0x005f0074
 320:	4c494673 	mcrrmi	6, 7, r4, r9, cr3
 324:	6d5f0045 	ldclvs	0, cr0, [pc, #-276]	; 218 <startup-0x1ffffde8>
 328:	61747362 	cmnvs	r4, r2, ror #6
 32c:	5f006574 	svcpl	0x00006574
 330:	646e6172 	strbtvs	r6, [lr], #-370	; 0xfffffe8e
 334:	78656e5f 	stmdavc	r5!, {r0, r1, r2, r3, r4, r6, r9, sl, fp, sp, lr}^
 338:	6d5f0074 	ldclvs	0, cr0, [pc, #-464]	; 170 <startup-0x1ffffe90>
 33c:	6e656c62 	cdpvs	12, 6, cr6, cr5, cr2, {3}
 340:	6174735f 	cmnvs	r4, pc, asr r3
 344:	5f006574 	svcpl	0x00006574
 348:	00636e69 	rsbeq	r6, r3, r9, ror #28
 34c:	646e695f 	strbtvs	r6, [lr], #-2399	; 0xfffff6a1
 350:	5c3a4300 	ldcpl	3, cr4, [sl], #-0
 354:	72657355 	rsbvc	r7, r5, #1409286145	; 0x54000001
 358:	68745c73 	ldmdavs	r4!, {r0, r1, r4, r5, r6, sl, fp, ip, lr}^
 35c:	5c646f65 	stclpl	15, cr6, [r4], #-404	; 0xfffffe6c
 360:	44656e4f 	strbtmi	r6, [r5], #-3663	; 0xfffff1b1
 364:	65766972 	ldrbvs	r6, [r6, #-2418]!	; 0xfffff68e
 368:	726b535c 	rsbvc	r5, fp, #92, 6	; 0x70000001
 36c:	6f627669 	svcvs	0x00627669
 370:	4d5c6472 	cfldrdmi	mvd6, [ip, #-456]	; 0xfffffe38
 374:	6c5c504f 	mrrcvs	0, 4, r5, ip, cr15
 378:	5c316261 	lfmpl	f6, 4, [r1], #-388	; 0xfffffe7c
 37c:	67707055 			; <UNDEFINED> instruction: 0x67707055
 380:	33746669 	cmncc	r4, #110100480	; 0x6900000
 384:	6f6c5f00 	svcvs	0x006c5f00
 388:	656c6163 	strbvs	r6, [ip, #-355]!	; 0xfffffe9d
 38c:	635f5f00 	cmpvs	pc, #0, 30
 390:	6e61656c 	cdpvs	5, 6, cr6, cr1, cr12, {3}
 394:	5f007075 	svcpl	0x00007075
 398:	70736e75 	rsbsvc	r6, r3, r5, ror lr
 39c:	66696365 	strbtvs	r6, [r9], -r5, ror #6
 3a0:	5f646569 	svcpl	0x00646569
 3a4:	61636f6c 	cmnvs	r3, ip, ror #30
 3a8:	695f656c 	ldmdbvs	pc, {r2, r3, r5, r6, r8, sl, sp, lr}^	; <UNPREDICTABLE>
 3ac:	006f666e 	rsbeq	r6, pc, lr, ror #12
 3b0:	78616d5f 	stmdavc	r1!, {r0, r1, r2, r3, r4, r6, r8, sl, fp, sp, lr}^
 3b4:	00736477 	rsbseq	r6, r3, r7, ror r4
 3b8:	6565725f 	strbvs	r7, [r5, #-607]!	; 0xfffffda1
 3bc:	5f00746e 	svcpl	0x0000746e
 3c0:	64656573 	strbtvs	r6, [r5], #-1395	; 0xfffffa8d
 3c4:	635f5f00 	cmpvs	pc, #0, 30
 3c8:	746e756f 	strbtvc	r7, [lr], #-1391	; 0xfffffa91
 3cc:	6c5f5f00 	mrrcvs	15, 0, r5, pc, cr0	; <UNPREDICTABLE>
 3d0:	006b636f 	rsbeq	r6, fp, pc, ror #6
 3d4:	61765f5f 	cmnvs	r6, pc, asr pc
 3d8:	0065756c 	rsbeq	r7, r5, ip, ror #10
 3dc:	6565735f 	strbvs	r7, [r5, #-863]!	; 0xfffffca1
 3e0:	665f006b 	ldrbvs	r0, [pc], -fp, rrx
 3e4:	5f736f70 	svcpl	0x00736f70
 3e8:	5f5f0074 	svcpl	0x005f0074
 3ec:	6d5f6d74 	ldclvs	13, cr6, [pc, #-464]	; 224 <startup-0x1ffffddc>
 3f0:	73006e69 	movwvc	r6, #3689	; 0xe69
 3f4:	74726174 	ldrbtvc	r6, [r2], #-372	; 0xfffffe8c
 3f8:	5f007075 	svcpl	0x00007075
 3fc:	746c756d 	strbtvc	r7, [ip], #-1389	; 0xfffffa93
 400:	74735f00 	ldrbtvc	r5, [r3], #-3840	; 0xfffff100
 404:	6b6f7472 	blvs	1bdd5d4 <startup-0x1e422a2c>
 408:	73616c5f 	cmnvc	r1, #24320	; 0x5f00
 40c:	665f0074 			; <UNDEFINED> instruction: 0x665f0074
 410:	7079746e 	rsbsvc	r7, r9, lr, ror #8
 414:	5f007365 	svcpl	0x00007365
 418:	00646461 	rsbeq	r6, r4, r1, ror #8
 41c:	4c555f5f 	mrrcmi	15, 5, r5, r5, cr15	; <UNPREDICTABLE>
 420:	00676e6f 	rsbeq	r6, r7, pc, ror #28
 424:	7465675f 	strbtvc	r6, [r5], #-1887	; 0xfffff8a1
 428:	65746164 	ldrbvs	r6, [r4, #-356]!	; 0xfffffe9c
 42c:	7272655f 	rsbsvc	r6, r2, #398458880	; 0x17c00000
 430:	79656b00 	stmdbvc	r5!, {r8, r9, fp, sp, lr}^
 434:	6e655f62 	cdpvs	15, 6, cr5, cr5, cr2, {3}
 438:	636e6168 	cmnvs	lr, #104, 2
 43c:	5f006465 	svcpl	0x00006465
 440:	626f6c67 	rsbvs	r6, pc, #26368	; 0x6700
 444:	695f6c61 	ldmdbvs	pc, {r0, r5, r6, sl, fp, sp, lr}^	; <UNPREDICTABLE>
 448:	7275706d 	rsbsvc	r7, r5, #109	; 0x6d
 44c:	74705f65 	ldrbtvc	r5, [r0], #-3941	; 0xfffff09b
 450:	755f0072 	ldrbvc	r0, [pc, #-114]	; 3e6 <startup-0x1ffffc1a>
 454:	6573756e 	ldrbvs	r7, [r3, #-1390]!	; 0xfffffa92
 458:	61725f64 	cmnvs	r2, r4, ror #30
 45c:	5f00646e 	svcpl	0x0000646e
 460:	00736477 	rsbseq	r6, r3, r7, ror r4
 464:	6d745f5f 	ldclvs	15, cr5, [r4, #-380]!	; 0xfffffe84
 468:	6164775f 	cmnvs	r4, pc, asr r7
 46c:	675f0079 			; <UNDEFINED> instruction: 0x675f0079
 470:	0065756c 	rsbeq	r7, r5, ip, ror #10
 474:	20554e47 	subscs	r4, r5, r7, asr #28
 478:	20393943 	eorscs	r3, r9, r3, asr #18
 47c:	2e322e39 	mrccs	14, 1, r2, cr2, cr9, {1}
 480:	30322031 	eorscc	r2, r2, r1, lsr r0
 484:	30313931 	eorscc	r3, r1, r1, lsr r9
 488:	28203532 	stmdacs	r0!, {r1, r4, r5, r8, sl, ip, sp}
 48c:	656c6572 	strbvs	r6, [ip, #-1394]!	; 0xfffffa8e
 490:	29657361 	stmdbcs	r5!, {r0, r5, r6, r8, r9, ip, sp, lr}^
 494:	52415b20 	subpl	r5, r1, #32, 22	; 0x8000
 498:	72612f4d 	rsbvc	r2, r1, #308	; 0x134
 49c:	2d392d6d 	ldccs	13, cr2, [r9, #-436]!	; 0xfffffe4c
 4a0:	6e617262 	cdpvs	2, 6, cr7, cr1, cr2, {3}
 4a4:	72206863 	eorvc	r6, r0, #6488064	; 0x630000
 4a8:	73697665 	cmnvc	r9, #105906176	; 0x6500000
 4ac:	206e6f69 	rsbcs	r6, lr, r9, ror #30
 4b0:	35373732 	ldrcc	r3, [r7, #-1842]!	; 0xfffff8ce
 4b4:	205d3939 	subscs	r3, sp, r9, lsr r9
 4b8:	68746d2d 	ldmdavs	r4!, {r0, r2, r3, r5, r8, sl, fp, sp, lr}^
 4bc:	20626d75 	rsbcs	r6, r2, r5, ror sp
 4c0:	6c666d2d 	stclvs	13, cr6, [r6], #-180	; 0xffffff4c
 4c4:	2d74616f 	ldfcse	f6, [r4, #-444]!	; 0xfffffe44
 4c8:	3d696261 	sfmcc	f6, 2, [r9, #-388]!	; 0xfffffe7c
 4cc:	74666f73 	strbtvc	r6, [r6], #-3955	; 0xfffff08d
 4d0:	616d2d20 	cmnvs	sp, r0, lsr #26
 4d4:	3d686372 	stclcc	3, cr6, [r8, #-456]!	; 0xfffffe38
 4d8:	766d7261 	strbtvc	r7, [sp], -r1, ror #4
 4dc:	206d2d36 	rsbcs	r2, sp, r6, lsr sp
 4e0:	2d20672d 	stccs	7, cr6, [r0, #-180]!	; 0xffffff4c
 4e4:	2d20304f 	stccs	0, cr3, [r0, #-316]!	; 0xfffffec4
 4e8:	3d647473 	cfstrdcc	mvd7, [r4, #-460]!	; 0xfffffe34
 4ec:	00393963 	eorseq	r3, r9, r3, ror #18
 4f0:	34366c5f 	ldrtcc	r6, [r6], #-3167	; 0xfffff3a1
 4f4:	75625f61 	strbvc	r5, [r2, #-3937]!	; 0xfffff09f
 4f8:	735f0066 	cmpvc	pc, #102	; 0x66
 4fc:	665f6769 	ldrbvs	r6, [pc], -r9, ror #14
 500:	00636e75 	rsbeq	r6, r3, r5, ror lr
 504:	75626e5f 	strbvc	r6, [r2, #-3679]!	; 0xfffff1a1
 508:	755f0066 	ldrbvc	r0, [pc, #-102]	; 4aa <startup-0x1ffffb56>
 50c:	6573756e 	ldrbvs	r7, [r3, #-1390]!	; 0xfffffa92
 510:	5f5f0064 	svcpl	0x005f0064
 514:	695f6d74 	ldmdbvs	pc, {r2, r4, r5, r6, r8, sl, fp, sp, lr}^	; <UNPREDICTABLE>
 518:	74736473 	ldrbtvc	r6, [r3], #-1139	; 0xfffffb8d
 51c:	6f6c5f00 	svcvs	0x006c5f00
 520:	746c6163 	strbtvc	r6, [ip], #-355	; 0xfffffe9d
 524:	5f656d69 	svcpl	0x00656d69
 528:	00667562 	rsbeq	r7, r6, r2, ror #10
 52c:	6f6c635f 	svcvs	0x006c635f
 530:	5f006573 	svcpl	0x00006573
 534:	00383472 	eorseq	r3, r8, r2, ror r4
 538:	74626d5f 	strbtvc	r6, [r2], #-3423	; 0xfffff2a1
 53c:	5f63776f 	svcpl	0x0063776f
 540:	74617473 	strbtvc	r7, [r1], #-1139	; 0xfffffb8d
 544:	705f0065 	subsvc	r0, pc, r5, rrx
 548:	6d007335 	stcvs	3, cr7, [r0, #-212]	; 0xffffff2c
 54c:	006e6961 	rsbeq	r6, lr, r1, ror #18
 550:	6d745f5f 	ldclvs	15, cr5, [r4, #-380]!	; 0xfffffe84
 554:	61646d5f 	cmnvs	r4, pc, asr sp
 558:	Address 0x00000558 is out of bounds.


Disassembly of section .comment:

00000000 <.comment>:
   0:	3a434347 	bcc	10d0d24 <startup-0x1ef2f2dc>
   4:	4e472820 	cdpmi	8, 4, cr2, cr7, cr0, {1}
   8:	6f542055 	svcvs	0x00542055
   c:	20736c6f 	rsbscs	r6, r3, pc, ror #24
  10:	20726f66 	rsbscs	r6, r2, r6, ror #30
  14:	206d7241 	rsbcs	r7, sp, r1, asr #4
  18:	65626d45 	strbvs	r6, [r2, #-3397]!	; 0xfffff2bb
  1c:	64656464 	strbtvs	r6, [r5], #-1124	; 0xfffffb9c
  20:	6f725020 	svcvs	0x00725020
  24:	73736563 	cmnvc	r3, #415236096	; 0x18c00000
  28:	2073726f 	rsbscs	r7, r3, pc, ror #4
  2c:	30322d39 	eorscc	r2, r2, r9, lsr sp
  30:	712d3931 			; <UNDEFINED> instruction: 0x712d3931
  34:	616d2d34 	cmnvs	sp, r4, lsr sp
  38:	29726f6a 	ldmdbcs	r2!, {r1, r3, r5, r6, r8, r9, sl, fp, sp, lr}^
  3c:	322e3920 	eorcc	r3, lr, #32, 18	; 0x80000
  40:	3220312e 	eorcc	r3, r0, #-2147483637	; 0x8000000b
  44:	31393130 	teqcc	r9, r0, lsr r1
  48:	20353230 	eorscs	r3, r5, r0, lsr r2
  4c:	6c657228 	sfmvs	f7, 2, [r5], #-160	; 0xffffff60
  50:	65736165 	ldrbvs	r6, [r3, #-357]!	; 0xfffffe9b
  54:	415b2029 	cmpmi	fp, r9, lsr #32
  58:	612f4d52 			; <UNDEFINED> instruction: 0x612f4d52
  5c:	392d6d72 	pushcc	{r1, r4, r5, r6, r8, sl, fp, sp, lr}
  60:	6172622d 	cmnvs	r2, sp, lsr #4
  64:	2068636e 	rsbcs	r6, r8, lr, ror #6
  68:	69766572 	ldmdbvs	r6!, {r1, r4, r5, r6, r8, sl, sp, lr}^
  6c:	6e6f6973 			; <UNDEFINED> instruction: 0x6e6f6973
  70:	37373220 	ldrcc	r3, [r7, -r0, lsr #4]!
  74:	5d393935 			; <UNDEFINED> instruction: 0x5d393935
	...

Disassembly of section .ARM.attributes:

00000000 <.ARM.attributes>:
   0:	00002a41 	andeq	r2, r0, r1, asr #20
   4:	61656100 	cmnvs	r5, r0, lsl #2
   8:	01006962 	tsteq	r0, r2, ror #18
   c:	00000020 	andeq	r0, r0, r0, lsr #32
  10:	4d2d3605 	stcmi	6, cr3, [sp, #-20]!	; 0xffffffec
  14:	070b0600 	streq	r0, [fp, -r0, lsl #12]
  18:	1201094d 	andne	r0, r1, #1261568	; 0x134000
  1c:	15011404 	strne	r1, [r1, #-1028]	; 0xfffffbfc
  20:	18031701 	stmdane	r3, {r0, r8, r9, sl, ip}
  24:	1a011901 	bne	46430 <startup-0x1ffb9bd0>
  28:	Address 0x00000028 is out of bounds.


Disassembly of section .debug_frame:

00000000 <.debug_frame>:
   0:	0000000c 	andeq	r0, r0, ip
   4:	ffffffff 			; <UNDEFINED> instruction: 0xffffffff
   8:	7c020001 	stcvc	0, cr0, [r2], {1}
   c:	000d0c0e 	andeq	r0, sp, lr, lsl #24
  10:	0000000c 	andeq	r0, r0, ip
  14:	00000000 	andeq	r0, r0, r0
  18:	20000000 	andcs	r0, r0, r0
  1c:	0000000c 	andeq	r0, r0, ip
  20:	0000001c 	andeq	r0, r0, ip, lsl r0
  24:	00000000 	andeq	r0, r0, r0
  28:	20000010 	andcs	r0, r0, r0, lsl r0
  2c:	00000054 	andeq	r0, r0, r4, asr r0
  30:	87080e41 	strhi	r0, [r8, -r1, asr #28]
  34:	41018e02 	tstmi	r1, r2, lsl #28
  38:	0d41100e 	stcleq	0, cr1, [r1, #-56]	; 0xffffffc8
  3c:	00000007 	andeq	r0, r0, r7
  40:	0000001c 	andeq	r0, r0, ip, lsl r0
  44:	00000000 	andeq	r0, r0, r0
  48:	20000064 	andcs	r0, r0, r4, rrx
  4c:	00000054 	andeq	r0, r0, r4, asr r0
  50:	87080e41 	strhi	r0, [r8, -r1, asr #28]
  54:	41018e02 	tstmi	r1, r2, lsl #28
  58:	0d41100e 	stcleq	0, cr1, [r1, #-56]	; 0xffffffc8
  5c:	00000007 	andeq	r0, r0, r7
  60:	00000018 	andeq	r0, r0, r8, lsl r0
  64:	00000000 	andeq	r0, r0, r0
  68:	200000b8 	strhcs	r0, [r0], -r8
  6c:	00000018 	andeq	r0, r0, r8, lsl r0
  70:	87080e41 	strhi	r0, [r8, -r1, asr #28]
  74:	41018e02 	tstmi	r1, r2, lsl #28
  78:	0000070d 	andeq	r0, r0, sp, lsl #14
  7c:	0000001c 	andeq	r0, r0, ip, lsl r0
  80:	00000000 	andeq	r0, r0, r0
  84:	200000d0 	ldrdcs	r0, [r0], -r0	; <UNPREDICTABLE>
  88:	00000068 	andeq	r0, r0, r8, rrx
  8c:	840c0e41 	strhi	r0, [ip], #-3649	; 0xfffff1bf
  90:	8e028703 	cdphi	7, 0, cr8, cr2, cr3, {0}
  94:	280e4101 	stmdacs	lr, {r0, r8, lr}
  98:	00070d41 	andeq	r0, r7, r1, asr #26
  9c:	0000001c 	andeq	r0, r0, ip, lsl r0
  a0:	00000000 	andeq	r0, r0, r0
  a4:	20000138 	andcs	r0, r0, r8, lsr r1
  a8:	00000098 	muleq	r0, r8, r0
  ac:	87080e41 	strhi	r0, [r8, -r1, asr #28]
  b0:	41018e02 	tstmi	r1, r2, lsl #28
  b4:	0d41180e 	stcleq	8, cr1, [r1, #-56]	; 0xffffffc8
  b8:	00000007 	andeq	r0, r0, r7
  bc:	0000001c 	andeq	r0, r0, ip, lsl r0
  c0:	00000000 	andeq	r0, r0, r0
  c4:	200001d0 	ldrdcs	r0, [r0], -r0	; <UNPREDICTABLE>
  c8:	0000005e 	andeq	r0, r0, lr, asr r0
  cc:	87080e41 	strhi	r0, [r8, -r1, asr #28]
  d0:	41018e02 	tstmi	r1, r2, lsl #28
  d4:	0d41100e 	stcleq	0, cr1, [r1, #-56]	; 0xffffffc8
  d8:	00000007 	andeq	r0, r0, r7
  dc:	0000001c 	andeq	r0, r0, ip, lsl r0
  e0:	00000000 	andeq	r0, r0, r0
  e4:	2000022e 	andcs	r0, r0, lr, lsr #4
  e8:	00000028 	andeq	r0, r0, r8, lsr #32
  ec:	840c0e41 	strhi	r0, [ip], #-3649	; 0xfffff1bf
  f0:	8e028703 	cdphi	7, 0, cr8, cr2, cr3, {0}
  f4:	180e4101 	stmdane	lr, {r0, r8, lr}
  f8:	00070d41 	andeq	r0, r7, r1, asr #26
